#
# A fatal error has been detected by the Java Runtime Environment:
#
#  SIGSEGV (0xb) at pc=0x00007f717e323c40, pid=19349, tid=19367
#
# JRE version: OpenJDK Runtime Environment (11.0.9.1+1) (build 11.0.9.1+1-Ubuntu-0ubuntu1.20.04)
# Java VM: OpenJDK 64-Bit Server VM (11.0.9.1+1-Ubuntu-0ubuntu1.20.04, mixed mode, sharing, tiered, compressed oops, g1 gc, linux-amd64)
# Problematic frame:
# V  [libjvm.so+0xedc40]
#
# Core dump will be written. Default location: Core dumps may be processed with "/usr/share/apport/apport %p %s %c %d %P %E" (or dumping to /home/johannes/dev/camunda-alanda-setup/com.alanda.camunda.services/core.19349)
#
# If you would like to submit a bug report, please visit:
#   https://bugs.launchpad.net/ubuntu/+source/openjdk-lts
#

---------------  S U M M A R Y ------------

Command Line: -Dmaven.home=/home/johannes/dev/camunda-alanda-setup -Dmaven.multiModuleProjectDirectory=/home/johannes/dev/camunda-alanda-setup/com.alanda.camunda.services org.apache.maven.wrapper.MavenWrapperMain -f pom.xml clean install -U

Host: Intel(R) Core(TM) i5-4690K CPU @ 3.50GHz, 4 cores, 15G, Ubuntu 20.04.1 LTS
Time: Sun Jan 10 23:31:47 2021 CET elapsed time: 0.031497 seconds (0d 0h 0m 0s)

---------------  T H R E A D  ---------------

Current thread (0x00007f71781c8000):  JavaThread "C2 CompilerThread0" daemon [_thread_in_vm, id=19367, stack(0x00007f714cd36000,0x00007f714ce37000)]

Stack: [0x00007f714cd36000,0x00007f714ce37000],  sp=0x00007f714ce32848,  free space=1010k
Native frames: (J=compiled Java code, A=aot compiled Java code, j=interpreted, Vv=VM code, C=native code)
V  [libjvm.so+0xedc40]
V  [libjvm.so+0xb1bf67]
V  [libjvm.so+0xb20d5c]
V  [libjvm.so+0xb22e12]
V  [libjvm.so+0x60a7df]
V  [libjvm.so+0x60b88a]
V  [libjvm.so+0xc84442]
V  [libjvm.so+0xc84560]
V  [libjvm.so+0x53571f]
V  [libjvm.so+0x612a93]
V  [libjvm.so+0x618123]
V  [libjvm.so+0xe17ccf]
V  [libjvm.so+0xe14330]
V  [libjvm.so+0xbd26e6]


siginfo: si_signo: 11 (SIGSEGV), si_code: 2 (SEGV_ACCERR), si_addr: 0x00007f717e323c40

Register to memory mapping:

RAX=0x00007f717f42f350: <offset 0x00000000011f9350> in /usr/lib/jvm/java-11-openjdk-amd64/lib/server/libjvm.so at 0x00007f717e236000
RBX=0x0000000000000007 is an unknown value
RCX=0x00007f712401ab20 points into unknown readable memory: 20 91 42 7f 71 7f 00 00
RDX=0x00007f717f4477f8: <offset 0x00000000012117f8> in /usr/lib/jvm/java-11-openjdk-amd64/lib/server/libjvm.so at 0x00007f717e236000
RSP=0x00007f714ce32848 is pointing into the stack for thread: 0x00007f71781c8000
RBP=0x00007f714ce328d0 is pointing into the stack for thread: 0x00007f71781c8000
RSI=0x0000000000000001 is an unknown value
RDI=0x00007f712401aba0 points into unknown readable memory: 50 f3 42 7f 71 7f 00 00
R8 =0x00007f714ce32918 is pointing into the stack for thread: 0x00007f71781c8000
R9 =0x000000000002e000 is an unknown value
R10=0x00007f713002e000 points into unknown readable memory: 00 00 00 00 00 00 00 00
R11=0x0000000000000206 is an unknown value
R12=0xffffffffffffffff is an unknown value
R13=0x0000000000000008 is an unknown value
R14=0x0000000000000001 is an unknown value
R15=0x00007f712401aba0 points into unknown readable memory: 50 f3 42 7f 71 7f 00 00


Registers:
RAX=0x00007f717f42f350, RBX=0x0000000000000007, RCX=0x00007f712401ab20, RDX=0x00007f717f4477f8
RSP=0x00007f714ce32848, RBP=0x00007f714ce328d0, RSI=0x0000000000000001, RDI=0x00007f712401aba0
R8 =0x00007f714ce32918, R9 =0x000000000002e000, R10=0x00007f713002e000, R11=0x0000000000000206
R12=0xffffffffffffffff, R13=0x0000000000000008, R14=0x0000000000000001, R15=0x00007f712401aba0
RIP=0x00007f717e323c40, EFLAGS=0x0000000000010206, CSGSFS=0x002b000000000033, ERR=0x0000000000000015
  TRAPNO=0x000000000000000e

Top of Stack: (sp=0x00007f714ce32848)
0x00007f714ce32848:   00007f717ed50f59 0000000000000000
0x00007f714ce32858:   00007f714ce351e8 00007f714ce32918
0x00007f714ce32868:   00007f713002a930 0000000000000000
0x00007f714ce32878:   00007f714ce351e8 00007f714ce32900 

Instructions: (pc=0x00007f717e323c40)
0x00007f717e323b40:   00 f8 3c 00 00 00 00 00 10 1b 1a 01 00 00 00 00
0x00007f717e323b50:   08 00 00 00 00 00 00 00 10 59 a9 00 00 00 00 00
0x00007f717e323b60:   18 1b 1a 01 00 00 00 00 08 00 00 00 00 00 00 00
0x00007f717e323b70:   90 8d b9 00 00 00 00 00 20 1b 1a 01 00 00 00 00
0x00007f717e323b80:   08 00 00 00 00 00 00 00 a0 8d b9 00 00 00 00 00
0x00007f717e323b90:   28 1b 1a 01 00 00 00 00 08 00 00 00 00 00 00 00
0x00007f717e323ba0:   10 2c 2f 00 00 00 00 00 30 1b 1a 01 00 00 00 00
0x00007f717e323bb0:   08 00 00 00 00 00 00 00 b0 56 a9 00 00 00 00 00
0x00007f717e323bc0:   38 1b 1a 01 00 00 00 00 08 00 00 00 00 00 00 00
0x00007f717e323bd0:   e0 52 34 00 00 00 00 00 40 1b 1a 01 00 00 00 00
0x00007f717e323be0:   08 00 00 00 00 00 00 00 f0 52 34 00 00 00 00 00
0x00007f717e323bf0:   48 1b 1a 01 00 00 00 00 08 00 00 00 00 00 00 00
0x00007f717e323c00:   90 78 3d 00 00 00 00 00 50 1b 1a 01 00 00 00 00
0x00007f717e323c10:   08 00 00 00 00 00 00 00 b0 78 3d 00 00 00 00 00
0x00007f717e323c20:   58 1b 1a 01 00 00 00 00 08 00 00 00 00 00 00 00
0x00007f717e323c30:   40 53 34 00 00 00 00 00 60 1b 1a 01 00 00 00 00
0x00007f717e323c40:   08 00 00 00 00 00 00 00 20 56 a9 00 00 00 00 00
0x00007f717e323c50:   68 1b 1a 01 00 00 00 00 08 00 00 00 00 00 00 00
0x00007f717e323c60:   f0 54 a9 00 00 00 00 00 70 1b 1a 01 00 00 00 00
0x00007f717e323c70:   08 00 00 00 00 00 00 00 50 53 34 00 00 00 00 00
0x00007f717e323c80:   78 1b 1a 01 00 00 00 00 08 00 00 00 00 00 00 00
0x00007f717e323c90:   60 53 34 00 00 00 00 00 80 1b 1a 01 00 00 00 00
0x00007f717e323ca0:   08 00 00 00 00 00 00 00 70 53 34 00 00 00 00 00
0x00007f717e323cb0:   88 1b 1a 01 00 00 00 00 08 00 00 00 00 00 00 00
0x00007f717e323cc0:   e0 50 a9 00 00 00 00 00 90 1b 1a 01 00 00 00 00
0x00007f717e323cd0:   08 00 00 00 00 00 00 00 b0 56 a9 00 00 00 00 00
0x00007f717e323ce0:   98 1b 1a 01 00 00 00 00 08 00 00 00 00 00 00 00
0x00007f717e323cf0:   80 53 34 00 00 00 00 00 a0 1b 1a 01 00 00 00 00
0x00007f717e323d00:   08 00 00 00 00 00 00 00 90 53 34 00 00 00 00 00
0x00007f717e323d10:   a8 1b 1a 01 00 00 00 00 08 00 00 00 00 00 00 00
0x00007f717e323d20:   b0 cd 2b 00 00 00 00 00 b0 1b 1a 01 00 00 00 00
0x00007f717e323d30:   08 00 00 00 00 00 00 00 b0 53 34 00 00 00 00 00 


Stack slot to memory mapping:
stack at sp + 0 slots: 0x00007f717ed50f59: <offset 0x0000000000b1af59> in /usr/lib/jvm/java-11-openjdk-amd64/lib/server/libjvm.so at 0x00007f717e236000
stack at sp + 1 slots: 0x0 is NULL
stack at sp + 2 slots: 0x00007f714ce351e8 is pointing into the stack for thread: 0x00007f71781c8000
stack at sp + 3 slots: 0x00007f714ce32918 is pointing into the stack for thread: 0x00007f71781c8000
stack at sp + 4 slots: 0x00007f713002a930 points into unknown readable memory: 00 00 00 00 00 00 00 00
stack at sp + 5 slots: 0x0 is NULL
stack at sp + 6 slots: 0x00007f714ce351e8 is pointing into the stack for thread: 0x00007f71781c8000
stack at sp + 7 slots: 0x00007f714ce32900 is pointing into the stack for thread: 0x00007f71781c8000


---------------  P R O C E S S  ---------------

Threads class SMR info:
_java_thread_list=0x00007f71782153a0, length=8, elements={
0x00007f7178016800, 0x00007f71781bd000, 0x00007f71781bf000, 0x00007f71781c6000,
0x00007f71781c8000, 0x00007f71781ca000, 0x00007f71781cc000, 0x00007f7178214000
}

Java Threads: ( => current thread )
  0x00007f7178016800 JavaThread "main" [_thread_blocked, id=19357, stack(0x00007f717ddea000,0x00007f717deeb000)]
  0x00007f71781bd000 JavaThread "Reference Handler" daemon [_thread_blocked, id=19364, stack(0x00007f714d5fd000,0x00007f714d6fe000)]
  0x00007f71781bf000 JavaThread "Finalizer" daemon [_thread_blocked, id=19365, stack(0x00007f714d4fc000,0x00007f714d5fd000)]
  0x00007f71781c6000 JavaThread "Signal Dispatcher" daemon [_thread_blocked, id=19366, stack(0x00007f714ce37000,0x00007f714cf38000)]
=>0x00007f71781c8000 JavaThread "C2 CompilerThread0" daemon [_thread_in_vm, id=19367, stack(0x00007f714cd36000,0x00007f714ce37000)]
  0x00007f71781ca000 JavaThread "C1 CompilerThread0" daemon [_thread_blocked, id=19368, stack(0x00007f714cc35000,0x00007f714cd36000)]
  0x00007f71781cc000 JavaThread "Sweeper thread" daemon [_thread_blocked, id=19369, stack(0x00007f714cb34000,0x00007f714cc35000)]
  0x00007f7178214000 JavaThread "Service Thread" daemon [_thread_blocked, id=19370, stack(0x00007f714ca33000,0x00007f714cb34000)]

Other Threads:
  0x00007f71781ba800 VMThread "VM Thread" [stack: 0x00007f714d700000,0x00007f714d800000] [id=19363]
  0x00007f717802e000 GCTaskThread "GC Thread#0" [stack: 0x00007f717da9c000,0x00007f717db9c000] [id=19358]
  0x00007f717808c000 ConcurrentGCThread "G1 Main Marker" [stack: 0x00007f717c57b000,0x00007f717c67b000] [id=19359]
  0x00007f717808e000 ConcurrentGCThread "G1 Conc#0" [stack: 0x00007f717c479000,0x00007f717c579000] [id=19360]
  0x00007f717817d000 ConcurrentGCThread "G1 Refine#0" [stack: 0x00007f7154250000,0x00007f7154350000] [id=19361]
  0x00007f717817f000 ConcurrentGCThread "G1 Young RemSet Sampling" [stack: 0x00007f715414e000,0x00007f715424e000] [id=19362]

Threads with active compile tasks:
C1 CompilerThread0     34   53       3       jdk.internal.module.ModuleBootstrap$2::hasNext (30 bytes)

VM state:synchronizing (normal execution)

VM Mutex/Monitor currently owned by a thread:  ([mutex/lock_event])
[0x00007f71780131e0] Threads_lock - owner thread: 0x00007f71781ba800

Heap address: 0x0000000706a00000, size: 3990 MB, Compressed Oops mode: Zero based, Oop shift amount: 3
Narrow klass base: 0x0000000800000000, Narrow klass shift: 3
Compressed class space size: 1073741824 Address: 0x0000000840000000

Heap:
 garbage-first heap   total 258048K, used 712K [0x0000000706a00000, 0x0000000800000000)
  region size 1024K, 1 young (1024K), 0 survivors (0K)
 Metaspace       used 116K, capacity 4480K, committed 4480K, reserved 1056768K
  class space    used 2K, capacity 384K, committed 384K, reserved 1048576K
Heap Regions: E=young(eden), S=young(survivor), O=old, HS=humongous(starts), HC=humongous(continues), CS=collection set, F=free, A=archive, TAMS=top-at-mark-start (previous, next)
|   0|0x0000000706a00000, 0x0000000706a00000, 0x0000000706b00000|  0%| F|  |TAMS 0x0000000706a00000, 0x0000000706a00000| Untracked 
|   1|0x0000000706b00000, 0x0000000706b00000, 0x0000000706c00000|  0%| F|  |TAMS 0x0000000706b00000, 0x0000000706b00000| Untracked 
|   2|0x0000000706c00000, 0x0000000706c00000, 0x0000000706d00000|  0%| F|  |TAMS 0x0000000706c00000, 0x0000000706c00000| Untracked 
|   3|0x0000000706d00000, 0x0000000706d00000, 0x0000000706e00000|  0%| F|  |TAMS 0x0000000706d00000, 0x0000000706d00000| Untracked 
|   4|0x0000000706e00000, 0x0000000706e00000, 0x0000000706f00000|  0%| F|  |TAMS 0x0000000706e00000, 0x0000000706e00000| Untracked 
|   5|0x0000000706f00000, 0x0000000706f00000, 0x0000000707000000|  0%| F|  |TAMS 0x0000000706f00000, 0x0000000706f00000| Untracked 
|   6|0x0000000707000000, 0x0000000707000000, 0x0000000707100000|  0%| F|  |TAMS 0x0000000707000000, 0x0000000707000000| Untracked 
|   7|0x0000000707100000, 0x0000000707100000, 0x0000000707200000|  0%| F|  |TAMS 0x0000000707100000, 0x0000000707100000| Untracked 
|   8|0x0000000707200000, 0x0000000707200000, 0x0000000707300000|  0%| F|  |TAMS 0x0000000707200000, 0x0000000707200000| Untracked 
|   9|0x0000000707300000, 0x0000000707300000, 0x0000000707400000|  0%| F|  |TAMS 0x0000000707300000, 0x0000000707300000| Untracked 
|  10|0x0000000707400000, 0x0000000707400000, 0x0000000707500000|  0%| F|  |TAMS 0x0000000707400000, 0x0000000707400000| Untracked 
|  11|0x0000000707500000, 0x0000000707500000, 0x0000000707600000|  0%| F|  |TAMS 0x0000000707500000, 0x0000000707500000| Untracked 
|  12|0x0000000707600000, 0x0000000707600000, 0x0000000707700000|  0%| F|  |TAMS 0x0000000707600000, 0x0000000707600000| Untracked 
|  13|0x0000000707700000, 0x0000000707700000, 0x0000000707800000|  0%| F|  |TAMS 0x0000000707700000, 0x0000000707700000| Untracked 
|  14|0x0000000707800000, 0x0000000707800000, 0x0000000707900000|  0%| F|  |TAMS 0x0000000707800000, 0x0000000707800000| Untracked 
|  15|0x0000000707900000, 0x0000000707900000, 0x0000000707a00000|  0%| F|  |TAMS 0x0000000707900000, 0x0000000707900000| Untracked 
|  16|0x0000000707a00000, 0x0000000707a00000, 0x0000000707b00000|  0%| F|  |TAMS 0x0000000707a00000, 0x0000000707a00000| Untracked 
|  17|0x0000000707b00000, 0x0000000707b00000, 0x0000000707c00000|  0%| F|  |TAMS 0x0000000707b00000, 0x0000000707b00000| Untracked 
|  18|0x0000000707c00000, 0x0000000707c00000, 0x0000000707d00000|  0%| F|  |TAMS 0x0000000707c00000, 0x0000000707c00000| Untracked 
|  19|0x0000000707d00000, 0x0000000707d00000, 0x0000000707e00000|  0%| F|  |TAMS 0x0000000707d00000, 0x0000000707d00000| Untracked 
|  20|0x0000000707e00000, 0x0000000707e00000, 0x0000000707f00000|  0%| F|  |TAMS 0x0000000707e00000, 0x0000000707e00000| Untracked 
|  21|0x0000000707f00000, 0x0000000707f00000, 0x0000000708000000|  0%| F|  |TAMS 0x0000000707f00000, 0x0000000707f00000| Untracked 
|  22|0x0000000708000000, 0x0000000708000000, 0x0000000708100000|  0%| F|  |TAMS 0x0000000708000000, 0x0000000708000000| Untracked 
|  23|0x0000000708100000, 0x0000000708100000, 0x0000000708200000|  0%| F|  |TAMS 0x0000000708100000, 0x0000000708100000| Untracked 
|  24|0x0000000708200000, 0x0000000708200000, 0x0000000708300000|  0%| F|  |TAMS 0x0000000708200000, 0x0000000708200000| Untracked 
|  25|0x0000000708300000, 0x0000000708300000, 0x0000000708400000|  0%| F|  |TAMS 0x0000000708300000, 0x0000000708300000| Untracked 
|  26|0x0000000708400000, 0x0000000708400000, 0x0000000708500000|  0%| F|  |TAMS 0x0000000708400000, 0x0000000708400000| Untracked 
|  27|0x0000000708500000, 0x0000000708500000, 0x0000000708600000|  0%| F|  |TAMS 0x0000000708500000, 0x0000000708500000| Untracked 
|  28|0x0000000708600000, 0x0000000708600000, 0x0000000708700000|  0%| F|  |TAMS 0x0000000708600000, 0x0000000708600000| Untracked 
|  29|0x0000000708700000, 0x0000000708700000, 0x0000000708800000|  0%| F|  |TAMS 0x0000000708700000, 0x0000000708700000| Untracked 
|  30|0x0000000708800000, 0x0000000708800000, 0x0000000708900000|  0%| F|  |TAMS 0x0000000708800000, 0x0000000708800000| Untracked 
|  31|0x0000000708900000, 0x0000000708900000, 0x0000000708a00000|  0%| F|  |TAMS 0x0000000708900000, 0x0000000708900000| Untracked 
|  32|0x0000000708a00000, 0x0000000708a00000, 0x0000000708b00000|  0%| F|  |TAMS 0x0000000708a00000, 0x0000000708a00000| Untracked 
|  33|0x0000000708b00000, 0x0000000708b00000, 0x0000000708c00000|  0%| F|  |TAMS 0x0000000708b00000, 0x0000000708b00000| Untracked 
|  34|0x0000000708c00000, 0x0000000708c00000, 0x0000000708d00000|  0%| F|  |TAMS 0x0000000708c00000, 0x0000000708c00000| Untracked 
|  35|0x0000000708d00000, 0x0000000708d00000, 0x0000000708e00000|  0%| F|  |TAMS 0x0000000708d00000, 0x0000000708d00000| Untracked 
|  36|0x0000000708e00000, 0x0000000708e00000, 0x0000000708f00000|  0%| F|  |TAMS 0x0000000708e00000, 0x0000000708e00000| Untracked 
|  37|0x0000000708f00000, 0x0000000708f00000, 0x0000000709000000|  0%| F|  |TAMS 0x0000000708f00000, 0x0000000708f00000| Untracked 
|  38|0x0000000709000000, 0x0000000709000000, 0x0000000709100000|  0%| F|  |TAMS 0x0000000709000000, 0x0000000709000000| Untracked 
|  39|0x0000000709100000, 0x0000000709100000, 0x0000000709200000|  0%| F|  |TAMS 0x0000000709100000, 0x0000000709100000| Untracked 
|  40|0x0000000709200000, 0x0000000709200000, 0x0000000709300000|  0%| F|  |TAMS 0x0000000709200000, 0x0000000709200000| Untracked 
|  41|0x0000000709300000, 0x0000000709300000, 0x0000000709400000|  0%| F|  |TAMS 0x0000000709300000, 0x0000000709300000| Untracked 
|  42|0x0000000709400000, 0x0000000709400000, 0x0000000709500000|  0%| F|  |TAMS 0x0000000709400000, 0x0000000709400000| Untracked 
|  43|0x0000000709500000, 0x0000000709500000, 0x0000000709600000|  0%| F|  |TAMS 0x0000000709500000, 0x0000000709500000| Untracked 
|  44|0x0000000709600000, 0x0000000709600000, 0x0000000709700000|  0%| F|  |TAMS 0x0000000709600000, 0x0000000709600000| Untracked 
|  45|0x0000000709700000, 0x0000000709700000, 0x0000000709800000|  0%| F|  |TAMS 0x0000000709700000, 0x0000000709700000| Untracked 
|  46|0x0000000709800000, 0x0000000709800000, 0x0000000709900000|  0%| F|  |TAMS 0x0000000709800000, 0x0000000709800000| Untracked 
|  47|0x0000000709900000, 0x0000000709900000, 0x0000000709a00000|  0%| F|  |TAMS 0x0000000709900000, 0x0000000709900000| Untracked 
|  48|0x0000000709a00000, 0x0000000709a00000, 0x0000000709b00000|  0%| F|  |TAMS 0x0000000709a00000, 0x0000000709a00000| Untracked 
|  49|0x0000000709b00000, 0x0000000709b00000, 0x0000000709c00000|  0%| F|  |TAMS 0x0000000709b00000, 0x0000000709b00000| Untracked 
|  50|0x0000000709c00000, 0x0000000709c00000, 0x0000000709d00000|  0%| F|  |TAMS 0x0000000709c00000, 0x0000000709c00000| Untracked 
|  51|0x0000000709d00000, 0x0000000709d00000, 0x0000000709e00000|  0%| F|  |TAMS 0x0000000709d00000, 0x0000000709d00000| Untracked 
|  52|0x0000000709e00000, 0x0000000709e00000, 0x0000000709f00000|  0%| F|  |TAMS 0x0000000709e00000, 0x0000000709e00000| Untracked 
|  53|0x0000000709f00000, 0x0000000709f00000, 0x000000070a000000|  0%| F|  |TAMS 0x0000000709f00000, 0x0000000709f00000| Untracked 
|  54|0x000000070a000000, 0x000000070a000000, 0x000000070a100000|  0%| F|  |TAMS 0x000000070a000000, 0x000000070a000000| Untracked 
|  55|0x000000070a100000, 0x000000070a100000, 0x000000070a200000|  0%| F|  |TAMS 0x000000070a100000, 0x000000070a100000| Untracked 
|  56|0x000000070a200000, 0x000000070a200000, 0x000000070a300000|  0%| F|  |TAMS 0x000000070a200000, 0x000000070a200000| Untracked 
|  57|0x000000070a300000, 0x000000070a300000, 0x000000070a400000|  0%| F|  |TAMS 0x000000070a300000, 0x000000070a300000| Untracked 
|  58|0x000000070a400000, 0x000000070a400000, 0x000000070a500000|  0%| F|  |TAMS 0x000000070a400000, 0x000000070a400000| Untracked 
|  59|0x000000070a500000, 0x000000070a500000, 0x000000070a600000|  0%| F|  |TAMS 0x000000070a500000, 0x000000070a500000| Untracked 
|  60|0x000000070a600000, 0x000000070a600000, 0x000000070a700000|  0%| F|  |TAMS 0x000000070a600000, 0x000000070a600000| Untracked 
|  61|0x000000070a700000, 0x000000070a700000, 0x000000070a800000|  0%| F|  |TAMS 0x000000070a700000, 0x000000070a700000| Untracked 
|  62|0x000000070a800000, 0x000000070a800000, 0x000000070a900000|  0%| F|  |TAMS 0x000000070a800000, 0x000000070a800000| Untracked 
|  63|0x000000070a900000, 0x000000070a900000, 0x000000070aa00000|  0%| F|  |TAMS 0x000000070a900000, 0x000000070a900000| Untracked 
|  64|0x000000070aa00000, 0x000000070aa00000, 0x000000070ab00000|  0%| F|  |TAMS 0x000000070aa00000, 0x000000070aa00000| Untracked 
|  65|0x000000070ab00000, 0x000000070ab00000, 0x000000070ac00000|  0%| F|  |TAMS 0x000000070ab00000, 0x000000070ab00000| Untracked 
|  66|0x000000070ac00000, 0x000000070ac00000, 0x000000070ad00000|  0%| F|  |TAMS 0x000000070ac00000, 0x000000070ac00000| Untracked 
|  67|0x000000070ad00000, 0x000000070ad00000, 0x000000070ae00000|  0%| F|  |TAMS 0x000000070ad00000, 0x000000070ad00000| Untracked 
|  68|0x000000070ae00000, 0x000000070ae00000, 0x000000070af00000|  0%| F|  |TAMS 0x000000070ae00000, 0x000000070ae00000| Untracked 
|  69|0x000000070af00000, 0x000000070af00000, 0x000000070b000000|  0%| F|  |TAMS 0x000000070af00000, 0x000000070af00000| Untracked 
|  70|0x000000070b000000, 0x000000070b000000, 0x000000070b100000|  0%| F|  |TAMS 0x000000070b000000, 0x000000070b000000| Untracked 
|  71|0x000000070b100000, 0x000000070b100000, 0x000000070b200000|  0%| F|  |TAMS 0x000000070b100000, 0x000000070b100000| Untracked 
|  72|0x000000070b200000, 0x000000070b200000, 0x000000070b300000|  0%| F|  |TAMS 0x000000070b200000, 0x000000070b200000| Untracked 
|  73|0x000000070b300000, 0x000000070b300000, 0x000000070b400000|  0%| F|  |TAMS 0x000000070b300000, 0x000000070b300000| Untracked 
|  74|0x000000070b400000, 0x000000070b400000, 0x000000070b500000|  0%| F|  |TAMS 0x000000070b400000, 0x000000070b400000| Untracked 
|  75|0x000000070b500000, 0x000000070b500000, 0x000000070b600000|  0%| F|  |TAMS 0x000000070b500000, 0x000000070b500000| Untracked 
|  76|0x000000070b600000, 0x000000070b600000, 0x000000070b700000|  0%| F|  |TAMS 0x000000070b600000, 0x000000070b600000| Untracked 
|  77|0x000000070b700000, 0x000000070b700000, 0x000000070b800000|  0%| F|  |TAMS 0x000000070b700000, 0x000000070b700000| Untracked 
|  78|0x000000070b800000, 0x000000070b800000, 0x000000070b900000|  0%| F|  |TAMS 0x000000070b800000, 0x000000070b800000| Untracked 
|  79|0x000000070b900000, 0x000000070b900000, 0x000000070ba00000|  0%| F|  |TAMS 0x000000070b900000, 0x000000070b900000| Untracked 
|  80|0x000000070ba00000, 0x000000070ba00000, 0x000000070bb00000|  0%| F|  |TAMS 0x000000070ba00000, 0x000000070ba00000| Untracked 
|  81|0x000000070bb00000, 0x000000070bb00000, 0x000000070bc00000|  0%| F|  |TAMS 0x000000070bb00000, 0x000000070bb00000| Untracked 
|  82|0x000000070bc00000, 0x000000070bc00000, 0x000000070bd00000|  0%| F|  |TAMS 0x000000070bc00000, 0x000000070bc00000| Untracked 
|  83|0x000000070bd00000, 0x000000070bd00000, 0x000000070be00000|  0%| F|  |TAMS 0x000000070bd00000, 0x000000070bd00000| Untracked 
|  84|0x000000070be00000, 0x000000070be00000, 0x000000070bf00000|  0%| F|  |TAMS 0x000000070be00000, 0x000000070be00000| Untracked 
|  85|0x000000070bf00000, 0x000000070bf00000, 0x000000070c000000|  0%| F|  |TAMS 0x000000070bf00000, 0x000000070bf00000| Untracked 
|  86|0x000000070c000000, 0x000000070c000000, 0x000000070c100000|  0%| F|  |TAMS 0x000000070c000000, 0x000000070c000000| Untracked 
|  87|0x000000070c100000, 0x000000070c100000, 0x000000070c200000|  0%| F|  |TAMS 0x000000070c100000, 0x000000070c100000| Untracked 
|  88|0x000000070c200000, 0x000000070c200000, 0x000000070c300000|  0%| F|  |TAMS 0x000000070c200000, 0x000000070c200000| Untracked 
|  89|0x000000070c300000, 0x000000070c300000, 0x000000070c400000|  0%| F|  |TAMS 0x000000070c300000, 0x000000070c300000| Untracked 
|  90|0x000000070c400000, 0x000000070c400000, 0x000000070c500000|  0%| F|  |TAMS 0x000000070c400000, 0x000000070c400000| Untracked 
|  91|0x000000070c500000, 0x000000070c500000, 0x000000070c600000|  0%| F|  |TAMS 0x000000070c500000, 0x000000070c500000| Untracked 
|  92|0x000000070c600000, 0x000000070c600000, 0x000000070c700000|  0%| F|  |TAMS 0x000000070c600000, 0x000000070c600000| Untracked 
|  93|0x000000070c700000, 0x000000070c700000, 0x000000070c800000|  0%| F|  |TAMS 0x000000070c700000, 0x000000070c700000| Untracked 
|  94|0x000000070c800000, 0x000000070c800000, 0x000000070c900000|  0%| F|  |TAMS 0x000000070c800000, 0x000000070c800000| Untracked 
|  95|0x000000070c900000, 0x000000070c900000, 0x000000070ca00000|  0%| F|  |TAMS 0x000000070c900000, 0x000000070c900000| Untracked 
|  96|0x000000070ca00000, 0x000000070ca00000, 0x000000070cb00000|  0%| F|  |TAMS 0x000000070ca00000, 0x000000070ca00000| Untracked 
|  97|0x000000070cb00000, 0x000000070cb00000, 0x000000070cc00000|  0%| F|  |TAMS 0x000000070cb00000, 0x000000070cb00000| Untracked 
|  98|0x000000070cc00000, 0x000000070cc00000, 0x000000070cd00000|  0%| F|  |TAMS 0x000000070cc00000, 0x000000070cc00000| Untracked 
|  99|0x000000070cd00000, 0x000000070cd00000, 0x000000070ce00000|  0%| F|  |TAMS 0x000000070cd00000, 0x000000070cd00000| Untracked 
| 100|0x000000070ce00000, 0x000000070ce00000, 0x000000070cf00000|  0%| F|  |TAMS 0x000000070ce00000, 0x000000070ce00000| Untracked 
| 101|0x000000070cf00000, 0x000000070cf00000, 0x000000070d000000|  0%| F|  |TAMS 0x000000070cf00000, 0x000000070cf00000| Untracked 
| 102|0x000000070d000000, 0x000000070d000000, 0x000000070d100000|  0%| F|  |TAMS 0x000000070d000000, 0x000000070d000000| Untracked 
| 103|0x000000070d100000, 0x000000070d100000, 0x000000070d200000|  0%| F|  |TAMS 0x000000070d100000, 0x000000070d100000| Untracked 
| 104|0x000000070d200000, 0x000000070d200000, 0x000000070d300000|  0%| F|  |TAMS 0x000000070d200000, 0x000000070d200000| Untracked 
| 105|0x000000070d300000, 0x000000070d300000, 0x000000070d400000|  0%| F|  |TAMS 0x000000070d300000, 0x000000070d300000| Untracked 
| 106|0x000000070d400000, 0x000000070d400000, 0x000000070d500000|  0%| F|  |TAMS 0x000000070d400000, 0x000000070d400000| Untracked 
| 107|0x000000070d500000, 0x000000070d500000, 0x000000070d600000|  0%| F|  |TAMS 0x000000070d500000, 0x000000070d500000| Untracked 
| 108|0x000000070d600000, 0x000000070d600000, 0x000000070d700000|  0%| F|  |TAMS 0x000000070d600000, 0x000000070d600000| Untracked 
| 109|0x000000070d700000, 0x000000070d700000, 0x000000070d800000|  0%| F|  |TAMS 0x000000070d700000, 0x000000070d700000| Untracked 
| 110|0x000000070d800000, 0x000000070d800000, 0x000000070d900000|  0%| F|  |TAMS 0x000000070d800000, 0x000000070d800000| Untracked 
| 111|0x000000070d900000, 0x000000070d900000, 0x000000070da00000|  0%| F|  |TAMS 0x000000070d900000, 0x000000070d900000| Untracked 
| 112|0x000000070da00000, 0x000000070da00000, 0x000000070db00000|  0%| F|  |TAMS 0x000000070da00000, 0x000000070da00000| Untracked 
| 113|0x000000070db00000, 0x000000070db00000, 0x000000070dc00000|  0%| F|  |TAMS 0x000000070db00000, 0x000000070db00000| Untracked 
| 114|0x000000070dc00000, 0x000000070dc00000, 0x000000070dd00000|  0%| F|  |TAMS 0x000000070dc00000, 0x000000070dc00000| Untracked 
| 115|0x000000070dd00000, 0x000000070dd00000, 0x000000070de00000|  0%| F|  |TAMS 0x000000070dd00000, 0x000000070dd00000| Untracked 
| 116|0x000000070de00000, 0x000000070de00000, 0x000000070df00000|  0%| F|  |TAMS 0x000000070de00000, 0x000000070de00000| Untracked 
| 117|0x000000070df00000, 0x000000070df00000, 0x000000070e000000|  0%| F|  |TAMS 0x000000070df00000, 0x000000070df00000| Untracked 
| 118|0x000000070e000000, 0x000000070e000000, 0x000000070e100000|  0%| F|  |TAMS 0x000000070e000000, 0x000000070e000000| Untracked 
| 119|0x000000070e100000, 0x000000070e100000, 0x000000070e200000|  0%| F|  |TAMS 0x000000070e100000, 0x000000070e100000| Untracked 
| 120|0x000000070e200000, 0x000000070e200000, 0x000000070e300000|  0%| F|  |TAMS 0x000000070e200000, 0x000000070e200000| Untracked 
| 121|0x000000070e300000, 0x000000070e300000, 0x000000070e400000|  0%| F|  |TAMS 0x000000070e300000, 0x000000070e300000| Untracked 
| 122|0x000000070e400000, 0x000000070e400000, 0x000000070e500000|  0%| F|  |TAMS 0x000000070e400000, 0x000000070e400000| Untracked 
| 123|0x000000070e500000, 0x000000070e500000, 0x000000070e600000|  0%| F|  |TAMS 0x000000070e500000, 0x000000070e500000| Untracked 
| 124|0x000000070e600000, 0x000000070e600000, 0x000000070e700000|  0%| F|  |TAMS 0x000000070e600000, 0x000000070e600000| Untracked 
| 125|0x000000070e700000, 0x000000070e700000, 0x000000070e800000|  0%| F|  |TAMS 0x000000070e700000, 0x000000070e700000| Untracked 
| 126|0x000000070e800000, 0x000000070e800000, 0x000000070e900000|  0%| F|  |TAMS 0x000000070e800000, 0x000000070e800000| Untracked 
| 127|0x000000070e900000, 0x000000070e900000, 0x000000070ea00000|  0%| F|  |TAMS 0x000000070e900000, 0x000000070e900000| Untracked 
| 128|0x000000070ea00000, 0x000000070ea00000, 0x000000070eb00000|  0%| F|  |TAMS 0x000000070ea00000, 0x000000070ea00000| Untracked 
| 129|0x000000070eb00000, 0x000000070eb00000, 0x000000070ec00000|  0%| F|  |TAMS 0x000000070eb00000, 0x000000070eb00000| Untracked 
| 130|0x000000070ec00000, 0x000000070ec00000, 0x000000070ed00000|  0%| F|  |TAMS 0x000000070ec00000, 0x000000070ec00000| Untracked 
| 131|0x000000070ed00000, 0x000000070ed00000, 0x000000070ee00000|  0%| F|  |TAMS 0x000000070ed00000, 0x000000070ed00000| Untracked 
| 132|0x000000070ee00000, 0x000000070ee00000, 0x000000070ef00000|  0%| F|  |TAMS 0x000000070ee00000, 0x000000070ee00000| Untracked 
| 133|0x000000070ef00000, 0x000000070ef00000, 0x000000070f000000|  0%| F|  |TAMS 0x000000070ef00000, 0x000000070ef00000| Untracked 
| 134|0x000000070f000000, 0x000000070f000000, 0x000000070f100000|  0%| F|  |TAMS 0x000000070f000000, 0x000000070f000000| Untracked 
| 135|0x000000070f100000, 0x000000070f100000, 0x000000070f200000|  0%| F|  |TAMS 0x000000070f100000, 0x000000070f100000| Untracked 
| 136|0x000000070f200000, 0x000000070f200000, 0x000000070f300000|  0%| F|  |TAMS 0x000000070f200000, 0x000000070f200000| Untracked 
| 137|0x000000070f300000, 0x000000070f300000, 0x000000070f400000|  0%| F|  |TAMS 0x000000070f300000, 0x000000070f300000| Untracked 
| 138|0x000000070f400000, 0x000000070f400000, 0x000000070f500000|  0%| F|  |TAMS 0x000000070f400000, 0x000000070f400000| Untracked 
| 139|0x000000070f500000, 0x000000070f500000, 0x000000070f600000|  0%| F|  |TAMS 0x000000070f500000, 0x000000070f500000| Untracked 
| 140|0x000000070f600000, 0x000000070f600000, 0x000000070f700000|  0%| F|  |TAMS 0x000000070f600000, 0x000000070f600000| Untracked 
| 141|0x000000070f700000, 0x000000070f700000, 0x000000070f800000|  0%| F|  |TAMS 0x000000070f700000, 0x000000070f700000| Untracked 
| 142|0x000000070f800000, 0x000000070f800000, 0x000000070f900000|  0%| F|  |TAMS 0x000000070f800000, 0x000000070f800000| Untracked 
| 143|0x000000070f900000, 0x000000070f900000, 0x000000070fa00000|  0%| F|  |TAMS 0x000000070f900000, 0x000000070f900000| Untracked 
| 144|0x000000070fa00000, 0x000000070fa00000, 0x000000070fb00000|  0%| F|  |TAMS 0x000000070fa00000, 0x000000070fa00000| Untracked 
| 145|0x000000070fb00000, 0x000000070fb00000, 0x000000070fc00000|  0%| F|  |TAMS 0x000000070fb00000, 0x000000070fb00000| Untracked 
| 146|0x000000070fc00000, 0x000000070fc00000, 0x000000070fd00000|  0%| F|  |TAMS 0x000000070fc00000, 0x000000070fc00000| Untracked 
| 147|0x000000070fd00000, 0x000000070fd00000, 0x000000070fe00000|  0%| F|  |TAMS 0x000000070fd00000, 0x000000070fd00000| Untracked 
| 148|0x000000070fe00000, 0x000000070fe00000, 0x000000070ff00000|  0%| F|  |TAMS 0x000000070fe00000, 0x000000070fe00000| Untracked 
| 149|0x000000070ff00000, 0x000000070ff00000, 0x0000000710000000|  0%| F|  |TAMS 0x000000070ff00000, 0x000000070ff00000| Untracked 
| 150|0x0000000710000000, 0x0000000710000000, 0x0000000710100000|  0%| F|  |TAMS 0x0000000710000000, 0x0000000710000000| Untracked 
| 151|0x0000000710100000, 0x0000000710100000, 0x0000000710200000|  0%| F|  |TAMS 0x0000000710100000, 0x0000000710100000| Untracked 
| 152|0x0000000710200000, 0x0000000710200000, 0x0000000710300000|  0%| F|  |TAMS 0x0000000710200000, 0x0000000710200000| Untracked 
| 153|0x0000000710300000, 0x0000000710300000, 0x0000000710400000|  0%| F|  |TAMS 0x0000000710300000, 0x0000000710300000| Untracked 
| 154|0x0000000710400000, 0x0000000710400000, 0x0000000710500000|  0%| F|  |TAMS 0x0000000710400000, 0x0000000710400000| Untracked 
| 155|0x0000000710500000, 0x0000000710500000, 0x0000000710600000|  0%| F|  |TAMS 0x0000000710500000, 0x0000000710500000| Untracked 
| 156|0x0000000710600000, 0x0000000710600000, 0x0000000710700000|  0%| F|  |TAMS 0x0000000710600000, 0x0000000710600000| Untracked 
| 157|0x0000000710700000, 0x0000000710700000, 0x0000000710800000|  0%| F|  |TAMS 0x0000000710700000, 0x0000000710700000| Untracked 
| 158|0x0000000710800000, 0x0000000710800000, 0x0000000710900000|  0%| F|  |TAMS 0x0000000710800000, 0x0000000710800000| Untracked 
| 159|0x0000000710900000, 0x0000000710900000, 0x0000000710a00000|  0%| F|  |TAMS 0x0000000710900000, 0x0000000710900000| Untracked 
| 160|0x0000000710a00000, 0x0000000710a00000, 0x0000000710b00000|  0%| F|  |TAMS 0x0000000710a00000, 0x0000000710a00000| Untracked 
| 161|0x0000000710b00000, 0x0000000710b00000, 0x0000000710c00000|  0%| F|  |TAMS 0x0000000710b00000, 0x0000000710b00000| Untracked 
| 162|0x0000000710c00000, 0x0000000710c00000, 0x0000000710d00000|  0%| F|  |TAMS 0x0000000710c00000, 0x0000000710c00000| Untracked 
| 163|0x0000000710d00000, 0x0000000710d00000, 0x0000000710e00000|  0%| F|  |TAMS 0x0000000710d00000, 0x0000000710d00000| Untracked 
| 164|0x0000000710e00000, 0x0000000710e00000, 0x0000000710f00000|  0%| F|  |TAMS 0x0000000710e00000, 0x0000000710e00000| Untracked 
| 165|0x0000000710f00000, 0x0000000710f00000, 0x0000000711000000|  0%| F|  |TAMS 0x0000000710f00000, 0x0000000710f00000| Untracked 
| 166|0x0000000711000000, 0x0000000711000000, 0x0000000711100000|  0%| F|  |TAMS 0x0000000711000000, 0x0000000711000000| Untracked 
| 167|0x0000000711100000, 0x0000000711100000, 0x0000000711200000|  0%| F|  |TAMS 0x0000000711100000, 0x0000000711100000| Untracked 
| 168|0x0000000711200000, 0x0000000711200000, 0x0000000711300000|  0%| F|  |TAMS 0x0000000711200000, 0x0000000711200000| Untracked 
| 169|0x0000000711300000, 0x0000000711300000, 0x0000000711400000|  0%| F|  |TAMS 0x0000000711300000, 0x0000000711300000| Untracked 
| 170|0x0000000711400000, 0x0000000711400000, 0x0000000711500000|  0%| F|  |TAMS 0x0000000711400000, 0x0000000711400000| Untracked 
| 171|0x0000000711500000, 0x0000000711500000, 0x0000000711600000|  0%| F|  |TAMS 0x0000000711500000, 0x0000000711500000| Untracked 
| 172|0x0000000711600000, 0x0000000711600000, 0x0000000711700000|  0%| F|  |TAMS 0x0000000711600000, 0x0000000711600000| Untracked 
| 173|0x0000000711700000, 0x0000000711700000, 0x0000000711800000|  0%| F|  |TAMS 0x0000000711700000, 0x0000000711700000| Untracked 
| 174|0x0000000711800000, 0x0000000711800000, 0x0000000711900000|  0%| F|  |TAMS 0x0000000711800000, 0x0000000711800000| Untracked 
| 175|0x0000000711900000, 0x0000000711900000, 0x0000000711a00000|  0%| F|  |TAMS 0x0000000711900000, 0x0000000711900000| Untracked 
| 176|0x0000000711a00000, 0x0000000711a00000, 0x0000000711b00000|  0%| F|  |TAMS 0x0000000711a00000, 0x0000000711a00000| Untracked 
| 177|0x0000000711b00000, 0x0000000711b00000, 0x0000000711c00000|  0%| F|  |TAMS 0x0000000711b00000, 0x0000000711b00000| Untracked 
| 178|0x0000000711c00000, 0x0000000711c00000, 0x0000000711d00000|  0%| F|  |TAMS 0x0000000711c00000, 0x0000000711c00000| Untracked 
| 179|0x0000000711d00000, 0x0000000711d00000, 0x0000000711e00000|  0%| F|  |TAMS 0x0000000711d00000, 0x0000000711d00000| Untracked 
| 180|0x0000000711e00000, 0x0000000711e00000, 0x0000000711f00000|  0%| F|  |TAMS 0x0000000711e00000, 0x0000000711e00000| Untracked 
| 181|0x0000000711f00000, 0x0000000711f00000, 0x0000000712000000|  0%| F|  |TAMS 0x0000000711f00000, 0x0000000711f00000| Untracked 
| 182|0x0000000712000000, 0x0000000712000000, 0x0000000712100000|  0%| F|  |TAMS 0x0000000712000000, 0x0000000712000000| Untracked 
| 183|0x0000000712100000, 0x0000000712100000, 0x0000000712200000|  0%| F|  |TAMS 0x0000000712100000, 0x0000000712100000| Untracked 
| 184|0x0000000712200000, 0x0000000712200000, 0x0000000712300000|  0%| F|  |TAMS 0x0000000712200000, 0x0000000712200000| Untracked 
| 185|0x0000000712300000, 0x0000000712300000, 0x0000000712400000|  0%| F|  |TAMS 0x0000000712300000, 0x0000000712300000| Untracked 
| 186|0x0000000712400000, 0x0000000712400000, 0x0000000712500000|  0%| F|  |TAMS 0x0000000712400000, 0x0000000712400000| Untracked 
| 187|0x0000000712500000, 0x0000000712500000, 0x0000000712600000|  0%| F|  |TAMS 0x0000000712500000, 0x0000000712500000| Untracked 
| 188|0x0000000712600000, 0x0000000712600000, 0x0000000712700000|  0%| F|  |TAMS 0x0000000712600000, 0x0000000712600000| Untracked 
| 189|0x0000000712700000, 0x0000000712700000, 0x0000000712800000|  0%| F|  |TAMS 0x0000000712700000, 0x0000000712700000| Untracked 
| 190|0x0000000712800000, 0x0000000712800000, 0x0000000712900000|  0%| F|  |TAMS 0x0000000712800000, 0x0000000712800000| Untracked 
| 191|0x0000000712900000, 0x0000000712900000, 0x0000000712a00000|  0%| F|  |TAMS 0x0000000712900000, 0x0000000712900000| Untracked 
| 192|0x0000000712a00000, 0x0000000712a00000, 0x0000000712b00000|  0%| F|  |TAMS 0x0000000712a00000, 0x0000000712a00000| Untracked 
| 193|0x0000000712b00000, 0x0000000712b00000, 0x0000000712c00000|  0%| F|  |TAMS 0x0000000712b00000, 0x0000000712b00000| Untracked 
| 194|0x0000000712c00000, 0x0000000712c00000, 0x0000000712d00000|  0%| F|  |TAMS 0x0000000712c00000, 0x0000000712c00000| Untracked 
| 195|0x0000000712d00000, 0x0000000712d00000, 0x0000000712e00000|  0%| F|  |TAMS 0x0000000712d00000, 0x0000000712d00000| Untracked 
| 196|0x0000000712e00000, 0x0000000712e00000, 0x0000000712f00000|  0%| F|  |TAMS 0x0000000712e00000, 0x0000000712e00000| Untracked 
| 197|0x0000000712f00000, 0x0000000712f00000, 0x0000000713000000|  0%| F|  |TAMS 0x0000000712f00000, 0x0000000712f00000| Untracked 
| 198|0x0000000713000000, 0x0000000713000000, 0x0000000713100000|  0%| F|  |TAMS 0x0000000713000000, 0x0000000713000000| Untracked 
| 199|0x0000000713100000, 0x0000000713100000, 0x0000000713200000|  0%| F|  |TAMS 0x0000000713100000, 0x0000000713100000| Untracked 
| 200|0x0000000713200000, 0x0000000713200000, 0x0000000713300000|  0%| F|  |TAMS 0x0000000713200000, 0x0000000713200000| Untracked 
| 201|0x0000000713300000, 0x0000000713300000, 0x0000000713400000|  0%| F|  |TAMS 0x0000000713300000, 0x0000000713300000| Untracked 
| 202|0x0000000713400000, 0x0000000713400000, 0x0000000713500000|  0%| F|  |TAMS 0x0000000713400000, 0x0000000713400000| Untracked 
| 203|0x0000000713500000, 0x0000000713500000, 0x0000000713600000|  0%| F|  |TAMS 0x0000000713500000, 0x0000000713500000| Untracked 
| 204|0x0000000713600000, 0x0000000713600000, 0x0000000713700000|  0%| F|  |TAMS 0x0000000713600000, 0x0000000713600000| Untracked 
| 205|0x0000000713700000, 0x0000000713700000, 0x0000000713800000|  0%| F|  |TAMS 0x0000000713700000, 0x0000000713700000| Untracked 
| 206|0x0000000713800000, 0x0000000713800000, 0x0000000713900000|  0%| F|  |TAMS 0x0000000713800000, 0x0000000713800000| Untracked 
| 207|0x0000000713900000, 0x0000000713900000, 0x0000000713a00000|  0%| F|  |TAMS 0x0000000713900000, 0x0000000713900000| Untracked 
| 208|0x0000000713a00000, 0x0000000713a00000, 0x0000000713b00000|  0%| F|  |TAMS 0x0000000713a00000, 0x0000000713a00000| Untracked 
| 209|0x0000000713b00000, 0x0000000713b00000, 0x0000000713c00000|  0%| F|  |TAMS 0x0000000713b00000, 0x0000000713b00000| Untracked 
| 210|0x0000000713c00000, 0x0000000713c00000, 0x0000000713d00000|  0%| F|  |TAMS 0x0000000713c00000, 0x0000000713c00000| Untracked 
| 211|0x0000000713d00000, 0x0000000713d00000, 0x0000000713e00000|  0%| F|  |TAMS 0x0000000713d00000, 0x0000000713d00000| Untracked 
| 212|0x0000000713e00000, 0x0000000713e00000, 0x0000000713f00000|  0%| F|  |TAMS 0x0000000713e00000, 0x0000000713e00000| Untracked 
| 213|0x0000000713f00000, 0x0000000713f00000, 0x0000000714000000|  0%| F|  |TAMS 0x0000000713f00000, 0x0000000713f00000| Untracked 
| 214|0x0000000714000000, 0x0000000714000000, 0x0000000714100000|  0%| F|  |TAMS 0x0000000714000000, 0x0000000714000000| Untracked 
| 215|0x0000000714100000, 0x0000000714100000, 0x0000000714200000|  0%| F|  |TAMS 0x0000000714100000, 0x0000000714100000| Untracked 
| 216|0x0000000714200000, 0x0000000714200000, 0x0000000714300000|  0%| F|  |TAMS 0x0000000714200000, 0x0000000714200000| Untracked 
| 217|0x0000000714300000, 0x0000000714300000, 0x0000000714400000|  0%| F|  |TAMS 0x0000000714300000, 0x0000000714300000| Untracked 
| 218|0x0000000714400000, 0x0000000714400000, 0x0000000714500000|  0%| F|  |TAMS 0x0000000714400000, 0x0000000714400000| Untracked 
| 219|0x0000000714500000, 0x0000000714500000, 0x0000000714600000|  0%| F|  |TAMS 0x0000000714500000, 0x0000000714500000| Untracked 
| 220|0x0000000714600000, 0x0000000714600000, 0x0000000714700000|  0%| F|  |TAMS 0x0000000714600000, 0x0000000714600000| Untracked 
| 221|0x0000000714700000, 0x0000000714700000, 0x0000000714800000|  0%| F|  |TAMS 0x0000000714700000, 0x0000000714700000| Untracked 
| 222|0x0000000714800000, 0x0000000714800000, 0x0000000714900000|  0%| F|  |TAMS 0x0000000714800000, 0x0000000714800000| Untracked 
| 223|0x0000000714900000, 0x0000000714900000, 0x0000000714a00000|  0%| F|  |TAMS 0x0000000714900000, 0x0000000714900000| Untracked 
| 224|0x0000000714a00000, 0x0000000714a00000, 0x0000000714b00000|  0%| F|  |TAMS 0x0000000714a00000, 0x0000000714a00000| Untracked 
| 225|0x0000000714b00000, 0x0000000714b00000, 0x0000000714c00000|  0%| F|  |TAMS 0x0000000714b00000, 0x0000000714b00000| Untracked 
| 226|0x0000000714c00000, 0x0000000714c00000, 0x0000000714d00000|  0%| F|  |TAMS 0x0000000714c00000, 0x0000000714c00000| Untracked 
| 227|0x0000000714d00000, 0x0000000714d00000, 0x0000000714e00000|  0%| F|  |TAMS 0x0000000714d00000, 0x0000000714d00000| Untracked 
| 228|0x0000000714e00000, 0x0000000714e00000, 0x0000000714f00000|  0%| F|  |TAMS 0x0000000714e00000, 0x0000000714e00000| Untracked 
| 229|0x0000000714f00000, 0x0000000714f00000, 0x0000000715000000|  0%| F|  |TAMS 0x0000000714f00000, 0x0000000714f00000| Untracked 
| 230|0x0000000715000000, 0x0000000715000000, 0x0000000715100000|  0%| F|  |TAMS 0x0000000715000000, 0x0000000715000000| Untracked 
| 231|0x0000000715100000, 0x0000000715100000, 0x0000000715200000|  0%| F|  |TAMS 0x0000000715100000, 0x0000000715100000| Untracked 
| 232|0x0000000715200000, 0x0000000715200000, 0x0000000715300000|  0%| F|  |TAMS 0x0000000715200000, 0x0000000715200000| Untracked 
| 233|0x0000000715300000, 0x0000000715300000, 0x0000000715400000|  0%| F|  |TAMS 0x0000000715300000, 0x0000000715300000| Untracked 
| 234|0x0000000715400000, 0x0000000715400000, 0x0000000715500000|  0%| F|  |TAMS 0x0000000715400000, 0x0000000715400000| Untracked 
| 235|0x0000000715500000, 0x0000000715500000, 0x0000000715600000|  0%| F|  |TAMS 0x0000000715500000, 0x0000000715500000| Untracked 
| 236|0x0000000715600000, 0x0000000715600000, 0x0000000715700000|  0%| F|  |TAMS 0x0000000715600000, 0x0000000715600000| Untracked 
| 237|0x0000000715700000, 0x0000000715700000, 0x0000000715800000|  0%| F|  |TAMS 0x0000000715700000, 0x0000000715700000| Untracked 
| 238|0x0000000715800000, 0x0000000715800000, 0x0000000715900000|  0%| F|  |TAMS 0x0000000715800000, 0x0000000715800000| Untracked 
| 239|0x0000000715900000, 0x0000000715900000, 0x0000000715a00000|  0%| F|  |TAMS 0x0000000715900000, 0x0000000715900000| Untracked 
| 240|0x0000000715a00000, 0x0000000715a00000, 0x0000000715b00000|  0%| F|  |TAMS 0x0000000715a00000, 0x0000000715a00000| Untracked 
| 241|0x0000000715b00000, 0x0000000715b00000, 0x0000000715c00000|  0%| F|  |TAMS 0x0000000715b00000, 0x0000000715b00000| Untracked 
| 242|0x0000000715c00000, 0x0000000715c00000, 0x0000000715d00000|  0%| F|  |TAMS 0x0000000715c00000, 0x0000000715c00000| Untracked 
| 243|0x0000000715d00000, 0x0000000715d00000, 0x0000000715e00000|  0%| F|  |TAMS 0x0000000715d00000, 0x0000000715d00000| Untracked 
| 244|0x0000000715e00000, 0x0000000715e00000, 0x0000000715f00000|  0%| F|  |TAMS 0x0000000715e00000, 0x0000000715e00000| Untracked 
| 245|0x0000000715f00000, 0x0000000715f00000, 0x0000000716000000|  0%| F|  |TAMS 0x0000000715f00000, 0x0000000715f00000| Untracked 
| 246|0x0000000716000000, 0x0000000716000000, 0x0000000716100000|  0%| F|  |TAMS 0x0000000716000000, 0x0000000716000000| Untracked 
| 247|0x0000000716100000, 0x0000000716100000, 0x0000000716200000|  0%| F|  |TAMS 0x0000000716100000, 0x0000000716100000| Untracked 
| 248|0x0000000716200000, 0x0000000716200000, 0x0000000716300000|  0%| F|  |TAMS 0x0000000716200000, 0x0000000716200000| Untracked 
| 249|0x0000000716300000, 0x0000000716400000, 0x0000000716400000|100%| E|  |TAMS 0x0000000716300000, 0x0000000716300000| Complete 
|2964|0x00000007bfe00000, 0x00000007bfe47000, 0x00000007bff00000| 27%|OA|  |TAMS 0x00000007bfe00000, 0x00000007bfe00000| Untracked 
|2965|0x00000007bff00000, 0x00000007bff6b000, 0x00000007c0000000| 41%|CA|  |TAMS 0x00000007bff00000, 0x00000007bff00000| Untracked 

Card table byte_map: [0x00007f717c700000,0x00007f717cecb000] _byte_map_base: 0x00007f7178ecb000

Marking Bits (Prev, Next): (CMBitMap*) 0x00007f717807b9d8, (CMBitMap*) 0x00007f717807ba10
 Prev Bits: [0x00007f71581a8000, 0x00007f715c000000)
 Next Bits: [0x00007f7154350000, 0x00007f71581a8000)

Polling page: 0x00007f717dda6000

Metaspace:

Usage:
  Non-class:      4,00 MB capacity,   113,86 KB (  3%) used,     3,89 MB ( 97%) free+waste,    64 bytes ( <1%) overhead. 
      Class:    384,00 KB capacity,     2,46 KB ( <1%) used,   381,48 KB (>99%) free+waste,    64 bytes ( <1%) overhead. 
       Both:      4,38 MB capacity,   116,32 KB (  3%) used,     4,26 MB ( 97%) free+waste,   128 bytes ( <1%) overhead. 

Virtual space:
  Non-class space:        8,00 MB reserved,       4,00 MB ( 50%) committed 
      Class space:        1,00 GB reserved,     384,00 KB ( <1%) committed 
             Both:        1,01 GB reserved,       4,38 MB ( <1%) committed 

Chunk freelists:
   Non-Class:  0 bytes
       Class:  0 bytes
        Both:  0 bytes

MaxMetaspaceSize: unlimited
CompressedClassSpaceSize: 1,00 GB

CodeHeap 'non-profiled nmethods': size=120032Kb used=10Kb max_used=10Kb free=120022Kb
 bounds [0x00007f7168361000, 0x00007f71685d1000, 0x00007f716f899000]
CodeHeap 'profiled nmethods': size=120032Kb used=77Kb max_used=77Kb free=119955Kb
 bounds [0x00007f7160e29000, 0x00007f7161099000, 0x00007f7168361000]
CodeHeap 'non-nmethods': size=5696Kb used=975Kb max_used=975Kb free=4720Kb
 bounds [0x00007f7160899000, 0x00007f7160b09000, 0x00007f7160e29000]
 total_blobs=273 nmethods=50 adapters=150
 compilation: enabled
              stopped_count=0, restarted_count=0
 full_count=0

Compilation events (0 events):
No events

GC Heap History (0 events):
No events

Deoptimization events (0 events):
No events

Classes redefined (0 events):
No events

Internal exceptions (0 events):
No events

Events (13 events):
Event: 0,001 Protecting memory [0x00007f717ddea000,0x00007f717ddee000] with protection modes 0
Event: 0,001 Loaded shared library /usr/lib/jvm/java-11-openjdk-amd64/lib/libzip.so
Event: 0,008 Thread 0x00007f7178016800 Thread added: 0x00007f7178016800
Event: 0,009 Thread 0x00007f71781bd000 Thread added: 0x00007f71781bd000
Event: 0,009 Protecting memory [0x00007f714d5fd000,0x00007f714d601000] with protection modes 0
Event: 0,009 Thread 0x00007f71781bf000 Thread added: 0x00007f71781bf000
Event: 0,009 Protecting memory [0x00007f714d4fc000,0x00007f714d500000] with protection modes 0
Event: 0,011 Thread 0x00007f71781c6000 Thread added: 0x00007f71781c6000
Event: 0,012 Protecting memory [0x00007f714ce37000,0x00007f714ce3b000] with protection modes 0
Event: 0,012 Thread 0x00007f71781c8000 Thread added: 0x00007f71781c8000
Event: 0,012 Protecting memory [0x00007f714cd36000,0x00007f714cd3a000] with protection modes 0
Event: 0,012 Thread 0x00007f71781ca000 Thread added: 0x00007f71781ca000
Event: 0,012 Protecting memory [0x00007f714cc35000,0x00007f714cc39000] with protection modes 0


Dynamic libraries:
706a00000-716400000 rw-p 00000000 00:00 0 
716400000-7bfe00000 ---p 00000000 00:00 0 
7bfe00000-7bfe47000 rw-p 01111000 08:06 17650                            /usr/lib/jvm/java-11-openjdk-amd64/lib/server/classes.jsa
7bfe47000-7bff00000 rw-p 00000000 00:00 0 
7bff00000-7bff6b000 rw-p 010a6000 08:06 17650                            /usr/lib/jvm/java-11-openjdk-amd64/lib/server/classes.jsa
7bff6b000-7c0000000 rw-p 00000000 00:00 0 
7c0000000-800000000 ---p 00000000 00:00 0 
800000000-800002000 rwxp 00001000 08:06 17650                            /usr/lib/jvm/java-11-openjdk-amd64/lib/server/classes.jsa
800002000-8003b9000 rw-p 00003000 08:06 17650                            /usr/lib/jvm/java-11-openjdk-amd64/lib/server/classes.jsa
8003b9000-800a96000 r--p 003ba000 08:06 17650                            /usr/lib/jvm/java-11-openjdk-amd64/lib/server/classes.jsa
800a96000-800a97000 rw-p 00a97000 08:06 17650                            /usr/lib/jvm/java-11-openjdk-amd64/lib/server/classes.jsa
800a97000-8010a5000 r--p 00a98000 08:06 17650                            /usr/lib/jvm/java-11-openjdk-amd64/lib/server/classes.jsa
840000000-840060000 rw-p 00000000 00:00 0 
840060000-880000000 ---p 00000000 00:00 0 
55e7cce61000-55e7cce62000 r--p 00000000 08:06 17761                      /usr/lib/jvm/java-11-openjdk-amd64/bin/java
55e7cce62000-55e7cce63000 r-xp 00001000 08:06 17761                      /usr/lib/jvm/java-11-openjdk-amd64/bin/java
55e7cce63000-55e7cce64000 r--p 00002000 08:06 17761                      /usr/lib/jvm/java-11-openjdk-amd64/bin/java
55e7cce64000-55e7cce65000 r--p 00002000 08:06 17761                      /usr/lib/jvm/java-11-openjdk-amd64/bin/java
55e7cce65000-55e7cce66000 rw-p 00003000 08:06 17761                      /usr/lib/jvm/java-11-openjdk-amd64/bin/java
55e7ce07b000-55e7ce09c000 rw-p 00000000 00:00 0                          [heap]
7f711c000000-7f711c021000 rw-p 00000000 00:00 0 
7f711c021000-7f7120000000 ---p 00000000 00:00 0 
7f7124000000-7f71240ce000 rw-p 00000000 00:00 0 
7f71240ce000-7f7128000000 ---p 00000000 00:00 0 
7f7128000000-7f7128021000 rw-p 00000000 00:00 0 
7f7128021000-7f712c000000 ---p 00000000 00:00 0 
7f712c000000-7f712c021000 rw-p 00000000 00:00 0 
7f712c021000-7f7130000000 ---p 00000000 00:00 0 
7f7130000000-7f713003d000 rw-p 00000000 00:00 0 
7f713003d000-7f7134000000 ---p 00000000 00:00 0 
7f7134000000-7f7134021000 rw-p 00000000 00:00 0 
7f7134021000-7f7138000000 ---p 00000000 00:00 0 
7f7138000000-7f7138021000 rw-p 00000000 00:00 0 
7f7138021000-7f713c000000 ---p 00000000 00:00 0 
7f713c000000-7f713c021000 rw-p 00000000 00:00 0 
7f713c021000-7f7140000000 ---p 00000000 00:00 0 
7f7140000000-7f7140021000 rw-p 00000000 00:00 0 
7f7140021000-7f7144000000 ---p 00000000 00:00 0 
7f7144000000-7f7144021000 rw-p 00000000 00:00 0 
7f7144021000-7f7148000000 ---p 00000000 00:00 0 
7f7148000000-7f7148021000 rw-p 00000000 00:00 0 
7f7148021000-7f714c000000 ---p 00000000 00:00 0 
7f714ca33000-7f714ca37000 ---p 00000000 00:00 0 
7f714ca37000-7f714cb34000 rw-p 00000000 00:00 0 
7f714cb34000-7f714cb38000 ---p 00000000 00:00 0 
7f714cb38000-7f714cc35000 rw-p 00000000 00:00 0 
7f714cc35000-7f714cc39000 ---p 00000000 00:00 0 
7f714cc39000-7f714cd36000 rw-p 00000000 00:00 0 
7f714cd36000-7f714cd3a000 ---p 00000000 00:00 0 
7f714cd3a000-7f714ce37000 rw-p 00000000 00:00 0 
7f714ce37000-7f714ce3b000 ---p 00000000 00:00 0 
7f714ce3b000-7f714cf38000 rw-p 00000000 00:00 0 
7f714cf38000-7f714d4fc000 r--p 00000000 08:06 684211                     /usr/lib/locale/locale-archive
7f714d4fc000-7f714d500000 ---p 00000000 00:00 0 
7f714d500000-7f714d5fd000 rw-p 00000000 00:00 0 
7f714d5fd000-7f714d601000 ---p 00000000 00:00 0 
7f714d601000-7f714d6fe000 rw-p 00000000 00:00 0 
7f714d6fe000-7f714d6ff000 ---p 00000000 00:00 0 
7f714d6ff000-7f714dc00000 rw-p 00000000 00:00 0 
7f714dc00000-7f714e000000 ---p 00000000 00:00 0 
7f714e000000-7f7150000000 rw-p 00000000 00:00 0 
7f7150000000-7f7150021000 rw-p 00000000 00:00 0 
7f7150021000-7f7154000000 ---p 00000000 00:00 0 
7f71540cb000-7f715414c000 rw-p 00000000 00:00 0 
7f715414c000-7f715414d000 ---p 00000000 00:00 0 
7f715414d000-7f715424e000 rw-p 00000000 00:00 0 
7f715424e000-7f715424f000 ---p 00000000 00:00 0 
7f715424f000-7f7154738000 rw-p 00000000 00:00 0 
7f7154738000-7f71571a0000 ---p 00000000 00:00 0 
7f71571a0000-7f71571a8000 rw-p 00000000 00:00 0 
7f71571a8000-7f71581a8000 ---p 00000000 00:00 0 
7f71581a8000-7f7158590000 rw-p 00000000 00:00 0 
7f7158590000-7f715aff8000 ---p 00000000 00:00 0 
7f715aff8000-7f715b000000 rw-p 00000000 00:00 0 
7f715b000000-7f715c000000 ---p 00000000 00:00 0 
7f715c000000-7f715c021000 rw-p 00000000 00:00 0 
7f715c021000-7f7160000000 ---p 00000000 00:00 0 
7f7160073000-7f716014b000 rw-p 00000000 00:00 0 
7f716014b000-7f7160698000 ---p 00000000 00:00 0 
7f7160698000-7f7160699000 rw-p 00000000 00:00 0 
7f7160699000-7f7160899000 ---p 00000000 00:00 0 
7f7160899000-7f7160b09000 rwxp 00000000 00:00 0 
7f7160b09000-7f7160e29000 ---p 00000000 00:00 0 
7f7160e29000-7f7161099000 rwxp 00000000 00:00 0 
7f7161099000-7f7168361000 ---p 00000000 00:00 0 
7f7168361000-7f71685d1000 rwxp 00000000 00:00 0 
7f71685d1000-7f716f899000 ---p 00000000 00:00 0 
7f716f899000-7f7178000000 r--s 00000000 08:06 17924                      /usr/lib/jvm/java-11-openjdk-amd64/lib/modules
7f7178000000-7f7178218000 rw-p 00000000 00:00 0 
7f7178218000-7f717c000000 ---p 00000000 00:00 0 
7f717c009000-7f717c477000 rw-p 00000000 00:00 0 
7f717c477000-7f717c478000 ---p 00000000 00:00 0 
7f717c478000-7f717c579000 rw-p 00000000 00:00 0 
7f717c579000-7f717c57a000 ---p 00000000 00:00 0 
7f717c57a000-7f717c77d000 rw-p 00000000 00:00 0 
7f717c77d000-7f717ccca000 ---p 00000000 00:00 0 
7f717ccca000-7f717cccb000 rw-p 00000000 00:00 0 
7f717cccb000-7f717cecb000 ---p 00000000 00:00 0 
7f717cecb000-7f717cf48000 rw-p 00000000 00:00 0 
7f717cf48000-7f717d495000 ---p 00000000 00:00 0 
7f717d495000-7f717d496000 rw-p 00000000 00:00 0 
7f717d496000-7f717d696000 ---p 00000000 00:00 0 
7f717d696000-7f717da9a000 rw-p 00000000 00:00 0 
7f717da9a000-7f717da9b000 ---p 00000000 00:00 0 
7f717da9b000-7f717dba1000 rw-p 00000000 00:00 0 
7f717dba1000-7f717dc87000 ---p 00000000 00:00 0 
7f717dc87000-7f717dc8c000 rw-p 00000000 00:00 0 
7f717dc8c000-7f717dd72000 ---p 00000000 00:00 0 
7f717dd72000-7f717dd77000 rw-p 00000000 00:00 0 
7f717dd77000-7f717dd7e000 ---p 00000000 00:00 0 
7f717dd7e000-7f717dd80000 r--s 0000c000 08:06 938845                     /usr/share/java/java-atk-wrapper.jar
7f717dd80000-7f717dd83000 r--p 00000000 08:06 657553                     /usr/lib/x86_64-linux-gnu/libnss_files-2.31.so
7f717dd83000-7f717dd8a000 r-xp 00003000 08:06 657553                     /usr/lib/x86_64-linux-gnu/libnss_files-2.31.so
7f717dd8a000-7f717dd8c000 r--p 0000a000 08:06 657553                     /usr/lib/x86_64-linux-gnu/libnss_files-2.31.so
7f717dd8c000-7f717dd8d000 r--p 0000b000 08:06 657553                     /usr/lib/x86_64-linux-gnu/libnss_files-2.31.so
7f717dd8d000-7f717dd8e000 rw-p 0000c000 08:06 657553                     /usr/lib/x86_64-linux-gnu/libnss_files-2.31.so
7f717dd8e000-7f717dd94000 rw-p 00000000 00:00 0 
7f717dd94000-7f717dd96000 r--p 00000000 08:06 17923                      /usr/lib/jvm/java-11-openjdk-amd64/lib/libzip.so
7f717dd96000-7f717dd9a000 r-xp 00002000 08:06 17923                      /usr/lib/jvm/java-11-openjdk-amd64/lib/libzip.so
7f717dd9a000-7f717dd9c000 r--p 00006000 08:06 17923                      /usr/lib/jvm/java-11-openjdk-amd64/lib/libzip.so
7f717dd9c000-7f717dd9d000 r--p 00007000 08:06 17923                      /usr/lib/jvm/java-11-openjdk-amd64/lib/libzip.so
7f717dd9d000-7f717dd9e000 rw-p 00008000 08:06 17923                      /usr/lib/jvm/java-11-openjdk-amd64/lib/libzip.so
7f717dd9e000-7f717dda6000 rw-s 00000000 08:06 532000                     /tmp/hsperfdata_root/19349
7f717dda6000-7f717dda7000 ---p 00000000 00:00 0 
7f717dda7000-7f717dda8000 r--p 00000000 00:00 0 
7f717dda8000-7f717ddaa000 r--p 00000000 08:06 17906                      /usr/lib/jvm/java-11-openjdk-amd64/lib/libjimage.so
7f717ddaa000-7f717ddad000 r-xp 00002000 08:06 17906                      /usr/lib/jvm/java-11-openjdk-amd64/lib/libjimage.so
7f717ddad000-7f717ddae000 r--p 00005000 08:06 17906                      /usr/lib/jvm/java-11-openjdk-amd64/lib/libjimage.so
7f717ddae000-7f717ddaf000 ---p 00006000 08:06 17906                      /usr/lib/jvm/java-11-openjdk-amd64/lib/libjimage.so
7f717ddaf000-7f717ddb0000 r--p 00006000 08:06 17906                      /usr/lib/jvm/java-11-openjdk-amd64/lib/libjimage.so
7f717ddb0000-7f717ddb1000 rw-p 00007000 08:06 17906                      /usr/lib/jvm/java-11-openjdk-amd64/lib/libjimage.so
7f717ddb1000-7f717ddbf000 r--p 00000000 08:06 17902                      /usr/lib/jvm/java-11-openjdk-amd64/lib/libjava.so
7f717ddbf000-7f717ddd5000 r-xp 0000e000 08:06 17902                      /usr/lib/jvm/java-11-openjdk-amd64/lib/libjava.so
7f717ddd5000-7f717dddc000 r--p 00024000 08:06 17902                      /usr/lib/jvm/java-11-openjdk-amd64/lib/libjava.so
7f717dddc000-7f717dddd000 r--p 0002a000 08:06 17902                      /usr/lib/jvm/java-11-openjdk-amd64/lib/libjava.so
7f717dddd000-7f717ddde000 rw-p 0002b000 08:06 17902                      /usr/lib/jvm/java-11-openjdk-amd64/lib/libjava.so
7f717ddde000-7f717dddf000 rw-p 00000000 00:00 0 
7f717dddf000-7f717dde2000 r--p 00000000 08:06 657564                     /usr/lib/x86_64-linux-gnu/librt-2.31.so
7f717dde2000-7f717dde6000 r-xp 00003000 08:06 657564                     /usr/lib/x86_64-linux-gnu/librt-2.31.so
7f717dde6000-7f717dde7000 r--p 00007000 08:06 657564                     /usr/lib/x86_64-linux-gnu/librt-2.31.so
7f717dde7000-7f717dde8000 ---p 00008000 08:06 657564                     /usr/lib/x86_64-linux-gnu/librt-2.31.so
7f717dde8000-7f717dde9000 r--p 00008000 08:06 657564                     /usr/lib/x86_64-linux-gnu/librt-2.31.so
7f717dde9000-7f717ddea000 rw-p 00009000 08:06 657564                     /usr/lib/x86_64-linux-gnu/librt-2.31.so
7f717ddea000-7f717ddee000 ---p 00000000 00:00 0 
7f717ddee000-7f717deeb000 rw-p 00000000 00:00 0 
7f717deeb000-7f717deee000 r--p 00000000 08:06 657536                     /usr/lib/x86_64-linux-gnu/libgcc_s.so.1
7f717deee000-7f717df00000 r-xp 00003000 08:06 657536                     /usr/lib/x86_64-linux-gnu/libgcc_s.so.1
7f717df00000-7f717df04000 r--p 00015000 08:06 657536                     /usr/lib/x86_64-linux-gnu/libgcc_s.so.1
7f717df04000-7f717df05000 r--p 00018000 08:06 657536                     /usr/lib/x86_64-linux-gnu/libgcc_s.so.1
7f717df05000-7f717df06000 rw-p 00019000 08:06 657536                     /usr/lib/x86_64-linux-gnu/libgcc_s.so.1
7f717df06000-7f717df15000 r--p 00000000 08:06 657547                     /usr/lib/x86_64-linux-gnu/libm-2.31.so
7f717df15000-7f717dfbc000 r-xp 0000f000 08:06 657547                     /usr/lib/x86_64-linux-gnu/libm-2.31.so
7f717dfbc000-7f717e053000 r--p 000b6000 08:06 657547                     /usr/lib/x86_64-linux-gnu/libm-2.31.so
7f717e053000-7f717e054000 r--p 0014c000 08:06 657547                     /usr/lib/x86_64-linux-gnu/libm-2.31.so
7f717e054000-7f717e055000 rw-p 0014d000 08:06 657547                     /usr/lib/x86_64-linux-gnu/libm-2.31.so
7f717e055000-7f717e0eb000 r--p 00000000 08:06 657539                     /usr/lib/x86_64-linux-gnu/libstdc++.so.6.0.28
7f717e0eb000-7f717e1db000 r-xp 00096000 08:06 657539                     /usr/lib/x86_64-linux-gnu/libstdc++.so.6.0.28
7f717e1db000-7f717e224000 r--p 00186000 08:06 657539                     /usr/lib/x86_64-linux-gnu/libstdc++.so.6.0.28
7f717e224000-7f717e225000 ---p 001cf000 08:06 657539                     /usr/lib/x86_64-linux-gnu/libstdc++.so.6.0.28
7f717e225000-7f717e230000 r--p 001cf000 08:06 657539                     /usr/lib/x86_64-linux-gnu/libstdc++.so.6.0.28
7f717e230000-7f717e233000 rw-p 001da000 08:06 657539                     /usr/lib/x86_64-linux-gnu/libstdc++.so.6.0.28
7f717e233000-7f717e236000 rw-p 00000000 00:00 0 
7f717e236000-7f717e4af000 r--p 00000000 08:06 17929                      /usr/lib/jvm/java-11-openjdk-amd64/lib/server/libjvm.so
7f717e4af000-7f717f12c000 r-xp 00279000 08:06 17929                      /usr/lib/jvm/java-11-openjdk-amd64/lib/server/libjvm.so
7f717f12c000-7f717f382000 r--p 00ef6000 08:06 17929                      /usr/lib/jvm/java-11-openjdk-amd64/lib/server/libjvm.so
7f717f382000-7f717f443000 r--p 0114b000 08:06 17929                      /usr/lib/jvm/java-11-openjdk-amd64/lib/server/libjvm.so
7f717f443000-7f717f47e000 rw-p 0120c000 08:06 17929                      /usr/lib/jvm/java-11-openjdk-amd64/lib/server/libjvm.so
7f717f47e000-7f717f4d7000 rw-p 00000000 00:00 0 
7f717f4d7000-7f717f4de000 r--p 00000000 08:06 657562                     /usr/lib/x86_64-linux-gnu/libpthread-2.31.so
7f717f4de000-7f717f4ef000 r-xp 00007000 08:06 657562                     /usr/lib/x86_64-linux-gnu/libpthread-2.31.so
7f717f4ef000-7f717f4f4000 r--p 00018000 08:06 657562                     /usr/lib/x86_64-linux-gnu/libpthread-2.31.so
7f717f4f4000-7f717f4f5000 r--p 0001c000 08:06 657562                     /usr/lib/x86_64-linux-gnu/libpthread-2.31.so
7f717f4f5000-7f717f4f6000 rw-p 0001d000 08:06 657562                     /usr/lib/x86_64-linux-gnu/libpthread-2.31.so
7f717f4f6000-7f717f4fa000 rw-p 00000000 00:00 0 
7f717f4fa000-7f717f4fb000 r--p 00000000 08:06 657546                     /usr/lib/x86_64-linux-gnu/libdl-2.31.so
7f717f4fb000-7f717f4fd000 r-xp 00001000 08:06 657546                     /usr/lib/x86_64-linux-gnu/libdl-2.31.so
7f717f4fd000-7f717f4fe000 r--p 00003000 08:06 657546                     /usr/lib/x86_64-linux-gnu/libdl-2.31.so
7f717f4fe000-7f717f4ff000 r--p 00003000 08:06 657546                     /usr/lib/x86_64-linux-gnu/libdl-2.31.so
7f717f4ff000-7f717f500000 rw-p 00004000 08:06 657546                     /usr/lib/x86_64-linux-gnu/libdl-2.31.so
7f717f500000-7f717f502000 r--p 00000000 08:06 655555                     /usr/lib/x86_64-linux-gnu/libz.so.1.2.11
7f717f502000-7f717f513000 r-xp 00002000 08:06 655555                     /usr/lib/x86_64-linux-gnu/libz.so.1.2.11
7f717f513000-7f717f519000 r--p 00013000 08:06 655555                     /usr/lib/x86_64-linux-gnu/libz.so.1.2.11
7f717f519000-7f717f51a000 ---p 00019000 08:06 655555                     /usr/lib/x86_64-linux-gnu/libz.so.1.2.11
7f717f51a000-7f717f51b000 r--p 00019000 08:06 655555                     /usr/lib/x86_64-linux-gnu/libz.so.1.2.11
7f717f51b000-7f717f51c000 rw-p 0001a000 08:06 655555                     /usr/lib/x86_64-linux-gnu/libz.so.1.2.11
7f717f51c000-7f717f541000 r--p 00000000 08:06 657545                     /usr/lib/x86_64-linux-gnu/libc-2.31.so
7f717f541000-7f717f6b9000 r-xp 00025000 08:06 657545                     /usr/lib/x86_64-linux-gnu/libc-2.31.so
7f717f6b9000-7f717f703000 r--p 0019d000 08:06 657545                     /usr/lib/x86_64-linux-gnu/libc-2.31.so
7f717f703000-7f717f704000 ---p 001e7000 08:06 657545                     /usr/lib/x86_64-linux-gnu/libc-2.31.so
7f717f704000-7f717f707000 r--p 001e7000 08:06 657545                     /usr/lib/x86_64-linux-gnu/libc-2.31.so
7f717f707000-7f717f70a000 rw-p 001ea000 08:06 657545                     /usr/lib/x86_64-linux-gnu/libc-2.31.so
7f717f70a000-7f717f70e000 rw-p 00000000 00:00 0 
7f717f70e000-7f717f713000 r--p 00000000 08:06 17922                      /usr/lib/jvm/java-11-openjdk-amd64/lib/libverify.so
7f717f713000-7f717f71a000 r-xp 00005000 08:06 17922                      /usr/lib/jvm/java-11-openjdk-amd64/lib/libverify.so
7f717f71a000-7f717f71c000 r--p 0000c000 08:06 17922                      /usr/lib/jvm/java-11-openjdk-amd64/lib/libverify.so
7f717f71c000-7f717f71d000 ---p 0000e000 08:06 17922                      /usr/lib/jvm/java-11-openjdk-amd64/lib/libverify.so
7f717f71d000-7f717f71f000 r--p 0000e000 08:06 17922                      /usr/lib/jvm/java-11-openjdk-amd64/lib/libverify.so
7f717f71f000-7f717f720000 rw-p 00010000 08:06 17922                      /usr/lib/jvm/java-11-openjdk-amd64/lib/libverify.so
7f717f720000-7f717f723000 r--p 00000000 08:06 17886                      /usr/lib/jvm/java-11-openjdk-amd64/lib/jli/libjli.so
7f717f723000-7f717f72d000 r-xp 00003000 08:06 17886                      /usr/lib/jvm/java-11-openjdk-amd64/lib/jli/libjli.so
7f717f72d000-7f717f730000 r--p 0000d000 08:06 17886                      /usr/lib/jvm/java-11-openjdk-amd64/lib/jli/libjli.so
7f717f730000-7f717f731000 ---p 00010000 08:06 17886                      /usr/lib/jvm/java-11-openjdk-amd64/lib/jli/libjli.so
7f717f731000-7f717f732000 r--p 00010000 08:06 17886                      /usr/lib/jvm/java-11-openjdk-amd64/lib/jli/libjli.so
7f717f732000-7f717f733000 rw-p 00011000 08:06 17886                      /usr/lib/jvm/java-11-openjdk-amd64/lib/jli/libjli.so
7f717f733000-7f717f735000 rw-p 00000000 00:00 0 
7f717f735000-7f717f736000 r--p 00000000 08:06 657541                     /usr/lib/x86_64-linux-gnu/ld-2.31.so
7f717f736000-7f717f759000 r-xp 00001000 08:06 657541                     /usr/lib/x86_64-linux-gnu/ld-2.31.so
7f717f759000-7f717f761000 r--p 00024000 08:06 657541                     /usr/lib/x86_64-linux-gnu/ld-2.31.so
7f717f762000-7f717f763000 r--p 0002c000 08:06 657541                     /usr/lib/x86_64-linux-gnu/ld-2.31.so
7f717f763000-7f717f764000 rw-p 0002d000 08:06 657541                     /usr/lib/x86_64-linux-gnu/ld-2.31.so
7f717f764000-7f717f765000 rw-p 00000000 00:00 0 
7fff8dd98000-7fff8ddb9000 rw-p 00000000 00:00 0                          [stack]
7fff8ddec000-7fff8ddf0000 r--p 00000000 00:00 0                          [vvar]
7fff8ddf0000-7fff8ddf2000 r-xp 00000000 00:00 0                          [vdso]
ffffffffff600000-ffffffffff601000 --xp 00000000 00:00 0                  [vsyscall]


VM Arguments:
jvm_args: -Dmaven.home=/home/johannes/dev/camunda-alanda-setup -Dmaven.multiModuleProjectDirectory=/home/johannes/dev/camunda-alanda-setup/com.alanda.camunda.services 
java_command: org.apache.maven.wrapper.MavenWrapperMain -f pom.xml clean install -U
java_class_path (initial): /home/johannes/dev/camunda-alanda-setup/com.alanda.camunda.services/.mvn/wrapper/maven-wrapper.jar
Launcher Type: SUN_STANDARD

[Global flags]
     intx CICompilerCount                          = 3                                         {product} {ergonomic}
     uint ConcGCThreads                            = 1                                         {product} {ergonomic}
     uint G1ConcRefinementThreads                  = 4                                         {product} {ergonomic}
   size_t G1HeapRegionSize                         = 1048576                                   {product} {ergonomic}
    uintx GCDrainStackTargetSize                   = 64                                        {product} {ergonomic}
   size_t InitialHeapSize                          = 262144000                                 {product} {ergonomic}
   size_t MarkStackSize                            = 4194304                                   {product} {ergonomic}
   size_t MaxHeapSize                              = 4183818240                                {product} {ergonomic}
   size_t MaxNewSize                               = 2510290944                                {product} {ergonomic}
   size_t MinHeapDeltaBytes                        = 1048576                                   {product} {ergonomic}
    uintx NonNMethodCodeHeapSize                   = 5830732                                {pd product} {ergonomic}
    uintx NonProfiledCodeHeapSize                  = 122913754                              {pd product} {ergonomic}
    uintx ProfiledCodeHeapSize                     = 122913754                              {pd product} {ergonomic}
    uintx ReservedCodeCacheSize                    = 251658240                              {pd product} {ergonomic}
     bool SegmentedCodeCache                       = true                                      {product} {ergonomic}
     bool UseCompressedClassPointers               = true                                 {lp64_product} {ergonomic}
     bool UseCompressedOops                        = true                                 {lp64_product} {ergonomic}
     bool UseG1GC                                  = true                                      {product} {ergonomic}

Logging:
Log output configuration:
 #0: stdout all=warning uptime,level,tags
 #1: stderr all=off uptime,level,tags

Environment Variables:
JAVA_HOME=/usr/lib/jvm/java-11-openjdk-amd64
PATH=/usr/lib/jvm/java-11-openjdk-amd64/bin:/usr/local/sbin:/usr/local/bin:/usr/sbin:/usr/bin:/sbin:/bin:/snap/bin
SHELL=/bin/bash
DISPLAY=:0
LANG=en_US.UTF-8

Signal Handlers:
SIGSEGV: [libjvm.so+0xe824c0], sa_mask[0]=11111111011111111101111111111110, sa_flags=SA_RESTART|SA_SIGINFO
SIGBUS: [libjvm.so+0xe824c0], sa_mask[0]=11111111011111111101111111111110, sa_flags=SA_RESTART|SA_SIGINFO
SIGFPE: [libjvm.so+0xe824c0], sa_mask[0]=11111111011111111101111111111110, sa_flags=SA_RESTART|SA_SIGINFO
SIGPIPE: [libjvm.so+0xbc8ee0], sa_mask[0]=11111111011111111101111111111110, sa_flags=SA_RESTART|SA_SIGINFO
SIGXFSZ: [libjvm.so+0xbc8ee0], sa_mask[0]=11111111011111111101111111111110, sa_flags=SA_RESTART|SA_SIGINFO
SIGILL: [libjvm.so+0xe824c0], sa_mask[0]=11111111011111111101111111111110, sa_flags=SA_RESTART|SA_SIGINFO
SIGUSR2: [libjvm.so+0xbc8d80], sa_mask[0]=00000000000000000000000000000000, sa_flags=SA_RESTART|SA_SIGINFO
SIGHUP: [libjvm.so+0xbc9220], sa_mask[0]=11111111011111111101111111111110, sa_flags=SA_RESTART|SA_SIGINFO
SIGINT: [libjvm.so+0xbc9220], sa_mask[0]=11111111011111111101111111111110, sa_flags=SA_RESTART|SA_SIGINFO
SIGTERM: [libjvm.so+0xbc9220], sa_mask[0]=11111111011111111101111111111110, sa_flags=SA_RESTART|SA_SIGINFO
SIGQUIT: [libjvm.so+0xbc9220], sa_mask[0]=11111111011111111101111111111110, sa_flags=SA_RESTART|SA_SIGINFO


---------------  S Y S T E M  ---------------

OS:DISTRIB_ID=Ubuntu
DISTRIB_RELEASE=20.04
DISTRIB_CODENAME=focal
DISTRIB_DESCRIPTION="Ubuntu 20.04.1 LTS"
uname:Linux 5.8.0-36-generic #40~20.04.1-Ubuntu SMP Wed Jan 6 10:15:55 UTC 2021 x86_64
OS uptime: 0 days 0:51 hours
libc:glibc 2.31 NPTL 2.31 
rlimit (soft/hard): STACK 8192k/infinity , CORE 0k/infinity , NPROC 63611/63611 , NOFILE 1048576/1048576 , AS infinity/infinity , CPU infinity/infinity , DATA infinity/infinity , FSIZE infinity/infinity , MEMLOCK 65536k/65536k
load average:0,56 1,41 1,62

/proc/meminfo:
MemTotal:       16342992 kB
MemFree:         4437800 kB
MemAvailable:   10299192 kB
Buffers:          160448 kB
Cached:          5967352 kB
SwapCached:            0 kB
Active:          7414528 kB
Inactive:        3871544 kB
Active(anon):    5144072 kB
Inactive(anon):   194300 kB
Active(file):    2270456 kB
Inactive(file):  3677244 kB
Unevictable:          80 kB
Mlocked:              80 kB
SwapTotal:        878160 kB
SwapFree:         878160 kB
Dirty:              5952 kB
Writeback:             0 kB
AnonPages:       5158352 kB
Mapped:          1369252 kB
Shmem:            201508 kB
KReclaimable:     249684 kB
Slab:             426136 kB
SReclaimable:     249684 kB
SUnreclaim:       176452 kB
KernelStack:       20032 kB
PageTables:        58056 kB
NFS_Unstable:          0 kB
Bounce:                0 kB
WritebackTmp:          0 kB
CommitLimit:     9049656 kB
Committed_AS:   15647584 kB
VmallocTotal:   34359738367 kB
VmallocUsed:       37200 kB
VmallocChunk:          0 kB
Percpu:             4640 kB
HardwareCorrupted:     0 kB
AnonHugePages:         0 kB
ShmemHugePages:        0 kB
ShmemPmdMapped:        0 kB
FileHugePages:         0 kB
FilePmdMapped:         0 kB
HugePages_Total:       0
HugePages_Free:        0
HugePages_Rsvd:        0
HugePages_Surp:        0
Hugepagesize:       2048 kB
Hugetlb:               0 kB
DirectMap4k:      414288 kB
DirectMap2M:    13162496 kB
DirectMap1G:     4194304 kB

/sys/kernel/mm/transparent_hugepage/enabled:
always [madvise] never
/sys/kernel/mm/transparent_hugepage/defrag (defrag/compaction efforts parameter):
always defer defer+madvise [madvise] never

/proc/sys/kernel/threads-max (system-wide limit on the number of threads):
127223
/proc/sys/vm/max_map_count (maximum number of memory map areas a process may have):
65530
/proc/sys/kernel/pid_max (system-wide limit on number of process identifiers):
4194304

container (cgroup) information:
container_type: cgroupv1
cpu_cpuset_cpus: 0-3
cpu_memory_nodes: 0
active_processor_count: 4
cpu_quota: -1
cpu_period: 100000
cpu_shares: -1
memory_limit_in_bytes: -1
memory_and_swap_limit_in_bytes: -1
memory_soft_limit_in_bytes: -1
memory_usage_in_bytes: 7351091200
memory_max_usage_in_bytes: 7942844416

Steal ticks since vm start: 0
Steal ticks percentage since vm start:  0,000

CPU:total 4 (initial active 4) (4 cores per cpu, 1 threads per core) family 6 model 60 stepping 3, cmov, cx8, fxsr, mmx, sse, sse2, sse3, ssse3, sse4.1, sse4.2, popcnt, avx, avx2, aes, clmul, erms, lzcnt, tsc, tscinvbit, bmi1, bmi2, fma
CPU Model and flags from /proc/cpuinfo:
model name	: Intel(R) Core(TM) i5-4690K CPU @ 3.50GHz
flags		: fpu vme de pse tsc msr pae mce cx8 apic sep mtrr pge mca cmov pat pse36 clflush dts acpi mmx fxsr sse sse2 ss ht tm pbe syscall nx pdpe1gb rdtscp lm constant_tsc arch_perfmon pebs bts rep_good nopl xtopology nonstop_tsc cpuid aperfmperf pni pclmulqdq dtes64 monitor ds_cpl vmx est tm2 ssse3 sdbg fma cx16 xtpr pdcm pcid sse4_1 sse4_2 x2apic movbe popcnt tsc_deadline_timer aes xsave avx f16c rdrand lahf_lm abm cpuid_fault invpcid_single pti ssbd ibrs ibpb stibp tpr_shadow vnmi flexpriority ept vpid ept_ad fsgsbase tsc_adjust bmi1 avx2 smep bmi2 erms invpcid xsaveopt dtherm ida arat pln pts md_clear flush_l1d
Online cpus:
0-3
Offline cpus:

BIOS frequency limitation:
<Not Available>
Frequency switch latency (ns):
20000
Available cpu frequencies:
<Not Available>
Current governor:
ondemand
Core performance/turbo boost:
<Not Available>

Memory: 4k page, physical 16342992k(4437800k free), swap 878160k(878160k free)

vm_info: OpenJDK 64-Bit Server VM (11.0.9.1+1-Ubuntu-0ubuntu1.20.04) for linux-amd64 JRE (11.0.9.1+1-Ubuntu-0ubuntu1.20.04), built on Nov 10 2020 04:18:42 by "unknown" with gcc 9.3.0

END.
