#
# A fatal error has been detected by the Java Runtime Environment:
#
#  SIGSEGV (0xb) at pc=0x00007f4e2bb1e614, pid=17152, tid=17167
#
# JRE version: OpenJDK Runtime Environment (11.0.9.1+1) (build 11.0.9.1+1-Ubuntu-0ubuntu1.20.04)
# Java VM: OpenJDK 64-Bit Server VM (11.0.9.1+1-Ubuntu-0ubuntu1.20.04, mixed mode, sharing, tiered, compressed oops, g1 gc, linux-amd64)
# Problematic frame:
# V  [libjvm.so+0x54e614]
#
# Core dump will be written. Default location: Core dumps may be processed with "/usr/share/apport/apport %p %s %c %d %P %E" (or dumping to /home/johannes/dev/camunda-alanda-setup/com.alanda.process.services/core.17152)
#
# If you would like to submit a bug report, please visit:
#   https://bugs.launchpad.net/ubuntu/+source/openjdk-lts
#

---------------  S U M M A R Y ------------

Command Line: /home/johannes/dev/camunda-alanda-setup/com.alanda.process.services/target/surefire/surefirebooter1271533837162894512.jar /home/johannes/dev/camunda-alanda-setup/com.alanda.process.services/target/surefire 2021-01-10T23-23-23_200-jvmRun1 surefire5329399718809526187tmp surefire_012292219973807007826tmp

Host: Intel(R) Core(TM) i5-4690K CPU @ 3.50GHz, 4 cores, 15G, Ubuntu 20.04.1 LTS
Time: Sun Jan 10 23:23:23 2021 CET elapsed time: 0.108682 seconds (0d 0h 0m 0s)

---------------  T H R E A D  ---------------

Current thread (0x00007f4e2422f000):  JavaThread "C2 CompilerThread0" daemon [_thread_in_native, id=17167, stack(0x00007f4e0014e000,0x00007f4e0024f000)]


Current CompileTask:
C2:    108  283       4       java.lang.StringLatin1::equals (36 bytes)

Stack: [0x00007f4e0014e000,0x00007f4e0024f000],  sp=0x00007f4e0024a720,  free space=1009k
Native frames: (J=compiled Java code, A=aot compiled Java code, j=interpreted, Vv=VM code, C=native code)
V  [libjvm.so+0x54e614]
V  [libjvm.so+0xc2b3ea]
V  [libjvm.so+0xc27c79]
V  [libjvm.so+0xa83193]
V  [libjvm.so+0x60d117]
V  [libjvm.so+0x60e0e5]
V  [libjvm.so+0x53598f]
V  [libjvm.so+0x617261]
V  [libjvm.so+0x618438]
V  [libjvm.so+0xe17ccf]
V  [libjvm.so+0xe14330]
V  [libjvm.so+0xbd26e6]


siginfo: si_signo: 11 (SIGSEGV), si_code: 2 (SEGV_ACCERR), si_addr: 0x00007f4dd0ba5324

Register to memory mapping:

RAX=0x00007f4dd0015340 points into unknown readable memory: f8 52 ba d0 4d 7f 00 00
RBX=0x00007f4e2c81ee30: <offset 0x000000000124ee30> in /usr/lib/jvm/java-11-openjdk-amd64/lib/server/libjvm.so at 0x00007f4e2b5d0000
RCX=0x00007f4dd0ba52f8 is an unknown value
RDX=0x0000000000000001 is an unknown value
RSP=0x00007f4e0024a720 is pointing into the stack for thread: 0x00007f4e2422f000
RBP=0x00007f4e0024a7c0 is pointing into the stack for thread: 0x00007f4e2422f000
RSI=0x00007f4dd0015348 points into unknown readable memory: e8 b1 30 24 4e 7f 00 00
RDI=0x00007f4dd00152f8 points into unknown readable memory: 58 72 7c 2c 4e 7f 00 00
R8 =0x00007f4dd00152f8 points into unknown readable memory: 58 72 7c 2c 4e 7f 00 00
R9 =0x0 is NULL
R10=0x0 is NULL
R11=0x0000000000000008 is an unknown value
R12=0x0000000000000071 is an unknown value
R13=0x00007f4e2ba2b920: <offset 0x000000000045b920> in /usr/lib/jvm/java-11-openjdk-amd64/lib/server/libjvm.so at 0x00007f4e2b5d0000
R14=0x00007f4dd00152f8 points into unknown readable memory: 58 72 7c 2c 4e 7f 00 00
R15=0x00007f4e0024adf0 is pointing into the stack for thread: 0x00007f4e2422f000


Registers:
RAX=0x00007f4dd0015340, RBX=0x00007f4e2c81ee30, RCX=0x00007f4dd0ba52f8, RDX=0x0000000000000001
RSP=0x00007f4e0024a720, RBP=0x00007f4e0024a7c0, RSI=0x00007f4dd0015348, RDI=0x00007f4dd00152f8
R8 =0x00007f4dd00152f8, R9 =0x0000000000000000, R10=0x0000000000000000, R11=0x0000000000000008
R12=0x0000000000000071, R13=0x00007f4e2ba2b920, R14=0x00007f4dd00152f8, R15=0x00007f4e0024adf0
RIP=0x00007f4e2bb1e614, EFLAGS=0x0000000000010293, CSGSFS=0x002b000000000033, ERR=0x0000000000000004
  TRAPNO=0x000000000000000e

Top of Stack: (sp=0x00007f4e0024a720)
0x00007f4e0024a720:   00007f4dd00153c0 00007f4e0024cf50
0x00007f4e0024a730:   00007f4dd00155c8 00007f4e0024adf0
0x00007f4e0024a740:   00007f4e24305d70 00007f4e00000001
0x00007f4e0024a750:   00007f4e0024a7c0 00007f4e2c1f8001 

Instructions: (pc=0x00007f4e2bb1e614)
0x00007f4e2bb1e514:   0f 1f 40 00 48 8b 7d a8 31 db 48 8b 07 ff 50 28
0x00007f4e2bb1e524:   4c 89 f7 44 89 fe 49 89 c5 e8 0e d3 64 00 41 8b
0x00007f4e2bb1e534:   46 20 41 8b 7e 18 45 31 c0 44 89 bd 78 ff ff ff
0x00007f4e2bb1e544:   89 45 b0 89 c1 49 8d 85 88 09 00 00 48 89 45 90
0x00007f4e2bb1e554:   0f 1f 40 00 39 cb 73 74 49 8b 46 10 89 da 83 c3
0x00007f4e2bb1e564:   01 4c 8b 24 d0 41 39 7c 24 18 74 e8 41 0f b7 44
0x00007f4e2bb1e574:   24 2c 83 e0 0f 66 83 f8 0c 75 d9 48 8b 7d 90 4c
0x00007f4e2bb1e584:   89 e6 44 88 45 b8 e8 f1 6f 6d 00 4c 89 e9 31 d2
0x00007f4e2bb1e594:   44 89 fe 4c 89 e7 e8 81 b2 6d 00 4c 89 e7 44 89
0x00007f4e2bb1e5a4:   fe e8 96 d2 64 00 41 8b 4e 20 3b 4d b0 41 8b 7e
0x00007f4e2bb1e5b4:   18 44 0f b6 45 b8 74 9c 39 d9 0f 86 d6 01 00 00
0x00007f4e2bb1e5c4:   89 4d b0 44 0f b6 45 98 eb 8e 66 90 45 84 c0 0f
0x00007f4e2bb1e5d4:   84 d7 06 00 00 85 c9 0f 84 06 fa ff ff 45 31 c0
0x00007f4e2bb1e5e4:   31 db e9 71 ff ff ff 0f 1f 44 00 00 48 8b 47 10
0x00007f4e2bb1e5f4:   8b 57 20 48 8d 34 d0 48 39 f0 72 11 eb 40 66 0f
0x00007f4e2bb1e604:   1f 44 00 00 48 83 c0 08 48 39 f0 73 31 48 8b 08
0x00007f4e2bb1e614:   0f b7 51 2c 83 e2 0f 66 83 fa 0c 75 e7 48 85 c9
0x00007f4e2bb1e624:   74 1c 48 8b 75 a8 4c 89 c7 4c 89 45 b8 e8 0a eb
0x00007f4e2bb1e634:   ff ff 4c 8b 45 b8 84 c0 0f 84 d5 04 00 00 41 8b
0x00007f4e2bb1e644:   78 18 44 8d 4f ff 41 83 f9 01 0f 86 aa 14 00 00
0x00007f4e2bb1e654:   41 bf 01 00 00 00 4c 89 c3 45 89 fe eb 0f 66 0f
0x00007f4e2bb1e664:   1f 44 00 00 45 39 f1 0f 86 c3 00 00 00 44 89 f2
0x00007f4e2bb1e674:   48 8b 43 08 41 83 c6 01 48 8d 34 d5 00 00 00 00
0x00007f4e2bb1e684:   48 89 75 90 48 8b 34 d0 48 85 f6 74 d7 48 8b 56
0x00007f4e2bb1e694:   08 48 8b 12 48 85 d2 74 cb 44 0f b7 42 2c 41 83
0x00007f4e2bb1e6a4:   e0 1f 66 41 83 f8 15 75 bb 44 39 f7 76 b6 45 89
0x00007f4e2bb1e6b4:   f4 eb 16 66 0f 1f 84 00 00 00 00 00 41 83 c4 01
0x00007f4e2bb1e6c4:   41 39 fc 73 5e 48 8b 43 08 45 89 e5 4a 8b 04 e8
0x00007f4e2bb1e6d4:   4e 8d 3c ed 00 00 00 00 48 85 c0 74 df 48 8b 40
0x00007f4e2bb1e6e4:   08 48 3b 10 75 d6 48 8b 06 48 89 55 b0 48 89 f7
0x00007f4e2bb1e6f4:   48 89 75 a0 ff 10 89 45 b8 48 8b 43 08 4a 8b 3c
0x00007f4e2bb1e704:   e8 48 8b 07 ff 10 39 45 b8 48 8b 55 b0 0f 85 a3 


Stack slot to memory mapping:
stack at sp + 0 slots: 0x00007f4dd00153c0 points into unknown readable memory: 58 72 7c 2c 4e 7f 00 00
stack at sp + 1 slots: 0x00007f4e0024cf50 is pointing into the stack for thread: 0x00007f4e2422f000
stack at sp + 2 slots: 0x00007f4dd00155c8 points into unknown readable memory: 60 ca 7b 2c 4e 7f 00 00
stack at sp + 3 slots: 0x00007f4e0024adf0 is pointing into the stack for thread: 0x00007f4e2422f000
stack at sp + 4 slots: 0x00007f4e24305d70 points into unknown readable memory: a8 16 7c 2c 4e 7f 00 00
stack at sp + 5 slots: 0x00007f4e00000001 is an unknown value
stack at sp + 6 slots: 0x00007f4e0024a7c0 is pointing into the stack for thread: 0x00007f4e2422f000
stack at sp + 7 slots: 0x00007f4e2c1f8001: <offset 0x0000000000c28001> in /usr/lib/jvm/java-11-openjdk-amd64/lib/server/libjvm.so at 0x00007f4e2b5d0000


---------------  P R O C E S S  ---------------

Threads class SMR info:
_java_thread_list=0x00007f4db800a840, length=12, elements={
0x00007f4e24016800, 0x00007f4e24224800, 0x00007f4e24226800, 0x00007f4e2422d000,
0x00007f4e2422f000, 0x00007f4e24231000, 0x00007f4e24233000, 0x00007f4e24263000,
0x00007f4e24268000, 0x00007f4e242f3800, 0x00007f4e24341800, 0x00007f4db8009000
}

Java Threads: ( => current thread )
  0x00007f4e24016800 JavaThread "main" [_thread_in_Java, id=17153, stack(0x00007f4e2b184000,0x00007f4e2b285000)]
  0x00007f4e24224800 JavaThread "Reference Handler" daemon [_thread_blocked, id=17164, stack(0x00007f4e0c798000,0x00007f4e0c899000)]
  0x00007f4e24226800 JavaThread "Finalizer" daemon [_thread_blocked, id=17165, stack(0x00007f4e0c697000,0x00007f4e0c798000)]
  0x00007f4e2422d000 JavaThread "Signal Dispatcher" daemon [_thread_blocked, id=17166, stack(0x00007f4e0024f000,0x00007f4e00350000)]
=>0x00007f4e2422f000 JavaThread "C2 CompilerThread0" daemon [_thread_in_native, id=17167, stack(0x00007f4e0014e000,0x00007f4e0024f000)]
  0x00007f4e24231000 JavaThread "C1 CompilerThread0" daemon [_thread_in_native, id=17168, stack(0x00007f4e0004d000,0x00007f4e0014e000)]
  0x00007f4e24233000 JavaThread "Sweeper thread" daemon [_thread_blocked, id=17169, stack(0x00007f4df9eff000,0x00007f4dfa000000)]
  0x00007f4e24263000 JavaThread "Service Thread" daemon [_thread_blocked, id=17170, stack(0x00007f4df9dfe000,0x00007f4df9eff000)]
  0x00007f4e24268000 JavaThread "Common-Cleaner" daemon [_thread_blocked, id=17172, stack(0x00007f4df9bfb000,0x00007f4df9cfc000)]
  0x00007f4e242f3800 JavaThread "surefire-forkedjvm-command-thread" daemon [_thread_in_native, id=17173, stack(0x00007f4df9afa000,0x00007f4df9bfb000)]
  0x00007f4e24341800 JavaThread "surefire-forkedjvm-ping-30s" daemon [_thread_in_vm, id=17174, stack(0x00007f4df99f9000,0x00007f4df9afa000)]
  0x00007f4db8009000 JavaThread "process reaper" daemon [_thread_in_vm, id=17177, stack(0x00007f4e28001000,0x00007f4e28023000)]

Other Threads:
  0x00007f4e24221800 VMThread "VM Thread" [stack: 0x00007f4e28062000,0x00007f4e28162000] [id=17162] _threads_hazard_ptr=0x00007f4db800a840
  0x00007f4e24265800 WatcherThread [stack: 0x00007f4df9cfe000,0x00007f4df9dfe000] [id=17171]
  0x00007f4e2402e000 GCTaskThread "GC Thread#0" [stack: 0x00007f4e2ae36000,0x00007f4e2af36000] [id=17154]
  0x00007f4e2408c000 ConcurrentGCThread "G1 Main Marker" [stack: 0x00007f4e2914a000,0x00007f4e2924a000] [id=17155]
  0x00007f4e2408e000 ConcurrentGCThread "G1 Conc#0" [stack: 0x00007f4e29048000,0x00007f4e29148000] [id=17156]
  0x00007f4e2417d000 ConcurrentGCThread "G1 Refine#0" [stack: 0x00007f4e28b42000,0x00007f4e28c42000] [id=17158]
  0x00007f4e2417f000 ConcurrentGCThread "G1 Young RemSet Sampling" [stack: 0x00007f4e28a40000,0x00007f4e28b40000] [id=17159]

Threads with active compile tasks:
C2 CompilerThread0    115  283       4       java.lang.StringLatin1::equals (36 bytes)
C1 CompilerThread0    115  268       3       java.lang.Class::getPackageName (81 bytes)

VM state:synchronizing (normal execution)

VM Mutex/Monitor currently owned by a thread:  ([mutex/lock_event])
[0x00007f4e24013150] Safepoint_lock - owner thread: 0x00007f4e24221800
[0x00007f4e240131e0] Threads_lock - owner thread: 0x00007f4e24221800

Heap address: 0x0000000706a00000, size: 3990 MB, Compressed Oops mode: Zero based, Oop shift amount: 3
Narrow klass base: 0x0000000800000000, Narrow klass shift: 3
Compressed class space size: 1073741824 Address: 0x0000000840000000

Heap:
 garbage-first heap   total 258048K, used 4808K [0x0000000706a00000, 0x0000000800000000)
  region size 1024K, 5 young (5120K), 0 survivors (0K)
 Metaspace       used 1753K, capacity 4978K, committed 5120K, reserved 1056768K
  class space    used 195K, capacity 475K, committed 512K, reserved 1048576K
Heap Regions: E=young(eden), S=young(survivor), O=old, HS=humongous(starts), HC=humongous(continues), CS=collection set, F=free, A=archive, TAMS=top-at-mark-start (previous, next)
|   0|0x0000000706a00000, 0x0000000706a00000, 0x0000000706b00000|  0%| F|  |TAMS 0x0000000706a00000, 0x0000000706a00000| Untracked 
|   1|0x0000000706b00000, 0x0000000706b00000, 0x0000000706c00000|  0%| F|  |TAMS 0x0000000706b00000, 0x0000000706b00000| Untracked 
|   2|0x0000000706c00000, 0x0000000706c00000, 0x0000000706d00000|  0%| F|  |TAMS 0x0000000706c00000, 0x0000000706c00000| Untracked 
|   3|0x0000000706d00000, 0x0000000706d00000, 0x0000000706e00000|  0%| F|  |TAMS 0x0000000706d00000, 0x0000000706d00000| Untracked 
|   4|0x0000000706e00000, 0x0000000706e00000, 0x0000000706f00000|  0%| F|  |TAMS 0x0000000706e00000, 0x0000000706e00000| Untracked 
|   5|0x0000000706f00000, 0x0000000706f00000, 0x0000000707000000|  0%| F|  |TAMS 0x0000000706f00000, 0x0000000706f00000| Untracked 
|   6|0x0000000707000000, 0x0000000707000000, 0x0000000707100000|  0%| F|  |TAMS 0x0000000707000000, 0x0000000707000000| Untracked 
|   7|0x0000000707100000, 0x0000000707100000, 0x0000000707200000|  0%| F|  |TAMS 0x0000000707100000, 0x0000000707100000| Untracked 
|   8|0x0000000707200000, 0x0000000707200000, 0x0000000707300000|  0%| F|  |TAMS 0x0000000707200000, 0x0000000707200000| Untracked 
|   9|0x0000000707300000, 0x0000000707300000, 0x0000000707400000|  0%| F|  |TAMS 0x0000000707300000, 0x0000000707300000| Untracked 
|  10|0x0000000707400000, 0x0000000707400000, 0x0000000707500000|  0%| F|  |TAMS 0x0000000707400000, 0x0000000707400000| Untracked 
|  11|0x0000000707500000, 0x0000000707500000, 0x0000000707600000|  0%| F|  |TAMS 0x0000000707500000, 0x0000000707500000| Untracked 
|  12|0x0000000707600000, 0x0000000707600000, 0x0000000707700000|  0%| F|  |TAMS 0x0000000707600000, 0x0000000707600000| Untracked 
|  13|0x0000000707700000, 0x0000000707700000, 0x0000000707800000|  0%| F|  |TAMS 0x0000000707700000, 0x0000000707700000| Untracked 
|  14|0x0000000707800000, 0x0000000707800000, 0x0000000707900000|  0%| F|  |TAMS 0x0000000707800000, 0x0000000707800000| Untracked 
|  15|0x0000000707900000, 0x0000000707900000, 0x0000000707a00000|  0%| F|  |TAMS 0x0000000707900000, 0x0000000707900000| Untracked 
|  16|0x0000000707a00000, 0x0000000707a00000, 0x0000000707b00000|  0%| F|  |TAMS 0x0000000707a00000, 0x0000000707a00000| Untracked 
|  17|0x0000000707b00000, 0x0000000707b00000, 0x0000000707c00000|  0%| F|  |TAMS 0x0000000707b00000, 0x0000000707b00000| Untracked 
|  18|0x0000000707c00000, 0x0000000707c00000, 0x0000000707d00000|  0%| F|  |TAMS 0x0000000707c00000, 0x0000000707c00000| Untracked 
|  19|0x0000000707d00000, 0x0000000707d00000, 0x0000000707e00000|  0%| F|  |TAMS 0x0000000707d00000, 0x0000000707d00000| Untracked 
|  20|0x0000000707e00000, 0x0000000707e00000, 0x0000000707f00000|  0%| F|  |TAMS 0x0000000707e00000, 0x0000000707e00000| Untracked 
|  21|0x0000000707f00000, 0x0000000707f00000, 0x0000000708000000|  0%| F|  |TAMS 0x0000000707f00000, 0x0000000707f00000| Untracked 
|  22|0x0000000708000000, 0x0000000708000000, 0x0000000708100000|  0%| F|  |TAMS 0x0000000708000000, 0x0000000708000000| Untracked 
|  23|0x0000000708100000, 0x0000000708100000, 0x0000000708200000|  0%| F|  |TAMS 0x0000000708100000, 0x0000000708100000| Untracked 
|  24|0x0000000708200000, 0x0000000708200000, 0x0000000708300000|  0%| F|  |TAMS 0x0000000708200000, 0x0000000708200000| Untracked 
|  25|0x0000000708300000, 0x0000000708300000, 0x0000000708400000|  0%| F|  |TAMS 0x0000000708300000, 0x0000000708300000| Untracked 
|  26|0x0000000708400000, 0x0000000708400000, 0x0000000708500000|  0%| F|  |TAMS 0x0000000708400000, 0x0000000708400000| Untracked 
|  27|0x0000000708500000, 0x0000000708500000, 0x0000000708600000|  0%| F|  |TAMS 0x0000000708500000, 0x0000000708500000| Untracked 
|  28|0x0000000708600000, 0x0000000708600000, 0x0000000708700000|  0%| F|  |TAMS 0x0000000708600000, 0x0000000708600000| Untracked 
|  29|0x0000000708700000, 0x0000000708700000, 0x0000000708800000|  0%| F|  |TAMS 0x0000000708700000, 0x0000000708700000| Untracked 
|  30|0x0000000708800000, 0x0000000708800000, 0x0000000708900000|  0%| F|  |TAMS 0x0000000708800000, 0x0000000708800000| Untracked 
|  31|0x0000000708900000, 0x0000000708900000, 0x0000000708a00000|  0%| F|  |TAMS 0x0000000708900000, 0x0000000708900000| Untracked 
|  32|0x0000000708a00000, 0x0000000708a00000, 0x0000000708b00000|  0%| F|  |TAMS 0x0000000708a00000, 0x0000000708a00000| Untracked 
|  33|0x0000000708b00000, 0x0000000708b00000, 0x0000000708c00000|  0%| F|  |TAMS 0x0000000708b00000, 0x0000000708b00000| Untracked 
|  34|0x0000000708c00000, 0x0000000708c00000, 0x0000000708d00000|  0%| F|  |TAMS 0x0000000708c00000, 0x0000000708c00000| Untracked 
|  35|0x0000000708d00000, 0x0000000708d00000, 0x0000000708e00000|  0%| F|  |TAMS 0x0000000708d00000, 0x0000000708d00000| Untracked 
|  36|0x0000000708e00000, 0x0000000708e00000, 0x0000000708f00000|  0%| F|  |TAMS 0x0000000708e00000, 0x0000000708e00000| Untracked 
|  37|0x0000000708f00000, 0x0000000708f00000, 0x0000000709000000|  0%| F|  |TAMS 0x0000000708f00000, 0x0000000708f00000| Untracked 
|  38|0x0000000709000000, 0x0000000709000000, 0x0000000709100000|  0%| F|  |TAMS 0x0000000709000000, 0x0000000709000000| Untracked 
|  39|0x0000000709100000, 0x0000000709100000, 0x0000000709200000|  0%| F|  |TAMS 0x0000000709100000, 0x0000000709100000| Untracked 
|  40|0x0000000709200000, 0x0000000709200000, 0x0000000709300000|  0%| F|  |TAMS 0x0000000709200000, 0x0000000709200000| Untracked 
|  41|0x0000000709300000, 0x0000000709300000, 0x0000000709400000|  0%| F|  |TAMS 0x0000000709300000, 0x0000000709300000| Untracked 
|  42|0x0000000709400000, 0x0000000709400000, 0x0000000709500000|  0%| F|  |TAMS 0x0000000709400000, 0x0000000709400000| Untracked 
|  43|0x0000000709500000, 0x0000000709500000, 0x0000000709600000|  0%| F|  |TAMS 0x0000000709500000, 0x0000000709500000| Untracked 
|  44|0x0000000709600000, 0x0000000709600000, 0x0000000709700000|  0%| F|  |TAMS 0x0000000709600000, 0x0000000709600000| Untracked 
|  45|0x0000000709700000, 0x0000000709700000, 0x0000000709800000|  0%| F|  |TAMS 0x0000000709700000, 0x0000000709700000| Untracked 
|  46|0x0000000709800000, 0x0000000709800000, 0x0000000709900000|  0%| F|  |TAMS 0x0000000709800000, 0x0000000709800000| Untracked 
|  47|0x0000000709900000, 0x0000000709900000, 0x0000000709a00000|  0%| F|  |TAMS 0x0000000709900000, 0x0000000709900000| Untracked 
|  48|0x0000000709a00000, 0x0000000709a00000, 0x0000000709b00000|  0%| F|  |TAMS 0x0000000709a00000, 0x0000000709a00000| Untracked 
|  49|0x0000000709b00000, 0x0000000709b00000, 0x0000000709c00000|  0%| F|  |TAMS 0x0000000709b00000, 0x0000000709b00000| Untracked 
|  50|0x0000000709c00000, 0x0000000709c00000, 0x0000000709d00000|  0%| F|  |TAMS 0x0000000709c00000, 0x0000000709c00000| Untracked 
|  51|0x0000000709d00000, 0x0000000709d00000, 0x0000000709e00000|  0%| F|  |TAMS 0x0000000709d00000, 0x0000000709d00000| Untracked 
|  52|0x0000000709e00000, 0x0000000709e00000, 0x0000000709f00000|  0%| F|  |TAMS 0x0000000709e00000, 0x0000000709e00000| Untracked 
|  53|0x0000000709f00000, 0x0000000709f00000, 0x000000070a000000|  0%| F|  |TAMS 0x0000000709f00000, 0x0000000709f00000| Untracked 
|  54|0x000000070a000000, 0x000000070a000000, 0x000000070a100000|  0%| F|  |TAMS 0x000000070a000000, 0x000000070a000000| Untracked 
|  55|0x000000070a100000, 0x000000070a100000, 0x000000070a200000|  0%| F|  |TAMS 0x000000070a100000, 0x000000070a100000| Untracked 
|  56|0x000000070a200000, 0x000000070a200000, 0x000000070a300000|  0%| F|  |TAMS 0x000000070a200000, 0x000000070a200000| Untracked 
|  57|0x000000070a300000, 0x000000070a300000, 0x000000070a400000|  0%| F|  |TAMS 0x000000070a300000, 0x000000070a300000| Untracked 
|  58|0x000000070a400000, 0x000000070a400000, 0x000000070a500000|  0%| F|  |TAMS 0x000000070a400000, 0x000000070a400000| Untracked 
|  59|0x000000070a500000, 0x000000070a500000, 0x000000070a600000|  0%| F|  |TAMS 0x000000070a500000, 0x000000070a500000| Untracked 
|  60|0x000000070a600000, 0x000000070a600000, 0x000000070a700000|  0%| F|  |TAMS 0x000000070a600000, 0x000000070a600000| Untracked 
|  61|0x000000070a700000, 0x000000070a700000, 0x000000070a800000|  0%| F|  |TAMS 0x000000070a700000, 0x000000070a700000| Untracked 
|  62|0x000000070a800000, 0x000000070a800000, 0x000000070a900000|  0%| F|  |TAMS 0x000000070a800000, 0x000000070a800000| Untracked 
|  63|0x000000070a900000, 0x000000070a900000, 0x000000070aa00000|  0%| F|  |TAMS 0x000000070a900000, 0x000000070a900000| Untracked 
|  64|0x000000070aa00000, 0x000000070aa00000, 0x000000070ab00000|  0%| F|  |TAMS 0x000000070aa00000, 0x000000070aa00000| Untracked 
|  65|0x000000070ab00000, 0x000000070ab00000, 0x000000070ac00000|  0%| F|  |TAMS 0x000000070ab00000, 0x000000070ab00000| Untracked 
|  66|0x000000070ac00000, 0x000000070ac00000, 0x000000070ad00000|  0%| F|  |TAMS 0x000000070ac00000, 0x000000070ac00000| Untracked 
|  67|0x000000070ad00000, 0x000000070ad00000, 0x000000070ae00000|  0%| F|  |TAMS 0x000000070ad00000, 0x000000070ad00000| Untracked 
|  68|0x000000070ae00000, 0x000000070ae00000, 0x000000070af00000|  0%| F|  |TAMS 0x000000070ae00000, 0x000000070ae00000| Untracked 
|  69|0x000000070af00000, 0x000000070af00000, 0x000000070b000000|  0%| F|  |TAMS 0x000000070af00000, 0x000000070af00000| Untracked 
|  70|0x000000070b000000, 0x000000070b000000, 0x000000070b100000|  0%| F|  |TAMS 0x000000070b000000, 0x000000070b000000| Untracked 
|  71|0x000000070b100000, 0x000000070b100000, 0x000000070b200000|  0%| F|  |TAMS 0x000000070b100000, 0x000000070b100000| Untracked 
|  72|0x000000070b200000, 0x000000070b200000, 0x000000070b300000|  0%| F|  |TAMS 0x000000070b200000, 0x000000070b200000| Untracked 
|  73|0x000000070b300000, 0x000000070b300000, 0x000000070b400000|  0%| F|  |TAMS 0x000000070b300000, 0x000000070b300000| Untracked 
|  74|0x000000070b400000, 0x000000070b400000, 0x000000070b500000|  0%| F|  |TAMS 0x000000070b400000, 0x000000070b400000| Untracked 
|  75|0x000000070b500000, 0x000000070b500000, 0x000000070b600000|  0%| F|  |TAMS 0x000000070b500000, 0x000000070b500000| Untracked 
|  76|0x000000070b600000, 0x000000070b600000, 0x000000070b700000|  0%| F|  |TAMS 0x000000070b600000, 0x000000070b600000| Untracked 
|  77|0x000000070b700000, 0x000000070b700000, 0x000000070b800000|  0%| F|  |TAMS 0x000000070b700000, 0x000000070b700000| Untracked 
|  78|0x000000070b800000, 0x000000070b800000, 0x000000070b900000|  0%| F|  |TAMS 0x000000070b800000, 0x000000070b800000| Untracked 
|  79|0x000000070b900000, 0x000000070b900000, 0x000000070ba00000|  0%| F|  |TAMS 0x000000070b900000, 0x000000070b900000| Untracked 
|  80|0x000000070ba00000, 0x000000070ba00000, 0x000000070bb00000|  0%| F|  |TAMS 0x000000070ba00000, 0x000000070ba00000| Untracked 
|  81|0x000000070bb00000, 0x000000070bb00000, 0x000000070bc00000|  0%| F|  |TAMS 0x000000070bb00000, 0x000000070bb00000| Untracked 
|  82|0x000000070bc00000, 0x000000070bc00000, 0x000000070bd00000|  0%| F|  |TAMS 0x000000070bc00000, 0x000000070bc00000| Untracked 
|  83|0x000000070bd00000, 0x000000070bd00000, 0x000000070be00000|  0%| F|  |TAMS 0x000000070bd00000, 0x000000070bd00000| Untracked 
|  84|0x000000070be00000, 0x000000070be00000, 0x000000070bf00000|  0%| F|  |TAMS 0x000000070be00000, 0x000000070be00000| Untracked 
|  85|0x000000070bf00000, 0x000000070bf00000, 0x000000070c000000|  0%| F|  |TAMS 0x000000070bf00000, 0x000000070bf00000| Untracked 
|  86|0x000000070c000000, 0x000000070c000000, 0x000000070c100000|  0%| F|  |TAMS 0x000000070c000000, 0x000000070c000000| Untracked 
|  87|0x000000070c100000, 0x000000070c100000, 0x000000070c200000|  0%| F|  |TAMS 0x000000070c100000, 0x000000070c100000| Untracked 
|  88|0x000000070c200000, 0x000000070c200000, 0x000000070c300000|  0%| F|  |TAMS 0x000000070c200000, 0x000000070c200000| Untracked 
|  89|0x000000070c300000, 0x000000070c300000, 0x000000070c400000|  0%| F|  |TAMS 0x000000070c300000, 0x000000070c300000| Untracked 
|  90|0x000000070c400000, 0x000000070c400000, 0x000000070c500000|  0%| F|  |TAMS 0x000000070c400000, 0x000000070c400000| Untracked 
|  91|0x000000070c500000, 0x000000070c500000, 0x000000070c600000|  0%| F|  |TAMS 0x000000070c500000, 0x000000070c500000| Untracked 
|  92|0x000000070c600000, 0x000000070c600000, 0x000000070c700000|  0%| F|  |TAMS 0x000000070c600000, 0x000000070c600000| Untracked 
|  93|0x000000070c700000, 0x000000070c700000, 0x000000070c800000|  0%| F|  |TAMS 0x000000070c700000, 0x000000070c700000| Untracked 
|  94|0x000000070c800000, 0x000000070c800000, 0x000000070c900000|  0%| F|  |TAMS 0x000000070c800000, 0x000000070c800000| Untracked 
|  95|0x000000070c900000, 0x000000070c900000, 0x000000070ca00000|  0%| F|  |TAMS 0x000000070c900000, 0x000000070c900000| Untracked 
|  96|0x000000070ca00000, 0x000000070ca00000, 0x000000070cb00000|  0%| F|  |TAMS 0x000000070ca00000, 0x000000070ca00000| Untracked 
|  97|0x000000070cb00000, 0x000000070cb00000, 0x000000070cc00000|  0%| F|  |TAMS 0x000000070cb00000, 0x000000070cb00000| Untracked 
|  98|0x000000070cc00000, 0x000000070cc00000, 0x000000070cd00000|  0%| F|  |TAMS 0x000000070cc00000, 0x000000070cc00000| Untracked 
|  99|0x000000070cd00000, 0x000000070cd00000, 0x000000070ce00000|  0%| F|  |TAMS 0x000000070cd00000, 0x000000070cd00000| Untracked 
| 100|0x000000070ce00000, 0x000000070ce00000, 0x000000070cf00000|  0%| F|  |TAMS 0x000000070ce00000, 0x000000070ce00000| Untracked 
| 101|0x000000070cf00000, 0x000000070cf00000, 0x000000070d000000|  0%| F|  |TAMS 0x000000070cf00000, 0x000000070cf00000| Untracked 
| 102|0x000000070d000000, 0x000000070d000000, 0x000000070d100000|  0%| F|  |TAMS 0x000000070d000000, 0x000000070d000000| Untracked 
| 103|0x000000070d100000, 0x000000070d100000, 0x000000070d200000|  0%| F|  |TAMS 0x000000070d100000, 0x000000070d100000| Untracked 
| 104|0x000000070d200000, 0x000000070d200000, 0x000000070d300000|  0%| F|  |TAMS 0x000000070d200000, 0x000000070d200000| Untracked 
| 105|0x000000070d300000, 0x000000070d300000, 0x000000070d400000|  0%| F|  |TAMS 0x000000070d300000, 0x000000070d300000| Untracked 
| 106|0x000000070d400000, 0x000000070d400000, 0x000000070d500000|  0%| F|  |TAMS 0x000000070d400000, 0x000000070d400000| Untracked 
| 107|0x000000070d500000, 0x000000070d500000, 0x000000070d600000|  0%| F|  |TAMS 0x000000070d500000, 0x000000070d500000| Untracked 
| 108|0x000000070d600000, 0x000000070d600000, 0x000000070d700000|  0%| F|  |TAMS 0x000000070d600000, 0x000000070d600000| Untracked 
| 109|0x000000070d700000, 0x000000070d700000, 0x000000070d800000|  0%| F|  |TAMS 0x000000070d700000, 0x000000070d700000| Untracked 
| 110|0x000000070d800000, 0x000000070d800000, 0x000000070d900000|  0%| F|  |TAMS 0x000000070d800000, 0x000000070d800000| Untracked 
| 111|0x000000070d900000, 0x000000070d900000, 0x000000070da00000|  0%| F|  |TAMS 0x000000070d900000, 0x000000070d900000| Untracked 
| 112|0x000000070da00000, 0x000000070da00000, 0x000000070db00000|  0%| F|  |TAMS 0x000000070da00000, 0x000000070da00000| Untracked 
| 113|0x000000070db00000, 0x000000070db00000, 0x000000070dc00000|  0%| F|  |TAMS 0x000000070db00000, 0x000000070db00000| Untracked 
| 114|0x000000070dc00000, 0x000000070dc00000, 0x000000070dd00000|  0%| F|  |TAMS 0x000000070dc00000, 0x000000070dc00000| Untracked 
| 115|0x000000070dd00000, 0x000000070dd00000, 0x000000070de00000|  0%| F|  |TAMS 0x000000070dd00000, 0x000000070dd00000| Untracked 
| 116|0x000000070de00000, 0x000000070de00000, 0x000000070df00000|  0%| F|  |TAMS 0x000000070de00000, 0x000000070de00000| Untracked 
| 117|0x000000070df00000, 0x000000070df00000, 0x000000070e000000|  0%| F|  |TAMS 0x000000070df00000, 0x000000070df00000| Untracked 
| 118|0x000000070e000000, 0x000000070e000000, 0x000000070e100000|  0%| F|  |TAMS 0x000000070e000000, 0x000000070e000000| Untracked 
| 119|0x000000070e100000, 0x000000070e100000, 0x000000070e200000|  0%| F|  |TAMS 0x000000070e100000, 0x000000070e100000| Untracked 
| 120|0x000000070e200000, 0x000000070e200000, 0x000000070e300000|  0%| F|  |TAMS 0x000000070e200000, 0x000000070e200000| Untracked 
| 121|0x000000070e300000, 0x000000070e300000, 0x000000070e400000|  0%| F|  |TAMS 0x000000070e300000, 0x000000070e300000| Untracked 
| 122|0x000000070e400000, 0x000000070e400000, 0x000000070e500000|  0%| F|  |TAMS 0x000000070e400000, 0x000000070e400000| Untracked 
| 123|0x000000070e500000, 0x000000070e500000, 0x000000070e600000|  0%| F|  |TAMS 0x000000070e500000, 0x000000070e500000| Untracked 
| 124|0x000000070e600000, 0x000000070e600000, 0x000000070e700000|  0%| F|  |TAMS 0x000000070e600000, 0x000000070e600000| Untracked 
| 125|0x000000070e700000, 0x000000070e700000, 0x000000070e800000|  0%| F|  |TAMS 0x000000070e700000, 0x000000070e700000| Untracked 
| 126|0x000000070e800000, 0x000000070e800000, 0x000000070e900000|  0%| F|  |TAMS 0x000000070e800000, 0x000000070e800000| Untracked 
| 127|0x000000070e900000, 0x000000070e900000, 0x000000070ea00000|  0%| F|  |TAMS 0x000000070e900000, 0x000000070e900000| Untracked 
| 128|0x000000070ea00000, 0x000000070ea00000, 0x000000070eb00000|  0%| F|  |TAMS 0x000000070ea00000, 0x000000070ea00000| Untracked 
| 129|0x000000070eb00000, 0x000000070eb00000, 0x000000070ec00000|  0%| F|  |TAMS 0x000000070eb00000, 0x000000070eb00000| Untracked 
| 130|0x000000070ec00000, 0x000000070ec00000, 0x000000070ed00000|  0%| F|  |TAMS 0x000000070ec00000, 0x000000070ec00000| Untracked 
| 131|0x000000070ed00000, 0x000000070ed00000, 0x000000070ee00000|  0%| F|  |TAMS 0x000000070ed00000, 0x000000070ed00000| Untracked 
| 132|0x000000070ee00000, 0x000000070ee00000, 0x000000070ef00000|  0%| F|  |TAMS 0x000000070ee00000, 0x000000070ee00000| Untracked 
| 133|0x000000070ef00000, 0x000000070ef00000, 0x000000070f000000|  0%| F|  |TAMS 0x000000070ef00000, 0x000000070ef00000| Untracked 
| 134|0x000000070f000000, 0x000000070f000000, 0x000000070f100000|  0%| F|  |TAMS 0x000000070f000000, 0x000000070f000000| Untracked 
| 135|0x000000070f100000, 0x000000070f100000, 0x000000070f200000|  0%| F|  |TAMS 0x000000070f100000, 0x000000070f100000| Untracked 
| 136|0x000000070f200000, 0x000000070f200000, 0x000000070f300000|  0%| F|  |TAMS 0x000000070f200000, 0x000000070f200000| Untracked 
| 137|0x000000070f300000, 0x000000070f300000, 0x000000070f400000|  0%| F|  |TAMS 0x000000070f300000, 0x000000070f300000| Untracked 
| 138|0x000000070f400000, 0x000000070f400000, 0x000000070f500000|  0%| F|  |TAMS 0x000000070f400000, 0x000000070f400000| Untracked 
| 139|0x000000070f500000, 0x000000070f500000, 0x000000070f600000|  0%| F|  |TAMS 0x000000070f500000, 0x000000070f500000| Untracked 
| 140|0x000000070f600000, 0x000000070f600000, 0x000000070f700000|  0%| F|  |TAMS 0x000000070f600000, 0x000000070f600000| Untracked 
| 141|0x000000070f700000, 0x000000070f700000, 0x000000070f800000|  0%| F|  |TAMS 0x000000070f700000, 0x000000070f700000| Untracked 
| 142|0x000000070f800000, 0x000000070f800000, 0x000000070f900000|  0%| F|  |TAMS 0x000000070f800000, 0x000000070f800000| Untracked 
| 143|0x000000070f900000, 0x000000070f900000, 0x000000070fa00000|  0%| F|  |TAMS 0x000000070f900000, 0x000000070f900000| Untracked 
| 144|0x000000070fa00000, 0x000000070fa00000, 0x000000070fb00000|  0%| F|  |TAMS 0x000000070fa00000, 0x000000070fa00000| Untracked 
| 145|0x000000070fb00000, 0x000000070fb00000, 0x000000070fc00000|  0%| F|  |TAMS 0x000000070fb00000, 0x000000070fb00000| Untracked 
| 146|0x000000070fc00000, 0x000000070fc00000, 0x000000070fd00000|  0%| F|  |TAMS 0x000000070fc00000, 0x000000070fc00000| Untracked 
| 147|0x000000070fd00000, 0x000000070fd00000, 0x000000070fe00000|  0%| F|  |TAMS 0x000000070fd00000, 0x000000070fd00000| Untracked 
| 148|0x000000070fe00000, 0x000000070fe00000, 0x000000070ff00000|  0%| F|  |TAMS 0x000000070fe00000, 0x000000070fe00000| Untracked 
| 149|0x000000070ff00000, 0x000000070ff00000, 0x0000000710000000|  0%| F|  |TAMS 0x000000070ff00000, 0x000000070ff00000| Untracked 
| 150|0x0000000710000000, 0x0000000710000000, 0x0000000710100000|  0%| F|  |TAMS 0x0000000710000000, 0x0000000710000000| Untracked 
| 151|0x0000000710100000, 0x0000000710100000, 0x0000000710200000|  0%| F|  |TAMS 0x0000000710100000, 0x0000000710100000| Untracked 
| 152|0x0000000710200000, 0x0000000710200000, 0x0000000710300000|  0%| F|  |TAMS 0x0000000710200000, 0x0000000710200000| Untracked 
| 153|0x0000000710300000, 0x0000000710300000, 0x0000000710400000|  0%| F|  |TAMS 0x0000000710300000, 0x0000000710300000| Untracked 
| 154|0x0000000710400000, 0x0000000710400000, 0x0000000710500000|  0%| F|  |TAMS 0x0000000710400000, 0x0000000710400000| Untracked 
| 155|0x0000000710500000, 0x0000000710500000, 0x0000000710600000|  0%| F|  |TAMS 0x0000000710500000, 0x0000000710500000| Untracked 
| 156|0x0000000710600000, 0x0000000710600000, 0x0000000710700000|  0%| F|  |TAMS 0x0000000710600000, 0x0000000710600000| Untracked 
| 157|0x0000000710700000, 0x0000000710700000, 0x0000000710800000|  0%| F|  |TAMS 0x0000000710700000, 0x0000000710700000| Untracked 
| 158|0x0000000710800000, 0x0000000710800000, 0x0000000710900000|  0%| F|  |TAMS 0x0000000710800000, 0x0000000710800000| Untracked 
| 159|0x0000000710900000, 0x0000000710900000, 0x0000000710a00000|  0%| F|  |TAMS 0x0000000710900000, 0x0000000710900000| Untracked 
| 160|0x0000000710a00000, 0x0000000710a00000, 0x0000000710b00000|  0%| F|  |TAMS 0x0000000710a00000, 0x0000000710a00000| Untracked 
| 161|0x0000000710b00000, 0x0000000710b00000, 0x0000000710c00000|  0%| F|  |TAMS 0x0000000710b00000, 0x0000000710b00000| Untracked 
| 162|0x0000000710c00000, 0x0000000710c00000, 0x0000000710d00000|  0%| F|  |TAMS 0x0000000710c00000, 0x0000000710c00000| Untracked 
| 163|0x0000000710d00000, 0x0000000710d00000, 0x0000000710e00000|  0%| F|  |TAMS 0x0000000710d00000, 0x0000000710d00000| Untracked 
| 164|0x0000000710e00000, 0x0000000710e00000, 0x0000000710f00000|  0%| F|  |TAMS 0x0000000710e00000, 0x0000000710e00000| Untracked 
| 165|0x0000000710f00000, 0x0000000710f00000, 0x0000000711000000|  0%| F|  |TAMS 0x0000000710f00000, 0x0000000710f00000| Untracked 
| 166|0x0000000711000000, 0x0000000711000000, 0x0000000711100000|  0%| F|  |TAMS 0x0000000711000000, 0x0000000711000000| Untracked 
| 167|0x0000000711100000, 0x0000000711100000, 0x0000000711200000|  0%| F|  |TAMS 0x0000000711100000, 0x0000000711100000| Untracked 
| 168|0x0000000711200000, 0x0000000711200000, 0x0000000711300000|  0%| F|  |TAMS 0x0000000711200000, 0x0000000711200000| Untracked 
| 169|0x0000000711300000, 0x0000000711300000, 0x0000000711400000|  0%| F|  |TAMS 0x0000000711300000, 0x0000000711300000| Untracked 
| 170|0x0000000711400000, 0x0000000711400000, 0x0000000711500000|  0%| F|  |TAMS 0x0000000711400000, 0x0000000711400000| Untracked 
| 171|0x0000000711500000, 0x0000000711500000, 0x0000000711600000|  0%| F|  |TAMS 0x0000000711500000, 0x0000000711500000| Untracked 
| 172|0x0000000711600000, 0x0000000711600000, 0x0000000711700000|  0%| F|  |TAMS 0x0000000711600000, 0x0000000711600000| Untracked 
| 173|0x0000000711700000, 0x0000000711700000, 0x0000000711800000|  0%| F|  |TAMS 0x0000000711700000, 0x0000000711700000| Untracked 
| 174|0x0000000711800000, 0x0000000711800000, 0x0000000711900000|  0%| F|  |TAMS 0x0000000711800000, 0x0000000711800000| Untracked 
| 175|0x0000000711900000, 0x0000000711900000, 0x0000000711a00000|  0%| F|  |TAMS 0x0000000711900000, 0x0000000711900000| Untracked 
| 176|0x0000000711a00000, 0x0000000711a00000, 0x0000000711b00000|  0%| F|  |TAMS 0x0000000711a00000, 0x0000000711a00000| Untracked 
| 177|0x0000000711b00000, 0x0000000711b00000, 0x0000000711c00000|  0%| F|  |TAMS 0x0000000711b00000, 0x0000000711b00000| Untracked 
| 178|0x0000000711c00000, 0x0000000711c00000, 0x0000000711d00000|  0%| F|  |TAMS 0x0000000711c00000, 0x0000000711c00000| Untracked 
| 179|0x0000000711d00000, 0x0000000711d00000, 0x0000000711e00000|  0%| F|  |TAMS 0x0000000711d00000, 0x0000000711d00000| Untracked 
| 180|0x0000000711e00000, 0x0000000711e00000, 0x0000000711f00000|  0%| F|  |TAMS 0x0000000711e00000, 0x0000000711e00000| Untracked 
| 181|0x0000000711f00000, 0x0000000711f00000, 0x0000000712000000|  0%| F|  |TAMS 0x0000000711f00000, 0x0000000711f00000| Untracked 
| 182|0x0000000712000000, 0x0000000712000000, 0x0000000712100000|  0%| F|  |TAMS 0x0000000712000000, 0x0000000712000000| Untracked 
| 183|0x0000000712100000, 0x0000000712100000, 0x0000000712200000|  0%| F|  |TAMS 0x0000000712100000, 0x0000000712100000| Untracked 
| 184|0x0000000712200000, 0x0000000712200000, 0x0000000712300000|  0%| F|  |TAMS 0x0000000712200000, 0x0000000712200000| Untracked 
| 185|0x0000000712300000, 0x0000000712300000, 0x0000000712400000|  0%| F|  |TAMS 0x0000000712300000, 0x0000000712300000| Untracked 
| 186|0x0000000712400000, 0x0000000712400000, 0x0000000712500000|  0%| F|  |TAMS 0x0000000712400000, 0x0000000712400000| Untracked 
| 187|0x0000000712500000, 0x0000000712500000, 0x0000000712600000|  0%| F|  |TAMS 0x0000000712500000, 0x0000000712500000| Untracked 
| 188|0x0000000712600000, 0x0000000712600000, 0x0000000712700000|  0%| F|  |TAMS 0x0000000712600000, 0x0000000712600000| Untracked 
| 189|0x0000000712700000, 0x0000000712700000, 0x0000000712800000|  0%| F|  |TAMS 0x0000000712700000, 0x0000000712700000| Untracked 
| 190|0x0000000712800000, 0x0000000712800000, 0x0000000712900000|  0%| F|  |TAMS 0x0000000712800000, 0x0000000712800000| Untracked 
| 191|0x0000000712900000, 0x0000000712900000, 0x0000000712a00000|  0%| F|  |TAMS 0x0000000712900000, 0x0000000712900000| Untracked 
| 192|0x0000000712a00000, 0x0000000712a00000, 0x0000000712b00000|  0%| F|  |TAMS 0x0000000712a00000, 0x0000000712a00000| Untracked 
| 193|0x0000000712b00000, 0x0000000712b00000, 0x0000000712c00000|  0%| F|  |TAMS 0x0000000712b00000, 0x0000000712b00000| Untracked 
| 194|0x0000000712c00000, 0x0000000712c00000, 0x0000000712d00000|  0%| F|  |TAMS 0x0000000712c00000, 0x0000000712c00000| Untracked 
| 195|0x0000000712d00000, 0x0000000712d00000, 0x0000000712e00000|  0%| F|  |TAMS 0x0000000712d00000, 0x0000000712d00000| Untracked 
| 196|0x0000000712e00000, 0x0000000712e00000, 0x0000000712f00000|  0%| F|  |TAMS 0x0000000712e00000, 0x0000000712e00000| Untracked 
| 197|0x0000000712f00000, 0x0000000712f00000, 0x0000000713000000|  0%| F|  |TAMS 0x0000000712f00000, 0x0000000712f00000| Untracked 
| 198|0x0000000713000000, 0x0000000713000000, 0x0000000713100000|  0%| F|  |TAMS 0x0000000713000000, 0x0000000713000000| Untracked 
| 199|0x0000000713100000, 0x0000000713100000, 0x0000000713200000|  0%| F|  |TAMS 0x0000000713100000, 0x0000000713100000| Untracked 
| 200|0x0000000713200000, 0x0000000713200000, 0x0000000713300000|  0%| F|  |TAMS 0x0000000713200000, 0x0000000713200000| Untracked 
| 201|0x0000000713300000, 0x0000000713300000, 0x0000000713400000|  0%| F|  |TAMS 0x0000000713300000, 0x0000000713300000| Untracked 
| 202|0x0000000713400000, 0x0000000713400000, 0x0000000713500000|  0%| F|  |TAMS 0x0000000713400000, 0x0000000713400000| Untracked 
| 203|0x0000000713500000, 0x0000000713500000, 0x0000000713600000|  0%| F|  |TAMS 0x0000000713500000, 0x0000000713500000| Untracked 
| 204|0x0000000713600000, 0x0000000713600000, 0x0000000713700000|  0%| F|  |TAMS 0x0000000713600000, 0x0000000713600000| Untracked 
| 205|0x0000000713700000, 0x0000000713700000, 0x0000000713800000|  0%| F|  |TAMS 0x0000000713700000, 0x0000000713700000| Untracked 
| 206|0x0000000713800000, 0x0000000713800000, 0x0000000713900000|  0%| F|  |TAMS 0x0000000713800000, 0x0000000713800000| Untracked 
| 207|0x0000000713900000, 0x0000000713900000, 0x0000000713a00000|  0%| F|  |TAMS 0x0000000713900000, 0x0000000713900000| Untracked 
| 208|0x0000000713a00000, 0x0000000713a00000, 0x0000000713b00000|  0%| F|  |TAMS 0x0000000713a00000, 0x0000000713a00000| Untracked 
| 209|0x0000000713b00000, 0x0000000713b00000, 0x0000000713c00000|  0%| F|  |TAMS 0x0000000713b00000, 0x0000000713b00000| Untracked 
| 210|0x0000000713c00000, 0x0000000713c00000, 0x0000000713d00000|  0%| F|  |TAMS 0x0000000713c00000, 0x0000000713c00000| Untracked 
| 211|0x0000000713d00000, 0x0000000713d00000, 0x0000000713e00000|  0%| F|  |TAMS 0x0000000713d00000, 0x0000000713d00000| Untracked 
| 212|0x0000000713e00000, 0x0000000713e00000, 0x0000000713f00000|  0%| F|  |TAMS 0x0000000713e00000, 0x0000000713e00000| Untracked 
| 213|0x0000000713f00000, 0x0000000713f00000, 0x0000000714000000|  0%| F|  |TAMS 0x0000000713f00000, 0x0000000713f00000| Untracked 
| 214|0x0000000714000000, 0x0000000714000000, 0x0000000714100000|  0%| F|  |TAMS 0x0000000714000000, 0x0000000714000000| Untracked 
| 215|0x0000000714100000, 0x0000000714100000, 0x0000000714200000|  0%| F|  |TAMS 0x0000000714100000, 0x0000000714100000| Untracked 
| 216|0x0000000714200000, 0x0000000714200000, 0x0000000714300000|  0%| F|  |TAMS 0x0000000714200000, 0x0000000714200000| Untracked 
| 217|0x0000000714300000, 0x0000000714300000, 0x0000000714400000|  0%| F|  |TAMS 0x0000000714300000, 0x0000000714300000| Untracked 
| 218|0x0000000714400000, 0x0000000714400000, 0x0000000714500000|  0%| F|  |TAMS 0x0000000714400000, 0x0000000714400000| Untracked 
| 219|0x0000000714500000, 0x0000000714500000, 0x0000000714600000|  0%| F|  |TAMS 0x0000000714500000, 0x0000000714500000| Untracked 
| 220|0x0000000714600000, 0x0000000714600000, 0x0000000714700000|  0%| F|  |TAMS 0x0000000714600000, 0x0000000714600000| Untracked 
| 221|0x0000000714700000, 0x0000000714700000, 0x0000000714800000|  0%| F|  |TAMS 0x0000000714700000, 0x0000000714700000| Untracked 
| 222|0x0000000714800000, 0x0000000714800000, 0x0000000714900000|  0%| F|  |TAMS 0x0000000714800000, 0x0000000714800000| Untracked 
| 223|0x0000000714900000, 0x0000000714900000, 0x0000000714a00000|  0%| F|  |TAMS 0x0000000714900000, 0x0000000714900000| Untracked 
| 224|0x0000000714a00000, 0x0000000714a00000, 0x0000000714b00000|  0%| F|  |TAMS 0x0000000714a00000, 0x0000000714a00000| Untracked 
| 225|0x0000000714b00000, 0x0000000714b00000, 0x0000000714c00000|  0%| F|  |TAMS 0x0000000714b00000, 0x0000000714b00000| Untracked 
| 226|0x0000000714c00000, 0x0000000714c00000, 0x0000000714d00000|  0%| F|  |TAMS 0x0000000714c00000, 0x0000000714c00000| Untracked 
| 227|0x0000000714d00000, 0x0000000714d00000, 0x0000000714e00000|  0%| F|  |TAMS 0x0000000714d00000, 0x0000000714d00000| Untracked 
| 228|0x0000000714e00000, 0x0000000714e00000, 0x0000000714f00000|  0%| F|  |TAMS 0x0000000714e00000, 0x0000000714e00000| Untracked 
| 229|0x0000000714f00000, 0x0000000714f00000, 0x0000000715000000|  0%| F|  |TAMS 0x0000000714f00000, 0x0000000714f00000| Untracked 
| 230|0x0000000715000000, 0x0000000715000000, 0x0000000715100000|  0%| F|  |TAMS 0x0000000715000000, 0x0000000715000000| Untracked 
| 231|0x0000000715100000, 0x0000000715100000, 0x0000000715200000|  0%| F|  |TAMS 0x0000000715100000, 0x0000000715100000| Untracked 
| 232|0x0000000715200000, 0x0000000715200000, 0x0000000715300000|  0%| F|  |TAMS 0x0000000715200000, 0x0000000715200000| Untracked 
| 233|0x0000000715300000, 0x0000000715300000, 0x0000000715400000|  0%| F|  |TAMS 0x0000000715300000, 0x0000000715300000| Untracked 
| 234|0x0000000715400000, 0x0000000715400000, 0x0000000715500000|  0%| F|  |TAMS 0x0000000715400000, 0x0000000715400000| Untracked 
| 235|0x0000000715500000, 0x0000000715500000, 0x0000000715600000|  0%| F|  |TAMS 0x0000000715500000, 0x0000000715500000| Untracked 
| 236|0x0000000715600000, 0x0000000715600000, 0x0000000715700000|  0%| F|  |TAMS 0x0000000715600000, 0x0000000715600000| Untracked 
| 237|0x0000000715700000, 0x0000000715700000, 0x0000000715800000|  0%| F|  |TAMS 0x0000000715700000, 0x0000000715700000| Untracked 
| 238|0x0000000715800000, 0x0000000715800000, 0x0000000715900000|  0%| F|  |TAMS 0x0000000715800000, 0x0000000715800000| Untracked 
| 239|0x0000000715900000, 0x0000000715900000, 0x0000000715a00000|  0%| F|  |TAMS 0x0000000715900000, 0x0000000715900000| Untracked 
| 240|0x0000000715a00000, 0x0000000715a00000, 0x0000000715b00000|  0%| F|  |TAMS 0x0000000715a00000, 0x0000000715a00000| Untracked 
| 241|0x0000000715b00000, 0x0000000715b00000, 0x0000000715c00000|  0%| F|  |TAMS 0x0000000715b00000, 0x0000000715b00000| Untracked 
| 242|0x0000000715c00000, 0x0000000715c00000, 0x0000000715d00000|  0%| F|  |TAMS 0x0000000715c00000, 0x0000000715c00000| Untracked 
| 243|0x0000000715d00000, 0x0000000715d00000, 0x0000000715e00000|  0%| F|  |TAMS 0x0000000715d00000, 0x0000000715d00000| Untracked 
| 244|0x0000000715e00000, 0x0000000715e00000, 0x0000000715f00000|  0%| F|  |TAMS 0x0000000715e00000, 0x0000000715e00000| Untracked 
| 245|0x0000000715f00000, 0x0000000715f48300, 0x0000000716000000| 28%| E|  |TAMS 0x0000000715f00000, 0x0000000715f00000| Complete 
| 246|0x0000000716000000, 0x0000000716100000, 0x0000000716100000|100%| E|CS|TAMS 0x0000000716000000, 0x0000000716000000| Complete 
| 247|0x0000000716100000, 0x0000000716200000, 0x0000000716200000|100%| E|CS|TAMS 0x0000000716100000, 0x0000000716100000| Complete 
| 248|0x0000000716200000, 0x0000000716300000, 0x0000000716300000|100%| E|CS|TAMS 0x0000000716200000, 0x0000000716200000| Complete 
| 249|0x0000000716300000, 0x0000000716400000, 0x0000000716400000|100%| E|CS|TAMS 0x0000000716300000, 0x0000000716300000| Complete 
|2964|0x00000007bfe00000, 0x00000007bfe47000, 0x00000007bff00000| 27%|OA|  |TAMS 0x00000007bfe00000, 0x00000007bfe00000| Untracked 
|2965|0x00000007bff00000, 0x00000007bff6b000, 0x00000007c0000000| 41%|CA|  |TAMS 0x00000007bff00000, 0x00000007bff00000| Untracked 

Card table byte_map: [0x00007f4e29a9a000,0x00007f4e2a265000] _byte_map_base: 0x00007f4e26265000

Marking Bits (Prev, Next): (CMBitMap*) 0x00007f4e2407b9d8, (CMBitMap*) 0x00007f4e2407ba10
 Prev Bits: [0x00007f4e041a8000, 0x00007f4e08000000)
 Next Bits: [0x00007f4e00350000, 0x00007f4e041a8000)

Polling page: 0x00007f4e2b140000

Metaspace:

Usage:
  Non-class:      4,40 MB capacity,     1,52 MB ( 35%) used,     2,87 MB ( 65%) free+waste,     5,62 KB ( <1%) overhead. 
      Class:    475,00 KB capacity,   195,49 KB ( 41%) used,   275,95 KB ( 58%) free+waste,     3,56 KB ( <1%) overhead. 
       Both:      4,86 MB capacity,     1,71 MB ( 35%) used,     3,14 MB ( 65%) free+waste,     9,19 KB ( <1%) overhead. 

Virtual space:
  Non-class space:        8,00 MB reserved,       4,50 MB ( 56%) committed 
      Class space:        1,00 GB reserved,     512,00 KB ( <1%) committed 
             Both:        1,01 GB reserved,       5,00 MB ( <1%) committed 

Chunk freelists:
   Non-Class:  0 bytes
       Class:  0 bytes
        Both:  0 bytes

MaxMetaspaceSize: unlimited
CompressedClassSpaceSize: 1,00 GB

CodeHeap 'non-profiled nmethods': size=120032Kb used=73Kb max_used=73Kb free=119958Kb
 bounds [0x00007f4e14361000, 0x00007f4e145d1000, 0x00007f4e1b899000]
CodeHeap 'profiled nmethods': size=120032Kb used=364Kb max_used=364Kb free=119667Kb
 bounds [0x00007f4e0ce29000, 0x00007f4e0d099000, 0x00007f4e14361000]
CodeHeap 'non-nmethods': size=5696Kb used=1069Kb max_used=1076Kb free=4626Kb
 bounds [0x00007f4e0c899000, 0x00007f4e0cb09000, 0x00007f4e0ce29000]
 total_blobs=655 nmethods=276 adapters=292
 compilation: enabled
              stopped_count=0, restarted_count=0
 full_count=0

Compilation events (20 events):
Event: 0,084 Thread 0x00007f4e24231000  254       3       java.lang.Class::getClassLoader (28 bytes)
Event: 0,084 Thread 0x00007f4e24231000 nmethod 254 0x00007f4e0ce81790 code [0x00007f4e0ce819c0, 0x00007f4e0ce82250]
Event: 0,084 Thread 0x00007f4e24231000  261       3       java.lang.invoke.LambdaForm$BasicType::basicType (19 bytes)
Event: 0,085 Thread 0x00007f4e24231000 nmethod 261 0x00007f4e0ce82510 code [0x00007f4e0ce826e0, 0x00007f4e0ce82910]
Event: 0,085 Thread 0x00007f4e24231000  249       1       java.lang.String::value (5 bytes)
Event: 0,085 Thread 0x00007f4e24231000 nmethod 249 0x00007f4e14371c90 code [0x00007f4e14371e40, 0x00007f4e14371f10]
Event: 0,085 Thread 0x00007f4e24231000  262       1       java.lang.reflect.Method::getName (5 bytes)
Event: 0,086 Thread 0x00007f4e24231000 nmethod 262 0x00007f4e14371f90 code [0x00007f4e14372140, 0x00007f4e14372210]
Event: 0,086 Thread 0x00007f4e24231000  263       3       java.lang.reflect.Modifier::isPublic (12 bytes)
Event: 0,086 Thread 0x00007f4e24231000 nmethod 263 0x00007f4e0ce82a10 code [0x00007f4e0ce82bc0, 0x00007f4e0ce82cf0]
Event: 0,086 Thread 0x00007f4e24231000  265       3       java.lang.invoke.LambdaForm::argument (27 bytes)
Event: 0,088 Thread 0x00007f4e24231000 nmethod 265 0x00007f4e0ce82d90 code [0x00007f4e0ce82f60, 0x00007f4e0ce83220]
Event: 0,088 Thread 0x00007f4e24231000  267       3       java.lang.invoke.MemberName::getReferenceKind (12 bytes)
Event: 0,088 Thread 0x00007f4e24231000 nmethod 267 0x00007f4e0ce83410 code [0x00007f4e0ce835c0, 0x00007f4e0ce836f0]
Event: 0,088 Thread 0x00007f4e24231000  266       1       java.security.CodeSource::getLocationNoFragString (5 bytes)
Event: 0,088 Thread 0x00007f4e24231000 nmethod 266 0x00007f4e14372490 code [0x00007f4e14372640, 0x00007f4e14372710]
Event: 0,090 Thread 0x00007f4e24231000  270       3       java.util.Arrays::equals (57 bytes)
Event: 0,091 Thread 0x00007f4e2422f000  283       4       java.lang.StringLatin1::equals (36 bytes)
Event: 0,091 Thread 0x00007f4e24231000 nmethod 270 0x00007f4e0ce83790 code [0x00007f4e0ce83980, 0x00007f4e0ce83ee0]
Event: 0,091 Thread 0x00007f4e24231000  268       3       java.lang.Class::getPackageName (81 bytes)

GC Heap History (0 events):
No events

Deoptimization events (0 events):
No events

Classes redefined (0 events):
No events

Internal exceptions (6 events):
Event: 0,061 Thread 0x00007f4e24016800 Exception <a 'java/lang/NoSuchMethodError'{0x0000000716195888}: 'java.lang.Object java.lang.invoke.DirectMethodHandle$Holder.invokeStaticInit(java.lang.Object, java.lang.Object, java.lang.Object)'> (0x0000000716195888) thrown at [src/hotspot/share/interpreter/linkResolver.cpp, line 772]
Event: 0,082 Thread 0x00007f4e24341800 Exception <a 'java/lang/NoSuchMethodError'{0x000000071605cc30}: 'java.lang.Object java.lang.invoke.DirectMethodHandle$Holder.invokeStaticInit(java.lang.Object, java.lang.Object, long, java.lang.Object)'> (0x000000071605cc30) thrown at [src/hotspot/share/interpreter/linkResolver.cpp, line 772]
Event: 0,083 Thread 0x00007f4e24341800 Exception <a 'java/lang/NoSuchMethodError'{0x0000000716068d90}: 'java.lang.Object java.lang.invoke.Invokers$Holder.linkToTargetMethod(java.lang.Object, long, java.lang.Object)'> (0x0000000716068d90) thrown at [src/hotspot/share/interpreter/linkResolver.cpp, line 772]
Event: 0,084 Thread 0x00007f4e24341800 Exception <a 'java/lang/NoSuchMethodError'{0x000000071606f9b8}: 'java.lang.Object java.lang.invoke.DirectMethodHandle$Holder.invokeStatic(java.lang.Object, java.lang.Object, java.lang.Object, int)'> (0x000000071606f9b8) thrown at [src/hotspot/share/interpreter/linkResolver.cpp, line 772]
Event: 0,084 Thread 0x00007f4e24341800 Exception <a 'java/lang/NoSuchMethodError'{0x0000000716076490}: 'java.lang.Object java.lang.invoke.Invokers$Holder.linkToTargetMethod(java.lang.Object, java.lang.Object, int, java.lang.Object)'> (0x0000000716076490) thrown at [src/hotspot/share/interpreter/linkResolver.cpp, line 772]
Event: 0,091 Thread 0x00007f4e24341800 Exception <a 'java/lang/NoSuchMethodError'{0x00000007160f4d78}: 'int java.lang.invoke.DirectMethodHandle$Holder.invokeSpecialIFC(java.lang.Object, java.lang.Object, int)'> (0x00000007160f4d78) thrown at [src/hotspot/share/interpreter/linkResolver.cpp, line 772]

Events (20 events):
Event: 0,089 loading class org/apache/maven/surefire/booter/ProviderConfiguration
Event: 0,089 loading class org/apache/maven/surefire/booter/ProviderConfiguration done
Event: 0,089 loading class org/apache/maven/surefire/cli/CommandLineOption
Event: 0,089 loading class org/apache/maven/surefire/cli/CommandLineOption done
Event: 0,089 loading class org/apache/maven/surefire/booter/DumpErrorSingleton
Event: 0,089 loading class org/apache/maven/surefire/booter/DumpErrorSingleton done
Event: 0,090 loading class org/apache/maven/surefire/util/internal/DumpFileUtils
Event: 0,090 loading class org/apache/maven/surefire/util/internal/DumpFileUtils done
Event: 0,090 loading class org/apache/maven/surefire/booter/ClassLoaderConfiguration
Event: 0,090 loading class org/apache/maven/surefire/booter/ClassLoaderConfiguration done
Event: 0,090 loading class org/apache/maven/surefire/booter/ClasspathConfiguration
Event: 0,090 loading class org/apache/maven/surefire/booter/ClasspathConfiguration done
Event: 0,090 loading class org/apache/maven/surefire/booter/AbstractPathConfiguration
Event: 0,090 loading class org/apache/maven/surefire/booter/AbstractPathConfiguration done
Event: 0,090 Executing VM operation: RevokeBias
Event: 0,090 Executing VM operation: RevokeBias done
Event: 0,091 loading class org/apache/maven/surefire/booter/Classpath
Event: 0,091 loading class org/apache/maven/surefire/booter/Classpath done
Event: 0,091 loading class java/net/MalformedURLException
Event: 0,091 loading class java/net/MalformedURLException done


Dynamic libraries:
706a00000-716400000 rw-p 00000000 00:00 0 
716400000-7bfe00000 ---p 00000000 00:00 0 
7bfe00000-7bfe47000 rw-p 01111000 08:06 17650                            /usr/lib/jvm/java-11-openjdk-amd64/lib/server/classes.jsa
7bfe47000-7bff00000 rw-p 00000000 00:00 0 
7bff00000-7bff6b000 rw-p 010a6000 08:06 17650                            /usr/lib/jvm/java-11-openjdk-amd64/lib/server/classes.jsa
7bff6b000-7c0000000 rw-p 00000000 00:00 0 
7c0000000-800000000 ---p 00000000 00:00 0 
800000000-800002000 rwxp 00001000 08:06 17650                            /usr/lib/jvm/java-11-openjdk-amd64/lib/server/classes.jsa
800002000-8003b9000 rw-p 00003000 08:06 17650                            /usr/lib/jvm/java-11-openjdk-amd64/lib/server/classes.jsa
8003b9000-800a96000 r--p 003ba000 08:06 17650                            /usr/lib/jvm/java-11-openjdk-amd64/lib/server/classes.jsa
800a96000-800a97000 rw-p 00a97000 08:06 17650                            /usr/lib/jvm/java-11-openjdk-amd64/lib/server/classes.jsa
800a97000-8010a5000 r--p 00a98000 08:06 17650                            /usr/lib/jvm/java-11-openjdk-amd64/lib/server/classes.jsa
840000000-840080000 rw-p 00000000 00:00 0 
840080000-880000000 ---p 00000000 00:00 0 
5636e4704000-5636e4705000 r--p 00000000 08:06 17761                      /usr/lib/jvm/java-11-openjdk-amd64/bin/java
5636e4705000-5636e4706000 r-xp 00001000 08:06 17761                      /usr/lib/jvm/java-11-openjdk-amd64/bin/java
5636e4706000-5636e4707000 r--p 00002000 08:06 17761                      /usr/lib/jvm/java-11-openjdk-amd64/bin/java
5636e4707000-5636e4708000 r--p 00002000 08:06 17761                      /usr/lib/jvm/java-11-openjdk-amd64/bin/java
5636e4708000-5636e4709000 rw-p 00003000 08:06 17761                      /usr/lib/jvm/java-11-openjdk-amd64/bin/java
5636e5a1b000-5636e5a3c000 rw-p 00000000 00:00 0                          [heap]
7f4db8000000-7f4db8021000 rw-p 00000000 00:00 0 
7f4db8021000-7f4dbc000000 ---p 00000000 00:00 0 
7f4dbc000000-7f4dbc021000 rw-p 00000000 00:00 0 
7f4dbc021000-7f4dc0000000 ---p 00000000 00:00 0 
7f4dc0000000-7f4dc0021000 rw-p 00000000 00:00 0 
7f4dc0021000-7f4dc4000000 ---p 00000000 00:00 0 
7f4dc4000000-7f4dc4021000 rw-p 00000000 00:00 0 
7f4dc4021000-7f4dc8000000 ---p 00000000 00:00 0 
7f4dc8000000-7f4dc8021000 rw-p 00000000 00:00 0 
7f4dc8021000-7f4dcc000000 ---p 00000000 00:00 0 
7f4dcc000000-7f4dcc021000 rw-p 00000000 00:00 0 
7f4dcc021000-7f4dd0000000 ---p 00000000 00:00 0 
7f4dd0000000-7f4dd00ac000 rw-p 00000000 00:00 0 
7f4dd00ac000-7f4dd4000000 ---p 00000000 00:00 0 
7f4dd4000000-7f4dd4021000 rw-p 00000000 00:00 0 
7f4dd4021000-7f4dd8000000 ---p 00000000 00:00 0 
7f4dd8000000-7f4dd8021000 rw-p 00000000 00:00 0 
7f4dd8021000-7f4ddc000000 ---p 00000000 00:00 0 
7f4ddc000000-7f4ddc076000 rw-p 00000000 00:00 0 
7f4ddc076000-7f4de0000000 ---p 00000000 00:00 0 
7f4de0000000-7f4de0021000 rw-p 00000000 00:00 0 
7f4de0021000-7f4de4000000 ---p 00000000 00:00 0 
7f4de4000000-7f4de4021000 rw-p 00000000 00:00 0 
7f4de4021000-7f4de8000000 ---p 00000000 00:00 0 
7f4de8000000-7f4de8021000 rw-p 00000000 00:00 0 
7f4de8021000-7f4dec000000 ---p 00000000 00:00 0 
7f4dec000000-7f4dec021000 rw-p 00000000 00:00 0 
7f4dec021000-7f4df0000000 ---p 00000000 00:00 0 
7f4df0000000-7f4df0021000 rw-p 00000000 00:00 0 
7f4df0021000-7f4df4000000 ---p 00000000 00:00 0 
7f4df4000000-7f4df4021000 rw-p 00000000 00:00 0 
7f4df4021000-7f4df8000000 ---p 00000000 00:00 0 
7f4df99f9000-7f4df99fd000 ---p 00000000 00:00 0 
7f4df99fd000-7f4df9afa000 rw-p 00000000 00:00 0 
7f4df9afa000-7f4df9afe000 ---p 00000000 00:00 0 
7f4df9afe000-7f4df9bfb000 rw-p 00000000 00:00 0 
7f4df9bfb000-7f4df9bff000 ---p 00000000 00:00 0 
7f4df9bff000-7f4df9cfc000 rw-p 00000000 00:00 0 
7f4df9cfc000-7f4df9cfd000 ---p 00000000 00:00 0 
7f4df9cfd000-7f4df9dfe000 rw-p 00000000 00:00 0 
7f4df9dfe000-7f4df9e02000 ---p 00000000 00:00 0 
7f4df9e02000-7f4df9eff000 rw-p 00000000 00:00 0 
7f4df9eff000-7f4df9f03000 ---p 00000000 00:00 0 
7f4df9f03000-7f4dfc000000 rw-p 00000000 00:00 0 
7f4dfc000000-7f4dfc021000 rw-p 00000000 00:00 0 
7f4dfc021000-7f4e00000000 ---p 00000000 00:00 0 
7f4e0004d000-7f4e00051000 ---p 00000000 00:00 0 
7f4e00051000-7f4e0014e000 rw-p 00000000 00:00 0 
7f4e0014e000-7f4e00152000 ---p 00000000 00:00 0 
7f4e00152000-7f4e0024f000 rw-p 00000000 00:00 0 
7f4e0024f000-7f4e00253000 ---p 00000000 00:00 0 
7f4e00253000-7f4e00738000 rw-p 00000000 00:00 0 
7f4e00738000-7f4e031a0000 ---p 00000000 00:00 0 
7f4e031a0000-7f4e031a8000 rw-p 00000000 00:00 0 
7f4e031a8000-7f4e041a8000 ---p 00000000 00:00 0 
7f4e041a8000-7f4e04590000 rw-p 00000000 00:00 0 
7f4e04590000-7f4e06ff8000 ---p 00000000 00:00 0 
7f4e06ff8000-7f4e07000000 rw-p 00000000 00:00 0 
7f4e07000000-7f4e08000000 ---p 00000000 00:00 0 
7f4e08000000-7f4e08021000 rw-p 00000000 00:00 0 
7f4e08021000-7f4e0c000000 ---p 00000000 00:00 0 
7f4e0c0d3000-7f4e0c697000 r--p 00000000 08:06 684211                     /usr/lib/locale/locale-archive
7f4e0c697000-7f4e0c69b000 ---p 00000000 00:00 0 
7f4e0c69b000-7f4e0c798000 rw-p 00000000 00:00 0 
7f4e0c798000-7f4e0c79c000 ---p 00000000 00:00 0 
7f4e0c79c000-7f4e0c899000 rw-p 00000000 00:00 0 
7f4e0c899000-7f4e0cb09000 rwxp 00000000 00:00 0 
7f4e0cb09000-7f4e0ce29000 ---p 00000000 00:00 0 
7f4e0ce29000-7f4e0d099000 rwxp 00000000 00:00 0 
7f4e0d099000-7f4e14361000 ---p 00000000 00:00 0 
7f4e14361000-7f4e145d1000 rwxp 00000000 00:00 0 
7f4e145d1000-7f4e1b899000 ---p 00000000 00:00 0 
7f4e1b899000-7f4e24000000 r--s 00000000 08:06 17924                      /usr/lib/jvm/java-11-openjdk-amd64/lib/modules
7f4e24000000-7f4e2437e000 rw-p 00000000 00:00 0 
7f4e2437e000-7f4e28000000 ---p 00000000 00:00 0 
7f4e28001000-7f4e28005000 ---p 00000000 00:00 0 
7f4e28005000-7f4e28023000 rw-p 00000000 00:00 0 
7f4e28023000-7f4e28025000 r--p 00000000 08:06 17912                      /usr/lib/jvm/java-11-openjdk-amd64/lib/libmanagement_ext.so
7f4e28025000-7f4e28028000 r-xp 00002000 08:06 17912                      /usr/lib/jvm/java-11-openjdk-amd64/lib/libmanagement_ext.so
7f4e28028000-7f4e28029000 r--p 00005000 08:06 17912                      /usr/lib/jvm/java-11-openjdk-amd64/lib/libmanagement_ext.so
7f4e28029000-7f4e2802a000 ---p 00006000 08:06 17912                      /usr/lib/jvm/java-11-openjdk-amd64/lib/libmanagement_ext.so
7f4e2802a000-7f4e2802b000 r--p 00006000 08:06 17912                      /usr/lib/jvm/java-11-openjdk-amd64/lib/libmanagement_ext.so
7f4e2802b000-7f4e2802c000 rw-p 00007000 08:06 17912                      /usr/lib/jvm/java-11-openjdk-amd64/lib/libmanagement_ext.so
7f4e2802c000-7f4e2802f000 r--p 00000000 08:06 17910                      /usr/lib/jvm/java-11-openjdk-amd64/lib/libmanagement.so
7f4e2802f000-7f4e28030000 r-xp 00003000 08:06 17910                      /usr/lib/jvm/java-11-openjdk-amd64/lib/libmanagement.so
7f4e28030000-7f4e28031000 r--p 00004000 08:06 17910                      /usr/lib/jvm/java-11-openjdk-amd64/lib/libmanagement.so
7f4e28031000-7f4e28032000 r--p 00004000 08:06 17910                      /usr/lib/jvm/java-11-openjdk-amd64/lib/libmanagement.so
7f4e28032000-7f4e28033000 rw-p 00005000 08:06 17910                      /usr/lib/jvm/java-11-openjdk-amd64/lib/libmanagement.so
7f4e28033000-7f4e28037000 r--p 00000000 08:06 17914                      /usr/lib/jvm/java-11-openjdk-amd64/lib/libnet.so
7f4e28037000-7f4e28046000 r-xp 00004000 08:06 17914                      /usr/lib/jvm/java-11-openjdk-amd64/lib/libnet.so
7f4e28046000-7f4e2804a000 r--p 00013000 08:06 17914                      /usr/lib/jvm/java-11-openjdk-amd64/lib/libnet.so
7f4e2804a000-7f4e2804b000 r--p 00016000 08:06 17914                      /usr/lib/jvm/java-11-openjdk-amd64/lib/libnet.so
7f4e2804b000-7f4e2804c000 rw-p 00017000 08:06 17914                      /usr/lib/jvm/java-11-openjdk-amd64/lib/libnet.so
7f4e2804c000-7f4e28053000 r--p 00000000 08:06 17915                      /usr/lib/jvm/java-11-openjdk-amd64/lib/libnio.so
7f4e28053000-7f4e2805b000 r-xp 00007000 08:06 17915                      /usr/lib/jvm/java-11-openjdk-amd64/lib/libnio.so
7f4e2805b000-7f4e2805e000 r--p 0000f000 08:06 17915                      /usr/lib/jvm/java-11-openjdk-amd64/lib/libnio.so
7f4e2805e000-7f4e2805f000 r--p 00011000 08:06 17915                      /usr/lib/jvm/java-11-openjdk-amd64/lib/libnio.so
7f4e2805f000-7f4e28060000 rw-p 00012000 08:06 17915                      /usr/lib/jvm/java-11-openjdk-amd64/lib/libnio.so
7f4e28060000-7f4e28061000 ---p 00000000 00:00 0 
7f4e28061000-7f4e286be000 rw-p 00000000 00:00 0 
7f4e286be000-7f4e28a3e000 ---p 00000000 00:00 0 
7f4e28a3e000-7f4e28a3f000 ---p 00000000 00:00 0 
7f4e28a3f000-7f4e28b40000 rw-p 00000000 00:00 0 
7f4e28b40000-7f4e28b41000 ---p 00000000 00:00 0 
7f4e28b41000-7f4e29046000 rw-p 00000000 00:00 0 
7f4e29046000-7f4e29047000 ---p 00000000 00:00 0 
7f4e29047000-7f4e29148000 rw-p 00000000 00:00 0 
7f4e29148000-7f4e29149000 ---p 00000000 00:00 0 
7f4e29149000-7f4e2934c000 rw-p 00000000 00:00 0 
7f4e2934c000-7f4e29899000 ---p 00000000 00:00 0 
7f4e29899000-7f4e2989a000 rw-p 00000000 00:00 0 
7f4e2989a000-7f4e29a9a000 ---p 00000000 00:00 0 
7f4e29a9a000-7f4e29b17000 rw-p 00000000 00:00 0 
7f4e29b17000-7f4e2a064000 ---p 00000000 00:00 0 
7f4e2a064000-7f4e2a065000 rw-p 00000000 00:00 0 
7f4e2a065000-7f4e2a265000 ---p 00000000 00:00 0 
7f4e2a265000-7f4e2a2e2000 rw-p 00000000 00:00 0 
7f4e2a2e2000-7f4e2a82f000 ---p 00000000 00:00 0 
7f4e2a82f000-7f4e2a830000 rw-p 00000000 00:00 0 
7f4e2a830000-7f4e2aa30000 ---p 00000000 00:00 0 
7f4e2aa30000-7f4e2ae34000 rw-p 00000000 00:00 0 
7f4e2ae34000-7f4e2ae35000 ---p 00000000 00:00 0 
7f4e2ae35000-7f4e2af3b000 rw-p 00000000 00:00 0 
7f4e2af3b000-7f4e2b021000 ---p 00000000 00:00 0 
7f4e2b021000-7f4e2b026000 rw-p 00000000 00:00 0 
7f4e2b026000-7f4e2b10c000 ---p 00000000 00:00 0 
7f4e2b10c000-7f4e2b111000 rw-p 00000000 00:00 0 
7f4e2b111000-7f4e2b118000 ---p 00000000 00:00 0 
7f4e2b118000-7f4e2b11a000 r--s 0000c000 08:06 938845                     /usr/share/java/java-atk-wrapper.jar
7f4e2b11a000-7f4e2b11d000 r--p 00000000 08:06 657553                     /usr/lib/x86_64-linux-gnu/libnss_files-2.31.so
7f4e2b11d000-7f4e2b124000 r-xp 00003000 08:06 657553                     /usr/lib/x86_64-linux-gnu/libnss_files-2.31.so
7f4e2b124000-7f4e2b126000 r--p 0000a000 08:06 657553                     /usr/lib/x86_64-linux-gnu/libnss_files-2.31.so
7f4e2b126000-7f4e2b127000 r--p 0000b000 08:06 657553                     /usr/lib/x86_64-linux-gnu/libnss_files-2.31.so
7f4e2b127000-7f4e2b128000 rw-p 0000c000 08:06 657553                     /usr/lib/x86_64-linux-gnu/libnss_files-2.31.so
7f4e2b128000-7f4e2b12e000 rw-p 00000000 00:00 0 
7f4e2b12e000-7f4e2b130000 r--p 00000000 08:06 17923                      /usr/lib/jvm/java-11-openjdk-amd64/lib/libzip.so
7f4e2b130000-7f4e2b134000 r-xp 00002000 08:06 17923                      /usr/lib/jvm/java-11-openjdk-amd64/lib/libzip.so
7f4e2b134000-7f4e2b136000 r--p 00006000 08:06 17923                      /usr/lib/jvm/java-11-openjdk-amd64/lib/libzip.so
7f4e2b136000-7f4e2b137000 r--p 00007000 08:06 17923                      /usr/lib/jvm/java-11-openjdk-amd64/lib/libzip.so
7f4e2b137000-7f4e2b138000 rw-p 00008000 08:06 17923                      /usr/lib/jvm/java-11-openjdk-amd64/lib/libzip.so
7f4e2b138000-7f4e2b140000 rw-s 00000000 08:06 532015                     /tmp/hsperfdata_root/17152
7f4e2b140000-7f4e2b141000 ---p 00000000 00:00 0 
7f4e2b141000-7f4e2b142000 r--p 00000000 00:00 0 
7f4e2b142000-7f4e2b144000 r--p 00000000 08:06 17906                      /usr/lib/jvm/java-11-openjdk-amd64/lib/libjimage.so
7f4e2b144000-7f4e2b147000 r-xp 00002000 08:06 17906                      /usr/lib/jvm/java-11-openjdk-amd64/lib/libjimage.so
7f4e2b147000-7f4e2b148000 r--p 00005000 08:06 17906                      /usr/lib/jvm/java-11-openjdk-amd64/lib/libjimage.so
7f4e2b148000-7f4e2b149000 ---p 00006000 08:06 17906                      /usr/lib/jvm/java-11-openjdk-amd64/lib/libjimage.so
7f4e2b149000-7f4e2b14a000 r--p 00006000 08:06 17906                      /usr/lib/jvm/java-11-openjdk-amd64/lib/libjimage.so
7f4e2b14a000-7f4e2b14b000 rw-p 00007000 08:06 17906                      /usr/lib/jvm/java-11-openjdk-amd64/lib/libjimage.so
7f4e2b14b000-7f4e2b159000 r--p 00000000 08:06 17902                      /usr/lib/jvm/java-11-openjdk-amd64/lib/libjava.so
7f4e2b159000-7f4e2b16f000 r-xp 0000e000 08:06 17902                      /usr/lib/jvm/java-11-openjdk-amd64/lib/libjava.so
7f4e2b16f000-7f4e2b176000 r--p 00024000 08:06 17902                      /usr/lib/jvm/java-11-openjdk-amd64/lib/libjava.so
7f4e2b176000-7f4e2b177000 r--p 0002a000 08:06 17902                      /usr/lib/jvm/java-11-openjdk-amd64/lib/libjava.so
7f4e2b177000-7f4e2b178000 rw-p 0002b000 08:06 17902                      /usr/lib/jvm/java-11-openjdk-amd64/lib/libjava.so
7f4e2b178000-7f4e2b179000 rw-p 00000000 00:00 0 
7f4e2b179000-7f4e2b17c000 r--p 00000000 08:06 657564                     /usr/lib/x86_64-linux-gnu/librt-2.31.so
7f4e2b17c000-7f4e2b180000 r-xp 00003000 08:06 657564                     /usr/lib/x86_64-linux-gnu/librt-2.31.so
7f4e2b180000-7f4e2b181000 r--p 00007000 08:06 657564                     /usr/lib/x86_64-linux-gnu/librt-2.31.so
7f4e2b181000-7f4e2b182000 ---p 00008000 08:06 657564                     /usr/lib/x86_64-linux-gnu/librt-2.31.so
7f4e2b182000-7f4e2b183000 r--p 00008000 08:06 657564                     /usr/lib/x86_64-linux-gnu/librt-2.31.so
7f4e2b183000-7f4e2b184000 rw-p 00009000 08:06 657564                     /usr/lib/x86_64-linux-gnu/librt-2.31.so
7f4e2b184000-7f4e2b188000 ---p 00000000 00:00 0 
7f4e2b188000-7f4e2b285000 rw-p 00000000 00:00 0 
7f4e2b285000-7f4e2b288000 r--p 00000000 08:06 657536                     /usr/lib/x86_64-linux-gnu/libgcc_s.so.1
7f4e2b288000-7f4e2b29a000 r-xp 00003000 08:06 657536                     /usr/lib/x86_64-linux-gnu/libgcc_s.so.1
7f4e2b29a000-7f4e2b29e000 r--p 00015000 08:06 657536                     /usr/lib/x86_64-linux-gnu/libgcc_s.so.1
7f4e2b29e000-7f4e2b29f000 r--p 00018000 08:06 657536                     /usr/lib/x86_64-linux-gnu/libgcc_s.so.1
7f4e2b29f000-7f4e2b2a0000 rw-p 00019000 08:06 657536                     /usr/lib/x86_64-linux-gnu/libgcc_s.so.1
7f4e2b2a0000-7f4e2b2af000 r--p 00000000 08:06 657547                     /usr/lib/x86_64-linux-gnu/libm-2.31.so
7f4e2b2af000-7f4e2b356000 r-xp 0000f000 08:06 657547                     /usr/lib/x86_64-linux-gnu/libm-2.31.so
7f4e2b356000-7f4e2b3ed000 r--p 000b6000 08:06 657547                     /usr/lib/x86_64-linux-gnu/libm-2.31.so
7f4e2b3ed000-7f4e2b3ee000 r--p 0014c000 08:06 657547                     /usr/lib/x86_64-linux-gnu/libm-2.31.so
7f4e2b3ee000-7f4e2b3ef000 rw-p 0014d000 08:06 657547                     /usr/lib/x86_64-linux-gnu/libm-2.31.so
7f4e2b3ef000-7f4e2b485000 r--p 00000000 08:06 657539                     /usr/lib/x86_64-linux-gnu/libstdc++.so.6.0.28
7f4e2b485000-7f4e2b575000 r-xp 00096000 08:06 657539                     /usr/lib/x86_64-linux-gnu/libstdc++.so.6.0.28
7f4e2b575000-7f4e2b5be000 r--p 00186000 08:06 657539                     /usr/lib/x86_64-linux-gnu/libstdc++.so.6.0.28
7f4e2b5be000-7f4e2b5bf000 ---p 001cf000 08:06 657539                     /usr/lib/x86_64-linux-gnu/libstdc++.so.6.0.28
7f4e2b5bf000-7f4e2b5ca000 r--p 001cf000 08:06 657539                     /usr/lib/x86_64-linux-gnu/libstdc++.so.6.0.28
7f4e2b5ca000-7f4e2b5cd000 rw-p 001da000 08:06 657539                     /usr/lib/x86_64-linux-gnu/libstdc++.so.6.0.28
7f4e2b5cd000-7f4e2b5d0000 rw-p 00000000 00:00 0 
7f4e2b5d0000-7f4e2b849000 r--p 00000000 08:06 17929                      /usr/lib/jvm/java-11-openjdk-amd64/lib/server/libjvm.so
7f4e2b849000-7f4e2c4c6000 r-xp 00279000 08:06 17929                      /usr/lib/jvm/java-11-openjdk-amd64/lib/server/libjvm.so
7f4e2c4c6000-7f4e2c71c000 r--p 00ef6000 08:06 17929                      /usr/lib/jvm/java-11-openjdk-amd64/lib/server/libjvm.so
7f4e2c71c000-7f4e2c7dd000 r--p 0114b000 08:06 17929                      /usr/lib/jvm/java-11-openjdk-amd64/lib/server/libjvm.so
7f4e2c7dd000-7f4e2c818000 rw-p 0120c000 08:06 17929                      /usr/lib/jvm/java-11-openjdk-amd64/lib/server/libjvm.so
7f4e2c818000-7f4e2c871000 rw-p 00000000 00:00 0 
7f4e2c871000-7f4e2c878000 r--p 00000000 08:06 657562                     /usr/lib/x86_64-linux-gnu/libpthread-2.31.so
7f4e2c878000-7f4e2c889000 r-xp 00007000 08:06 657562                     /usr/lib/x86_64-linux-gnu/libpthread-2.31.so
7f4e2c889000-7f4e2c88e000 r--p 00018000 08:06 657562                     /usr/lib/x86_64-linux-gnu/libpthread-2.31.so
7f4e2c88e000-7f4e2c88f000 r--p 0001c000 08:06 657562                     /usr/lib/x86_64-linux-gnu/libpthread-2.31.so
7f4e2c88f000-7f4e2c890000 rw-p 0001d000 08:06 657562                     /usr/lib/x86_64-linux-gnu/libpthread-2.31.so
7f4e2c890000-7f4e2c894000 rw-p 00000000 00:00 0 
7f4e2c894000-7f4e2c895000 r--p 00000000 08:06 657546                     /usr/lib/x86_64-linux-gnu/libdl-2.31.so
7f4e2c895000-7f4e2c897000 r-xp 00001000 08:06 657546                     /usr/lib/x86_64-linux-gnu/libdl-2.31.so
7f4e2c897000-7f4e2c898000 r--p 00003000 08:06 657546                     /usr/lib/x86_64-linux-gnu/libdl-2.31.so
7f4e2c898000-7f4e2c899000 r--p 00003000 08:06 657546                     /usr/lib/x86_64-linux-gnu/libdl-2.31.so
7f4e2c899000-7f4e2c89a000 rw-p 00004000 08:06 657546                     /usr/lib/x86_64-linux-gnu/libdl-2.31.so
7f4e2c89a000-7f4e2c89c000 r--p 00000000 08:06 655555                     /usr/lib/x86_64-linux-gnu/libz.so.1.2.11
7f4e2c89c000-7f4e2c8ad000 r-xp 00002000 08:06 655555                     /usr/lib/x86_64-linux-gnu/libz.so.1.2.11
7f4e2c8ad000-7f4e2c8b3000 r--p 00013000 08:06 655555                     /usr/lib/x86_64-linux-gnu/libz.so.1.2.11
7f4e2c8b3000-7f4e2c8b4000 ---p 00019000 08:06 655555                     /usr/lib/x86_64-linux-gnu/libz.so.1.2.11
7f4e2c8b4000-7f4e2c8b5000 r--p 00019000 08:06 655555                     /usr/lib/x86_64-linux-gnu/libz.so.1.2.11
7f4e2c8b5000-7f4e2c8b6000 rw-p 0001a000 08:06 655555                     /usr/lib/x86_64-linux-gnu/libz.so.1.2.11
7f4e2c8b6000-7f4e2c8db000 r--p 00000000 08:06 657545                     /usr/lib/x86_64-linux-gnu/libc-2.31.so
7f4e2c8db000-7f4e2ca53000 r-xp 00025000 08:06 657545                     /usr/lib/x86_64-linux-gnu/libc-2.31.so
7f4e2ca53000-7f4e2ca9d000 r--p 0019d000 08:06 657545                     /usr/lib/x86_64-linux-gnu/libc-2.31.so
7f4e2ca9d000-7f4e2ca9e000 ---p 001e7000 08:06 657545                     /usr/lib/x86_64-linux-gnu/libc-2.31.so
7f4e2ca9e000-7f4e2caa1000 r--p 001e7000 08:06 657545                     /usr/lib/x86_64-linux-gnu/libc-2.31.so
7f4e2caa1000-7f4e2caa4000 rw-p 001ea000 08:06 657545                     /usr/lib/x86_64-linux-gnu/libc-2.31.so
7f4e2caa4000-7f4e2caa8000 rw-p 00000000 00:00 0 
7f4e2caa8000-7f4e2caad000 r--p 00000000 08:06 17922                      /usr/lib/jvm/java-11-openjdk-amd64/lib/libverify.so
7f4e2caad000-7f4e2cab4000 r-xp 00005000 08:06 17922                      /usr/lib/jvm/java-11-openjdk-amd64/lib/libverify.so
7f4e2cab4000-7f4e2cab6000 r--p 0000c000 08:06 17922                      /usr/lib/jvm/java-11-openjdk-amd64/lib/libverify.so
7f4e2cab6000-7f4e2cab7000 ---p 0000e000 08:06 17922                      /usr/lib/jvm/java-11-openjdk-amd64/lib/libverify.so
7f4e2cab7000-7f4e2cab9000 r--p 0000e000 08:06 17922                      /usr/lib/jvm/java-11-openjdk-amd64/lib/libverify.so
7f4e2cab9000-7f4e2caba000 rw-p 00010000 08:06 17922                      /usr/lib/jvm/java-11-openjdk-amd64/lib/libverify.so
7f4e2caba000-7f4e2cabd000 r--p 00000000 08:06 17886                      /usr/lib/jvm/java-11-openjdk-amd64/lib/jli/libjli.so
7f4e2cabd000-7f4e2cac7000 r-xp 00003000 08:06 17886                      /usr/lib/jvm/java-11-openjdk-amd64/lib/jli/libjli.so
7f4e2cac7000-7f4e2caca000 r--p 0000d000 08:06 17886                      /usr/lib/jvm/java-11-openjdk-amd64/lib/jli/libjli.so
7f4e2caca000-7f4e2cacb000 ---p 00010000 08:06 17886                      /usr/lib/jvm/java-11-openjdk-amd64/lib/jli/libjli.so
7f4e2cacb000-7f4e2cacc000 r--p 00010000 08:06 17886                      /usr/lib/jvm/java-11-openjdk-amd64/lib/jli/libjli.so
7f4e2cacc000-7f4e2cacd000 rw-p 00011000 08:06 17886                      /usr/lib/jvm/java-11-openjdk-amd64/lib/jli/libjli.so
7f4e2cacd000-7f4e2cacf000 rw-p 00000000 00:00 0 
7f4e2cacf000-7f4e2cad0000 r--p 00000000 08:06 657541                     /usr/lib/x86_64-linux-gnu/ld-2.31.so
7f4e2cad0000-7f4e2caf3000 r-xp 00001000 08:06 657541                     /usr/lib/x86_64-linux-gnu/ld-2.31.so
7f4e2caf3000-7f4e2cafb000 r--p 00024000 08:06 657541                     /usr/lib/x86_64-linux-gnu/ld-2.31.so
7f4e2cafc000-7f4e2cafd000 r--p 0002c000 08:06 657541                     /usr/lib/x86_64-linux-gnu/ld-2.31.so
7f4e2cafd000-7f4e2cafe000 rw-p 0002d000 08:06 657541                     /usr/lib/x86_64-linux-gnu/ld-2.31.so
7f4e2cafe000-7f4e2caff000 rw-p 00000000 00:00 0 
7ffc73bb9000-7ffc73bda000 rw-p 00000000 00:00 0                          [stack]
7ffc73bf9000-7ffc73bfd000 r--p 00000000 00:00 0                          [vvar]
7ffc73bfd000-7ffc73bff000 r-xp 00000000 00:00 0                          [vdso]
ffffffffff600000-ffffffffff601000 --xp 00000000 00:00 0                  [vsyscall]


VM Arguments:
java_command: /home/johannes/dev/camunda-alanda-setup/com.alanda.process.services/target/surefire/surefirebooter1271533837162894512.jar /home/johannes/dev/camunda-alanda-setup/com.alanda.process.services/target/surefire 2021-01-10T23-23-23_200-jvmRun1 surefire5329399718809526187tmp surefire_012292219973807007826tmp
java_class_path (initial): /home/johannes/dev/camunda-alanda-setup/com.alanda.process.services/target/surefire/surefirebooter1271533837162894512.jar
Launcher Type: SUN_STANDARD

[Global flags]
     intx CICompilerCount                          = 3                                         {product} {ergonomic}
     uint ConcGCThreads                            = 1                                         {product} {ergonomic}
     uint G1ConcRefinementThreads                  = 4                                         {product} {ergonomic}
   size_t G1HeapRegionSize                         = 1048576                                   {product} {ergonomic}
    uintx GCDrainStackTargetSize                   = 64                                        {product} {ergonomic}
   size_t InitialHeapSize                          = 262144000                                 {product} {ergonomic}
   size_t MarkStackSize                            = 4194304                                   {product} {ergonomic}
   size_t MaxHeapSize                              = 4183818240                                {product} {ergonomic}
   size_t MaxNewSize                               = 2510290944                                {product} {ergonomic}
   size_t MinHeapDeltaBytes                        = 1048576                                   {product} {ergonomic}
    uintx NonNMethodCodeHeapSize                   = 5830732                                {pd product} {ergonomic}
    uintx NonProfiledCodeHeapSize                  = 122913754                              {pd product} {ergonomic}
    uintx ProfiledCodeHeapSize                     = 122913754                              {pd product} {ergonomic}
    uintx ReservedCodeCacheSize                    = 251658240                              {pd product} {ergonomic}
     bool SegmentedCodeCache                       = true                                      {product} {ergonomic}
     bool UseCompressedClassPointers               = true                                 {lp64_product} {ergonomic}
     bool UseCompressedOops                        = true                                 {lp64_product} {ergonomic}
     bool UseG1GC                                  = true                                      {product} {ergonomic}

Logging:
Log output configuration:
 #0: stdout all=warning uptime,level,tags
 #1: stderr all=off uptime,level,tags

Environment Variables:
JAVA_HOME=/usr/lib/jvm/java-11-openjdk-amd64
PATH=/usr/lib/jvm/java-11-openjdk-amd64/bin:/usr/local/sbin:/usr/local/bin:/usr/sbin:/usr/bin:/sbin:/bin:/snap/bin
SHELL=/bin/bash
DISPLAY=:0
LANG=en_US.UTF-8

Signal Handlers:
SIGSEGV: [libjvm.so+0xe824c0], sa_mask[0]=11111111011111111101111111111110, sa_flags=SA_RESTART|SA_SIGINFO
SIGBUS: [libjvm.so+0xe824c0], sa_mask[0]=11111111011111111101111111111110, sa_flags=SA_RESTART|SA_SIGINFO
SIGFPE: [libjvm.so+0xe824c0], sa_mask[0]=11111111011111111101111111111110, sa_flags=SA_RESTART|SA_SIGINFO
SIGPIPE: [libjvm.so+0xbc8ee0], sa_mask[0]=11111111011111111101111111111110, sa_flags=SA_RESTART|SA_SIGINFO
SIGXFSZ: [libjvm.so+0xbc8ee0], sa_mask[0]=11111111011111111101111111111110, sa_flags=SA_RESTART|SA_SIGINFO
SIGILL: [libjvm.so+0xe824c0], sa_mask[0]=11111111011111111101111111111110, sa_flags=SA_RESTART|SA_SIGINFO
SIGUSR2: [libjvm.so+0xbc8d80], sa_mask[0]=00100000000000000000000000000000, sa_flags=SA_RESTART|SA_SIGINFO
SIGHUP: [libjvm.so+0xbc9220], sa_mask[0]=11111111011111111101111111111110, sa_flags=SA_RESTART|SA_SIGINFO
SIGINT: [libjvm.so+0xbc9220], sa_mask[0]=11111111011111111101111111111110, sa_flags=SA_RESTART|SA_SIGINFO
SIGTERM: [libjvm.so+0xbc9220], sa_mask[0]=11111111011111111101111111111110, sa_flags=SA_RESTART|SA_SIGINFO
SIGQUIT: [libjvm.so+0xbc9220], sa_mask[0]=11111111011111111101111111111110, sa_flags=SA_RESTART|SA_SIGINFO


---------------  S Y S T E M  ---------------

OS:DISTRIB_ID=Ubuntu
DISTRIB_RELEASE=20.04
DISTRIB_CODENAME=focal
DISTRIB_DESCRIPTION="Ubuntu 20.04.1 LTS"
uname:Linux 5.8.0-36-generic #40~20.04.1-Ubuntu SMP Wed Jan 6 10:15:55 UTC 2021 x86_64
OS uptime: 0 days 0:43 hours
libc:glibc 2.31 NPTL 2.31 
rlimit (soft/hard): STACK 8192k/infinity , CORE 0k/infinity , NPROC 63611/63611 , NOFILE 1048576/1048576 , AS infinity/infinity , CPU infinity/infinity , DATA infinity/infinity , FSIZE infinity/infinity , MEMLOCK 65536k/65536k
load average:1,50 1,43 1,56

/proc/meminfo:
MemTotal:       16342992 kB
MemFree:         5515048 kB
MemAvailable:   11114132 kB
Buffers:          155532 kB
Cached:          5707896 kB
SwapCached:            0 kB
Active:          6507520 kB
Inactive:        3726124 kB
Active(anon):    4351816 kB
Inactive(anon):   185756 kB
Active(file):    2155704 kB
Inactive(file):  3540368 kB
Unevictable:          80 kB
Mlocked:              80 kB
SwapTotal:        878160 kB
SwapFree:         878160 kB
Dirty:             72468 kB
Writeback:             0 kB
AnonPages:       4370392 kB
Mapped:          1305124 kB
Shmem:            188052 kB
KReclaimable:     239004 kB
Slab:             409464 kB
SReclaimable:     239004 kB
SUnreclaim:       170460 kB
KernelStack:       18240 kB
PageTables:        53076 kB
NFS_Unstable:          0 kB
Bounce:                0 kB
WritebackTmp:          0 kB
CommitLimit:     9049656 kB
Committed_AS:   13824728 kB
VmallocTotal:   34359738367 kB
VmallocUsed:       35336 kB
VmallocChunk:          0 kB
Percpu:             4608 kB
HardwareCorrupted:     0 kB
AnonHugePages:         0 kB
ShmemHugePages:        0 kB
ShmemPmdMapped:        0 kB
FileHugePages:         0 kB
FilePmdMapped:         0 kB
HugePages_Total:       0
HugePages_Free:        0
HugePages_Rsvd:        0
HugePages_Surp:        0
Hugepagesize:       2048 kB
Hugetlb:               0 kB
DirectMap4k:      414288 kB
DirectMap2M:    13162496 kB
DirectMap1G:     4194304 kB

/sys/kernel/mm/transparent_hugepage/enabled:
always [madvise] never
/sys/kernel/mm/transparent_hugepage/defrag (defrag/compaction efforts parameter):
always defer defer+madvise [madvise] never

/proc/sys/kernel/threads-max (system-wide limit on the number of threads):
127223
/proc/sys/vm/max_map_count (maximum number of memory map areas a process may have):
65530
/proc/sys/kernel/pid_max (system-wide limit on number of process identifiers):
4194304

container (cgroup) information:
container_type: cgroupv1
cpu_cpuset_cpus: 0-3
cpu_memory_nodes: 0
active_processor_count: 4
cpu_quota: -1
cpu_period: 100000
cpu_shares: -1
memory_limit_in_bytes: -1
memory_and_swap_limit_in_bytes: -1
memory_soft_limit_in_bytes: -1
memory_usage_in_bytes: 7572402176
memory_max_usage_in_bytes: 7942844416

Steal ticks since vm start: 0
Steal ticks percentage since vm start:  0,000

CPU:total 4 (initial active 4) (4 cores per cpu, 1 threads per core) family 6 model 60 stepping 3, cmov, cx8, fxsr, mmx, sse, sse2, sse3, ssse3, sse4.1, sse4.2, popcnt, avx, avx2, aes, clmul, erms, lzcnt, tsc, tscinvbit, bmi1, bmi2, fma
CPU Model and flags from /proc/cpuinfo:
model name	: Intel(R) Core(TM) i5-4690K CPU @ 3.50GHz
flags		: fpu vme de pse tsc msr pae mce cx8 apic sep mtrr pge mca cmov pat pse36 clflush dts acpi mmx fxsr sse sse2 ss ht tm pbe syscall nx pdpe1gb rdtscp lm constant_tsc arch_perfmon pebs bts rep_good nopl xtopology nonstop_tsc cpuid aperfmperf pni pclmulqdq dtes64 monitor ds_cpl vmx est tm2 ssse3 sdbg fma cx16 xtpr pdcm pcid sse4_1 sse4_2 x2apic movbe popcnt tsc_deadline_timer aes xsave avx f16c rdrand lahf_lm abm cpuid_fault invpcid_single pti ssbd ibrs ibpb stibp tpr_shadow vnmi flexpriority ept vpid ept_ad fsgsbase tsc_adjust bmi1 avx2 smep bmi2 erms invpcid xsaveopt dtherm ida arat pln pts md_clear flush_l1d
Online cpus:
0-3
Offline cpus:

BIOS frequency limitation:
<Not Available>
Frequency switch latency (ns):
20000
Available cpu frequencies:
<Not Available>
Current governor:
ondemand
Core performance/turbo boost:
<Not Available>

Memory: 4k page, physical 16342992k(5515048k free), swap 878160k(878160k free)

vm_info: OpenJDK 64-Bit Server VM (11.0.9.1+1-Ubuntu-0ubuntu1.20.04) for linux-amd64 JRE (11.0.9.1+1-Ubuntu-0ubuntu1.20.04), built on Nov 10 2020 04:18:42 by "unknown" with gcc 9.3.0

END.
