#
# A fatal error has been detected by the Java Runtime Environment:
#
#  SIGSEGV (0xb) at pc=0x00007f1fdfe187e8, pid=16256, tid=16267
#
# JRE version: OpenJDK Runtime Environment (11.0.9.1+1) (build 11.0.9.1+1-Ubuntu-0ubuntu1.20.04)
# Java VM: OpenJDK 64-Bit Server VM (11.0.9.1+1-Ubuntu-0ubuntu1.20.04, mixed mode, sharing, tiered, compressed oops, g1 gc, linux-amd64)
# Problematic frame:
# V  [libjvm.so+0x78d7e8]
#
# Core dump will be written. Default location: Core dumps may be processed with "/usr/share/apport/apport %p %s %c %d %P %E" (or dumping to /home/johannes/dev/camunda-alanda-setup/com.alanda.process.services/core.16256)
#
# If you would like to submit a bug report, please visit:
#   https://bugs.launchpad.net/ubuntu/+source/openjdk-lts
#

---------------  S U M M A R Y ------------

Command Line: /home/johannes/dev/camunda-alanda-setup/com.alanda.process.services/target/surefire/surefirebooter14665982868443951044.jar /home/johannes/dev/camunda-alanda-setup/com.alanda.process.services/target/surefire 2021-01-10T23-14-44_933-jvmRun1 surefire5071483533829136156tmp surefire_013106704028396834142tmp

Host: Intel(R) Core(TM) i5-4690K CPU @ 3.50GHz, 4 cores, 15G, Ubuntu 20.04.1 LTS
Time: Sun Jan 10 23:14:45 2021 CET elapsed time: 0.546125 seconds (0d 0h 0m 0s)

---------------  T H R E A D  ---------------

Current thread (0x00007f1fd8221800):  VMThread "VM Thread" [stack: 0x00007f1fdc11d000,0x00007f1fdc21d000] [id=16267]

Stack: [0x00007f1fdc11d000,0x00007f1fdc21d000],  sp=0x00007f1fdc21b470,  free space=1017k
Native frames: (J=compiled Java code, A=aot compiled Java code, j=interpreted, Vv=VM code, C=native code)
V  [libjvm.so+0x78d7e8]
V  [libjvm.so+0x80a5f0]
V  [libjvm.so+0x78b941]
V  [libjvm.so+0x73d663]
V  [libjvm.so+0xe8c7e6]
V  [libjvm.so+0xe84000]
V  [libjvm.so+0xe89ee7]
V  [libjvm.so+0xe8a520]
V  [libjvm.so+0xe8a886]
V  [libjvm.so+0xe14330]
V  [libjvm.so+0xbd26e6]


siginfo: si_signo: 11 (SIGSEGV), si_code: 2 (SEGV_ACCERR), si_addr: 0x00007f1fd89b99e0

Register to memory mapping:

RAX=0x0000000000940060 is an unknown value
RBX=0x0000000004a00300 is an unknown value
RCX=0x0000000000000060 is an unknown value
RDX=0x00007f1fd8079980 points into unknown readable memory: 00 00 00 00 00 00 00 00
RSP=0x00007f1fdc21b470 points into unknown readable memory: 00 18 22 d8 1f 7f 00 00
RBP=0x00007f1fdc21b490 points into unknown readable memory: d0 b4 21 dc 1f 7f 00 00
RSI=0x00007f1fd80f4ec0 points into unknown readable memory: 30 c5 88 e0 1f 7f 00 00
RDI=0x00007f1fdc21b4e0 points into unknown readable memory: e0 42 7e e0 1f 7f 00 00
R8 =0x00007f1fd8023de0 points into unknown readable memory: 40 b1 88 e0 1f 7f 00 00
R9 =0x000000000000082a is an unknown value
R10=0x00007f1fd8183c14 points into unknown readable memory: f9 00 00 00
R11=0x00007f1fa0000080 points into unknown readable memory: 90 ce 01 a0 1f 7f 00 00
R12=0x00007f1fd80f4ec0 points into unknown readable memory: 30 c5 88 e0 1f 7f 00 00
R13=0x00007f1fdc21b4e0 points into unknown readable memory: e0 42 7e e0 1f 7f 00 00
R14=0x0000000000000f95 is an unknown value
R15=0x00007f1fdc21b4e0 points into unknown readable memory: e0 42 7e e0 1f 7f 00 00


Registers:
RAX=0x0000000000940060, RBX=0x0000000004a00300, RCX=0x0000000000000060, RDX=0x00007f1fd8079980
RSP=0x00007f1fdc21b470, RBP=0x00007f1fdc21b490, RSI=0x00007f1fd80f4ec0, RDI=0x00007f1fdc21b4e0
R8 =0x00007f1fd8023de0, R9 =0x000000000000082a, R10=0x00007f1fd8183c14, R11=0x00007f1fa0000080
R12=0x00007f1fd80f4ec0, R13=0x00007f1fdc21b4e0, R14=0x0000000000000f95, R15=0x00007f1fdc21b4e0
RIP=0x00007f1fdfe187e8, EFLAGS=0x0000000000010206, CSGSFS=0x002b000000000033, ERR=0x0000000000000004
  TRAPNO=0x000000000000000e

Top of Stack: (sp=0x00007f1fdc21b470)
0x00007f1fdc21b470:   00007f1fd8221800 0000000000000060
0x00007f1fdc21b480:   00007f1fd8024078 0000000000000001
0x00007f1fdc21b490:   00007f1fdc21b4d0 00007f1fdfe955f0
0x00007f1fdc21b4a0:   000000000000000d 00007f1fd8061310 

Instructions: (pc=0x00007f1fdfe187e8)
0x00007f1fdfe186e8:   1f 84 00 00 00 00 00 90 f3 0f 1e fa c3 66 2e 0f
0x00007f1fdfe186f8:   1f 84 00 00 00 00 00 90 f3 0f 1e fa c3 66 2e 0f
0x00007f1fdfe18708:   1f 84 00 00 00 00 00 90 f3 0f 1e fa c3 66 2e 0f
0x00007f1fdfe18718:   1f 84 00 00 00 00 00 90 f3 0f 1e fa c3 66 2e 0f
0x00007f1fdfe18728:   1f 84 00 00 00 00 00 90 f3 0f 1e fa c3 66 2e 0f
0x00007f1fdfe18738:   1f 84 00 00 00 00 00 90 f3 0f 1e fa c3 66 2e 0f
0x00007f1fdfe18748:   1f 84 00 00 00 00 00 90 f3 0f 1e fa c3 66 2e 0f
0x00007f1fdfe18758:   1f 84 00 00 00 00 00 90 f3 0f 1e fa c3 66 2e 0f
0x00007f1fdfe18768:   1f 84 00 00 00 00 00 90 f3 0f 1e fa c3 66 2e 0f
0x00007f1fdfe18778:   1f 84 00 00 00 00 00 90 f3 0f 1e fa c3 66 2e 0f
0x00007f1fdfe18788:   1f 84 00 00 00 00 00 90 f3 0f 1e fa c3 66 2e 0f
0x00007f1fdfe18798:   1f 84 00 00 00 00 00 90 f3 0f 1e fa c3 66 2e 0f
0x00007f1fdfe187a8:   1f 84 00 00 00 00 00 90 f3 0f 1e fa 55 48 89 e5
0x00007f1fdfe187b8:   41 55 49 89 fd 41 54 49 89 f4 53 48 83 ec 08 8b
0x00007f1fdfe187c8:   9e 00 01 00 00 e8 2e 88 fa ff 49 89 c0 41 8b 84
0x00007f1fdfe187d8:   24 00 01 00 00 48 c1 e3 03 49 8b 90 d0 06 00 00
0x00007f1fdfe187e8:   80 3c 02 00 7e 22 49 03 5d 10 49 8b 44 24 08 48
0x00007f1fdfe187f8:   89 03 48 83 c4 08 31 c0 5b 41 5c 41 5d 5d c3 66
0x00007f1fdfe18808:   0f 1f 84 00 00 00 00 00 41 8b 84 24 04 01 00 00
0x00007f1fdfe18818:   49 03 5d 10 a8 14 74 d2 49 8b 44 24 50 48 89 03
0x00007f1fdfe18828:   48 83 c4 08 31 c0 5b 41 5c 41 5d 5d c3 66 2e 0f
0x00007f1fdfe18838:   1f 84 00 00 00 00 00 90 f3 0f 1e fa 48 8b 47 38
0x00007f1fdfe18848:   48 3b 47 28 0f 83 8f 00 00 00 55 48 89 e5 41 56
0x00007f1fdfe18858:   4c 8d 77 38 41 55 41 54 49 89 fc 53 0f 1f 40 00
0x00007f1fdfe18868:   4d 8b 6c 24 30 4c 89 e8 f0 49 0f c1 06 49 01 c5
0x00007f1fdfe18878:   49 8b 44 24 28 4c 89 eb 49 2b 5c 24 30 4c 39 e8
0x00007f1fdfe18888:   4c 0f 46 e8 4c 39 eb 73 3d 0f 1f 80 00 00 00 00
0x00007f1fdfe18898:   49 8b 44 24 18 49 8b 54 24 20 48 8b 80 a0 02 00
0x00007f1fdfe188a8:   00 8b 14 9a 48 8b 3c d0 8b 87 04 01 00 00 83 f8
0x00007f1fdfe188b8:   03 74 05 e8 90 4b 07 00 48 83 c3 01 49 39 dd 75
0x00007f1fdfe188c8:   cf 49 8b 44 24 28 49 8b 54 24 38 48 39 c2 72 90
0x00007f1fdfe188d8:   5b 41 5c 41 5d 41 5e 5d c3 c3 66 2e 0f 1f 84 00 


Stack slot to memory mapping:
stack at sp + 0 slots: 0x00007f1fd8221800 points into unknown readable memory: e0 63 89 e0 1f 7f 00 00
stack at sp + 1 slots: 0x0000000000000060 is an unknown value
stack at sp + 2 slots: 0x00007f1fd8024078 points into unknown readable memory: c0 32 7e e0 1f 7f 00 00
stack at sp + 3 slots: 0x0000000000000001 is an unknown value
stack at sp + 4 slots: 0x00007f1fdc21b4d0 points into unknown readable memory: 10 b5 21 dc 1f 7f 00 00
stack at sp + 5 slots: 0x00007f1fdfe955f0: <offset 0x000000000080a5f0> in /usr/lib/jvm/java-11-openjdk-amd64/lib/server/libjvm.so at 0x00007f1fdf68b000
stack at sp + 6 slots: 0x000000000000000d is an unknown value
stack at sp + 7 slots: 0x00007f1fd8061310 points into unknown readable memory: 96 0f 00 00 00 00 00 00

VM_Operation (0x00007f1fdf33bea0): G1CollectForAllocation, mode: safepoint, requested by thread 0x00007f1fd8016800


---------------  P R O C E S S  ---------------

Threads class SMR info:
_java_thread_list=0x00007f1f84212760, length=13, elements={
0x00007f1fd8016800, 0x00007f1fd8224800, 0x00007f1fd8226800, 0x00007f1fd822d000,
0x00007f1fd822f000, 0x00007f1fd8231000, 0x00007f1fd8233000, 0x00007f1fd826b000,
0x00007f1fd8270000, 0x00007f1fd82fb800, 0x00007f1fd8339800, 0x00007f1f6c00b000,
0x00007f1f84211800
}

Java Threads: ( => current thread )
  0x00007f1fd8016800 JavaThread "main" [_thread_blocked, id=16257, stack(0x00007f1fdf23f000,0x00007f1fdf340000)]
  0x00007f1fd8224800 JavaThread "Reference Handler" daemon [_thread_blocked, id=16268, stack(0x00007f1fdc01a000,0x00007f1fdc11b000)]
  0x00007f1fd8226800 JavaThread "Finalizer" daemon [_thread_blocked, id=16269, stack(0x00007f1fc0798000,0x00007f1fc0899000)]
  0x00007f1fd822d000 JavaThread "Signal Dispatcher" daemon [_thread_blocked, id=16270, stack(0x00007f1fc00d3000,0x00007f1fc01d4000)]
  0x00007f1fd822f000 JavaThread "C2 CompilerThread0" daemon [_thread_blocked, id=16271, stack(0x00007f1fb424f000,0x00007f1fb4350000)]
  0x00007f1fd8231000 JavaThread "C1 CompilerThread0" daemon [_thread_blocked, id=16272, stack(0x00007f1fb414e000,0x00007f1fb424f000)]
  0x00007f1fd8233000 JavaThread "Sweeper thread" daemon [_thread_blocked, id=16273, stack(0x00007f1fb404d000,0x00007f1fb414e000)]
  0x00007f1fd826b000 JavaThread "Service Thread" daemon [_thread_blocked, id=16274, stack(0x00007f1fadeff000,0x00007f1fae000000)]
  0x00007f1fd8270000 JavaThread "Common-Cleaner" daemon [_thread_blocked, id=16276, stack(0x00007f1fadcfc000,0x00007f1faddfd000)]
  0x00007f1fd82fb800 JavaThread "surefire-forkedjvm-command-thread" daemon [_thread_in_native, id=16277, stack(0x00007f1fadbfb000,0x00007f1fadcfc000)]
  0x00007f1fd8339800 JavaThread "surefire-forkedjvm-ping-30s" daemon [_thread_blocked, id=16278, stack(0x00007f1fadafa000,0x00007f1fadbfb000)]
  0x00007f1f6c00b000 JavaThread "process reaper" daemon [_thread_blocked, id=16280, stack(0x00007f1fc0088000,0x00007f1fc00aa000)]
  0x00007f1f84211800 JavaThread "C2 CompilerThread1" daemon [_thread_blocked, id=16283, stack(0x00007f1fad9f9000,0x00007f1fadafa000)]

Other Threads:
=>0x00007f1fd8221800 VMThread "VM Thread" [stack: 0x00007f1fdc11d000,0x00007f1fdc21d000] [id=16267]
  0x00007f1fd826e000 WatcherThread [stack: 0x00007f1faddff000,0x00007f1fadeff000] [id=16275]
  0x00007f1fd802e000 GCTaskThread "GC Thread#0" [stack: 0x00007f1fdeef1000,0x00007f1fdeff1000] [id=16258]
  0x00007f1fa0011000 GCTaskThread "GC Thread#1" [stack: 0x00007f1fad8f9000,0x00007f1fad9f9000] [id=16284]
  0x00007f1fa0012800 GCTaskThread "GC Thread#2" [stack: 0x00007f1fad7f7000,0x00007f1fad8f7000] [id=16285]
  0x00007f1fa0014800 GCTaskThread "GC Thread#3" [stack: 0x00007f1fad6f5000,0x00007f1fad7f5000] [id=16286]
  0x00007f1fd808c000 ConcurrentGCThread "G1 Main Marker" [stack: 0x00007f1fdd205000,0x00007f1fdd305000] [id=16259]
  0x00007f1fd808e000 ConcurrentGCThread "G1 Conc#0" [stack: 0x00007f1fdd103000,0x00007f1fdd203000] [id=16260]
  0x00007f1fd817d000 ConcurrentGCThread "G1 Refine#0" [stack: 0x00007f1fdcbfd000,0x00007f1fdccfd000] [id=16261]
  0x00007f1fd817f000 ConcurrentGCThread "G1 Young RemSet Sampling" [stack: 0x00007f1fdcafb000,0x00007f1fdcbfb000] [id=16263]

Threads with active compile tasks:
C2 CompilerThread0    550  667       4       java.util.jar.JarFile::getEntry (22 bytes)
C1 CompilerThread0    550  664       3       java.lang.Character::isWhitespace (9 bytes)
C2 CompilerThread1    550  668   !   4       jdk.internal.loader.URLClassPath$JarLoader::ensureOpen (36 bytes)

VM state:at safepoint (normal execution)

VM Mutex/Monitor currently owned by a thread:  ([mutex/lock_event])
[0x00007f1fd80131e0] Threads_lock - owner thread: 0x00007f1fd8221800
[0x00007f1fd80139c0] Heap_lock - owner thread: 0x00007f1fd8016800

Heap address: 0x0000000706a00000, size: 3990 MB, Compressed Oops mode: Zero based, Oop shift amount: 3
Narrow klass base: 0x0000000800000000, Narrow klass shift: 3
Compressed class space size: 1073741824 Address: 0x0000000840000000

Heap:
 garbage-first heap   total 258048K, used 15048K [0x0000000706a00000, 0x0000000800000000)
  region size 1024K, 14 young (14336K), 0 survivors (0K)
 Metaspace       used 3613K, capacity 5951K, committed 6144K, reserved 1056768K
  class space    used 421K, capacity 658K, committed 768K, reserved 1048576K
Heap Regions: E=young(eden), S=young(survivor), O=old, HS=humongous(starts), HC=humongous(continues), CS=collection set, F=free, A=archive, TAMS=top-at-mark-start (previous, next)
|   0|0x0000000706a00000, 0x0000000706a00000, 0x0000000706b00000|  0%| F|  |TAMS 0x0000000706a00000, 0x0000000706a00000| Untracked 
|   1|0x0000000706b00000, 0x0000000706b00000, 0x0000000706c00000|  0%| F|  |TAMS 0x0000000706b00000, 0x0000000706b00000| Untracked 
|   2|0x0000000706c00000, 0x0000000706c00000, 0x0000000706d00000|  0%| F|  |TAMS 0x0000000706c00000, 0x0000000706c00000| Untracked 
|   3|0x0000000706d00000, 0x0000000706d00000, 0x0000000706e00000|  0%| F|  |TAMS 0x0000000706d00000, 0x0000000706d00000| Untracked 
|   4|0x0000000706e00000, 0x0000000706e00000, 0x0000000706f00000|  0%| F|  |TAMS 0x0000000706e00000, 0x0000000706e00000| Untracked 
|   5|0x0000000706f00000, 0x0000000706f00000, 0x0000000707000000|  0%| F|  |TAMS 0x0000000706f00000, 0x0000000706f00000| Untracked 
|   6|0x0000000707000000, 0x0000000707000000, 0x0000000707100000|  0%| F|  |TAMS 0x0000000707000000, 0x0000000707000000| Untracked 
|   7|0x0000000707100000, 0x0000000707100000, 0x0000000707200000|  0%| F|  |TAMS 0x0000000707100000, 0x0000000707100000| Untracked 
|   8|0x0000000707200000, 0x0000000707200000, 0x0000000707300000|  0%| F|  |TAMS 0x0000000707200000, 0x0000000707200000| Untracked 
|   9|0x0000000707300000, 0x0000000707300000, 0x0000000707400000|  0%| F|  |TAMS 0x0000000707300000, 0x0000000707300000| Untracked 
|  10|0x0000000707400000, 0x0000000707400000, 0x0000000707500000|  0%| F|  |TAMS 0x0000000707400000, 0x0000000707400000| Untracked 
|  11|0x0000000707500000, 0x0000000707500000, 0x0000000707600000|  0%| F|  |TAMS 0x0000000707500000, 0x0000000707500000| Untracked 
|  12|0x0000000707600000, 0x0000000707600000, 0x0000000707700000|  0%| F|  |TAMS 0x0000000707600000, 0x0000000707600000| Untracked 
|  13|0x0000000707700000, 0x0000000707700000, 0x0000000707800000|  0%| F|  |TAMS 0x0000000707700000, 0x0000000707700000| Untracked 
|  14|0x0000000707800000, 0x0000000707800000, 0x0000000707900000|  0%| F|  |TAMS 0x0000000707800000, 0x0000000707800000| Untracked 
|  15|0x0000000707900000, 0x0000000707900000, 0x0000000707a00000|  0%| F|  |TAMS 0x0000000707900000, 0x0000000707900000| Untracked 
|  16|0x0000000707a00000, 0x0000000707a00000, 0x0000000707b00000|  0%| F|  |TAMS 0x0000000707a00000, 0x0000000707a00000| Untracked 
|  17|0x0000000707b00000, 0x0000000707b00000, 0x0000000707c00000|  0%| F|  |TAMS 0x0000000707b00000, 0x0000000707b00000| Untracked 
|  18|0x0000000707c00000, 0x0000000707c00000, 0x0000000707d00000|  0%| F|  |TAMS 0x0000000707c00000, 0x0000000707c00000| Untracked 
|  19|0x0000000707d00000, 0x0000000707d00000, 0x0000000707e00000|  0%| F|  |TAMS 0x0000000707d00000, 0x0000000707d00000| Untracked 
|  20|0x0000000707e00000, 0x0000000707e00000, 0x0000000707f00000|  0%| F|  |TAMS 0x0000000707e00000, 0x0000000707e00000| Untracked 
|  21|0x0000000707f00000, 0x0000000707f00000, 0x0000000708000000|  0%| F|  |TAMS 0x0000000707f00000, 0x0000000707f00000| Untracked 
|  22|0x0000000708000000, 0x0000000708000000, 0x0000000708100000|  0%| F|  |TAMS 0x0000000708000000, 0x0000000708000000| Untracked 
|  23|0x0000000708100000, 0x0000000708100000, 0x0000000708200000|  0%| F|  |TAMS 0x0000000708100000, 0x0000000708100000| Untracked 
|  24|0x0000000708200000, 0x0000000708200000, 0x0000000708300000|  0%| F|  |TAMS 0x0000000708200000, 0x0000000708200000| Untracked 
|  25|0x0000000708300000, 0x0000000708300000, 0x0000000708400000|  0%| F|  |TAMS 0x0000000708300000, 0x0000000708300000| Untracked 
|  26|0x0000000708400000, 0x0000000708400000, 0x0000000708500000|  0%| F|  |TAMS 0x0000000708400000, 0x0000000708400000| Untracked 
|  27|0x0000000708500000, 0x0000000708500000, 0x0000000708600000|  0%| F|  |TAMS 0x0000000708500000, 0x0000000708500000| Untracked 
|  28|0x0000000708600000, 0x0000000708600000, 0x0000000708700000|  0%| F|  |TAMS 0x0000000708600000, 0x0000000708600000| Untracked 
|  29|0x0000000708700000, 0x0000000708700000, 0x0000000708800000|  0%| F|  |TAMS 0x0000000708700000, 0x0000000708700000| Untracked 
|  30|0x0000000708800000, 0x0000000708800000, 0x0000000708900000|  0%| F|  |TAMS 0x0000000708800000, 0x0000000708800000| Untracked 
|  31|0x0000000708900000, 0x0000000708900000, 0x0000000708a00000|  0%| F|  |TAMS 0x0000000708900000, 0x0000000708900000| Untracked 
|  32|0x0000000708a00000, 0x0000000708a00000, 0x0000000708b00000|  0%| F|  |TAMS 0x0000000708a00000, 0x0000000708a00000| Untracked 
|  33|0x0000000708b00000, 0x0000000708b00000, 0x0000000708c00000|  0%| F|  |TAMS 0x0000000708b00000, 0x0000000708b00000| Untracked 
|  34|0x0000000708c00000, 0x0000000708c00000, 0x0000000708d00000|  0%| F|  |TAMS 0x0000000708c00000, 0x0000000708c00000| Untracked 
|  35|0x0000000708d00000, 0x0000000708d00000, 0x0000000708e00000|  0%| F|  |TAMS 0x0000000708d00000, 0x0000000708d00000| Untracked 
|  36|0x0000000708e00000, 0x0000000708e00000, 0x0000000708f00000|  0%| F|  |TAMS 0x0000000708e00000, 0x0000000708e00000| Untracked 
|  37|0x0000000708f00000, 0x0000000708f00000, 0x0000000709000000|  0%| F|  |TAMS 0x0000000708f00000, 0x0000000708f00000| Untracked 
|  38|0x0000000709000000, 0x0000000709000000, 0x0000000709100000|  0%| F|  |TAMS 0x0000000709000000, 0x0000000709000000| Untracked 
|  39|0x0000000709100000, 0x0000000709100000, 0x0000000709200000|  0%| F|  |TAMS 0x0000000709100000, 0x0000000709100000| Untracked 
|  40|0x0000000709200000, 0x0000000709200000, 0x0000000709300000|  0%| F|  |TAMS 0x0000000709200000, 0x0000000709200000| Untracked 
|  41|0x0000000709300000, 0x0000000709300000, 0x0000000709400000|  0%| F|  |TAMS 0x0000000709300000, 0x0000000709300000| Untracked 
|  42|0x0000000709400000, 0x0000000709400000, 0x0000000709500000|  0%| F|  |TAMS 0x0000000709400000, 0x0000000709400000| Untracked 
|  43|0x0000000709500000, 0x0000000709500000, 0x0000000709600000|  0%| F|  |TAMS 0x0000000709500000, 0x0000000709500000| Untracked 
|  44|0x0000000709600000, 0x0000000709600000, 0x0000000709700000|  0%| F|  |TAMS 0x0000000709600000, 0x0000000709600000| Untracked 
|  45|0x0000000709700000, 0x0000000709700000, 0x0000000709800000|  0%| F|  |TAMS 0x0000000709700000, 0x0000000709700000| Untracked 
|  46|0x0000000709800000, 0x0000000709800000, 0x0000000709900000|  0%| F|  |TAMS 0x0000000709800000, 0x0000000709800000| Untracked 
|  47|0x0000000709900000, 0x0000000709900000, 0x0000000709a00000|  0%| F|  |TAMS 0x0000000709900000, 0x0000000709900000| Untracked 
|  48|0x0000000709a00000, 0x0000000709a00000, 0x0000000709b00000|  0%| F|  |TAMS 0x0000000709a00000, 0x0000000709a00000| Untracked 
|  49|0x0000000709b00000, 0x0000000709b00000, 0x0000000709c00000|  0%| F|  |TAMS 0x0000000709b00000, 0x0000000709b00000| Untracked 
|  50|0x0000000709c00000, 0x0000000709c00000, 0x0000000709d00000|  0%| F|  |TAMS 0x0000000709c00000, 0x0000000709c00000| Untracked 
|  51|0x0000000709d00000, 0x0000000709d00000, 0x0000000709e00000|  0%| F|  |TAMS 0x0000000709d00000, 0x0000000709d00000| Untracked 
|  52|0x0000000709e00000, 0x0000000709e00000, 0x0000000709f00000|  0%| F|  |TAMS 0x0000000709e00000, 0x0000000709e00000| Untracked 
|  53|0x0000000709f00000, 0x0000000709f00000, 0x000000070a000000|  0%| F|  |TAMS 0x0000000709f00000, 0x0000000709f00000| Untracked 
|  54|0x000000070a000000, 0x000000070a000000, 0x000000070a100000|  0%| F|  |TAMS 0x000000070a000000, 0x000000070a000000| Untracked 
|  55|0x000000070a100000, 0x000000070a100000, 0x000000070a200000|  0%| F|  |TAMS 0x000000070a100000, 0x000000070a100000| Untracked 
|  56|0x000000070a200000, 0x000000070a200000, 0x000000070a300000|  0%| F|  |TAMS 0x000000070a200000, 0x000000070a200000| Untracked 
|  57|0x000000070a300000, 0x000000070a300000, 0x000000070a400000|  0%| F|  |TAMS 0x000000070a300000, 0x000000070a300000| Untracked 
|  58|0x000000070a400000, 0x000000070a400000, 0x000000070a500000|  0%| F|  |TAMS 0x000000070a400000, 0x000000070a400000| Untracked 
|  59|0x000000070a500000, 0x000000070a500000, 0x000000070a600000|  0%| F|  |TAMS 0x000000070a500000, 0x000000070a500000| Untracked 
|  60|0x000000070a600000, 0x000000070a600000, 0x000000070a700000|  0%| F|  |TAMS 0x000000070a600000, 0x000000070a600000| Untracked 
|  61|0x000000070a700000, 0x000000070a700000, 0x000000070a800000|  0%| F|  |TAMS 0x000000070a700000, 0x000000070a700000| Untracked 
|  62|0x000000070a800000, 0x000000070a800000, 0x000000070a900000|  0%| F|  |TAMS 0x000000070a800000, 0x000000070a800000| Untracked 
|  63|0x000000070a900000, 0x000000070a900000, 0x000000070aa00000|  0%| F|  |TAMS 0x000000070a900000, 0x000000070a900000| Untracked 
|  64|0x000000070aa00000, 0x000000070aa00000, 0x000000070ab00000|  0%| F|  |TAMS 0x000000070aa00000, 0x000000070aa00000| Untracked 
|  65|0x000000070ab00000, 0x000000070ab00000, 0x000000070ac00000|  0%| F|  |TAMS 0x000000070ab00000, 0x000000070ab00000| Untracked 
|  66|0x000000070ac00000, 0x000000070ac00000, 0x000000070ad00000|  0%| F|  |TAMS 0x000000070ac00000, 0x000000070ac00000| Untracked 
|  67|0x000000070ad00000, 0x000000070ad00000, 0x000000070ae00000|  0%| F|  |TAMS 0x000000070ad00000, 0x000000070ad00000| Untracked 
|  68|0x000000070ae00000, 0x000000070ae00000, 0x000000070af00000|  0%| F|  |TAMS 0x000000070ae00000, 0x000000070ae00000| Untracked 
|  69|0x000000070af00000, 0x000000070af00000, 0x000000070b000000|  0%| F|  |TAMS 0x000000070af00000, 0x000000070af00000| Untracked 
|  70|0x000000070b000000, 0x000000070b000000, 0x000000070b100000|  0%| F|  |TAMS 0x000000070b000000, 0x000000070b000000| Untracked 
|  71|0x000000070b100000, 0x000000070b100000, 0x000000070b200000|  0%| F|  |TAMS 0x000000070b100000, 0x000000070b100000| Untracked 
|  72|0x000000070b200000, 0x000000070b200000, 0x000000070b300000|  0%| F|  |TAMS 0x000000070b200000, 0x000000070b200000| Untracked 
|  73|0x000000070b300000, 0x000000070b300000, 0x000000070b400000|  0%| F|  |TAMS 0x000000070b300000, 0x000000070b300000| Untracked 
|  74|0x000000070b400000, 0x000000070b400000, 0x000000070b500000|  0%| F|  |TAMS 0x000000070b400000, 0x000000070b400000| Untracked 
|  75|0x000000070b500000, 0x000000070b500000, 0x000000070b600000|  0%| F|  |TAMS 0x000000070b500000, 0x000000070b500000| Untracked 
|  76|0x000000070b600000, 0x000000070b600000, 0x000000070b700000|  0%| F|  |TAMS 0x000000070b600000, 0x000000070b600000| Untracked 
|  77|0x000000070b700000, 0x000000070b700000, 0x000000070b800000|  0%| F|  |TAMS 0x000000070b700000, 0x000000070b700000| Untracked 
|  78|0x000000070b800000, 0x000000070b800000, 0x000000070b900000|  0%| F|  |TAMS 0x000000070b800000, 0x000000070b800000| Untracked 
|  79|0x000000070b900000, 0x000000070b900000, 0x000000070ba00000|  0%| F|  |TAMS 0x000000070b900000, 0x000000070b900000| Untracked 
|  80|0x000000070ba00000, 0x000000070ba00000, 0x000000070bb00000|  0%| F|  |TAMS 0x000000070ba00000, 0x000000070ba00000| Untracked 
|  81|0x000000070bb00000, 0x000000070bb00000, 0x000000070bc00000|  0%| F|  |TAMS 0x000000070bb00000, 0x000000070bb00000| Untracked 
|  82|0x000000070bc00000, 0x000000070bc00000, 0x000000070bd00000|  0%| F|  |TAMS 0x000000070bc00000, 0x000000070bc00000| Untracked 
|  83|0x000000070bd00000, 0x000000070bd00000, 0x000000070be00000|  0%| F|  |TAMS 0x000000070bd00000, 0x000000070bd00000| Untracked 
|  84|0x000000070be00000, 0x000000070be00000, 0x000000070bf00000|  0%| F|  |TAMS 0x000000070be00000, 0x000000070be00000| Untracked 
|  85|0x000000070bf00000, 0x000000070bf00000, 0x000000070c000000|  0%| F|  |TAMS 0x000000070bf00000, 0x000000070bf00000| Untracked 
|  86|0x000000070c000000, 0x000000070c000000, 0x000000070c100000|  0%| F|  |TAMS 0x000000070c000000, 0x000000070c000000| Untracked 
|  87|0x000000070c100000, 0x000000070c100000, 0x000000070c200000|  0%| F|  |TAMS 0x000000070c100000, 0x000000070c100000| Untracked 
|  88|0x000000070c200000, 0x000000070c200000, 0x000000070c300000|  0%| F|  |TAMS 0x000000070c200000, 0x000000070c200000| Untracked 
|  89|0x000000070c300000, 0x000000070c300000, 0x000000070c400000|  0%| F|  |TAMS 0x000000070c300000, 0x000000070c300000| Untracked 
|  90|0x000000070c400000, 0x000000070c400000, 0x000000070c500000|  0%| F|  |TAMS 0x000000070c400000, 0x000000070c400000| Untracked 
|  91|0x000000070c500000, 0x000000070c500000, 0x000000070c600000|  0%| F|  |TAMS 0x000000070c500000, 0x000000070c500000| Untracked 
|  92|0x000000070c600000, 0x000000070c600000, 0x000000070c700000|  0%| F|  |TAMS 0x000000070c600000, 0x000000070c600000| Untracked 
|  93|0x000000070c700000, 0x000000070c700000, 0x000000070c800000|  0%| F|  |TAMS 0x000000070c700000, 0x000000070c700000| Untracked 

[error occurred during error reporting (printing heap information), id 0xb, SIGSEGV (0xb) at pc=0x00007f1fdfdca045]

Metaspace:

Usage:
  Non-class:      5,17 MB capacity,     3,12 MB ( 60%) used,     2,04 MB ( 39%) free+waste,    15,44 KB ( <1%) overhead. 
      Class:    658,00 KB capacity,   421,23 KB ( 64%) used,   227,65 KB ( 35%) free+waste,     9,12 KB (  1%) overhead. 
       Both:      5,81 MB capacity,     3,53 MB ( 61%) used,     2,26 MB ( 39%) free+waste,    24,56 KB ( <1%) overhead. 

Virtual space:
  Non-class space:        8,00 MB reserved,       5,25 MB ( 66%) committed 
      Class space:        1,00 GB reserved,     768,00 KB ( <1%) committed 
             Both:        1,01 GB reserved,       6,00 MB ( <1%) committed 

Chunk freelists:
   Non-Class:  0 bytes
       Class:  0 bytes
        Both:  0 bytes

MaxMetaspaceSize: unlimited
CompressedClassSpaceSize: 1,00 GB

CodeHeap 'non-profiled nmethods': size=120032Kb used=203Kb max_used=203Kb free=119828Kb
 bounds [0x00007f1fc8361000, 0x00007f1fc85d1000, 0x00007f1fcf899000]
CodeHeap 'profiled nmethods': size=120032Kb used=1138Kb max_used=1138Kb free=118893Kb
 bounds [0x00007f1fc0e29000, 0x00007f1fc1099000, 0x00007f1fc8361000]
CodeHeap 'non-nmethods': size=5696Kb used=1083Kb max_used=1099Kb free=4612Kb
 bounds [0x00007f1fc0899000, 0x00007f1fc0b09000, 0x00007f1fc0e29000]
 total_blobs=1064 nmethods=663 adapters=314
 compilation: enabled
              stopped_count=0, restarted_count=0
 full_count=0

Compilation events (20 events):
Event: 0,525 Thread 0x00007f1fd8231000 nmethod 655 0x00007f1fc0f41390 code [0x00007f1fc0f41540, 0x00007f1fc0f416b0]
Event: 0,525 Thread 0x00007f1fd8231000  656       3       java.lang.reflect.ProxyGenerator$ConstantPool$IndirectEntry::hashCode (15 bytes)
Event: 0,525 Thread 0x00007f1fd8231000 nmethod 656 0x00007f1fc0f41790 code [0x00007f1fc0f41940, 0x00007f1fc0f41a70]
Event: 0,525 Thread 0x00007f1fd8231000  657       3       java.lang.reflect.ProxyGenerator$ConstantPool::getUtf8 (18 bytes)
Event: 0,525 Thread 0x00007f1fd8231000 nmethod 657 0x00007f1fc0f41b10 code [0x00007f1fc0f41ce0, 0x00007f1fc0f41f30]
Event: 0,525 Thread 0x00007f1fd8231000  659       3       java.io.DataOutputStream::writeByte (14 bytes)
Event: 0,525 Thread 0x00007f1fd8231000 nmethod 659 0x00007f1fc0f42010 code [0x00007f1fc0f421e0, 0x00007f1fc0f42480]
Event: 0,525 Thread 0x00007f1fd8231000  660       3       java.io.DataOutputStream::writeShort (35 bytes)
Event: 0,526 Thread 0x00007f1fd8231000 nmethod 660 0x00007f1fc0f42590 code [0x00007f1fc0f42760, 0x00007f1fc0f42af0]
Event: 0,526 Thread 0x00007f1fd8231000  661  s    3       java.io.DataOutputStream::write (14 bytes)
Event: 0,526 Thread 0x00007f1fd8231000 nmethod 661 0x00007f1fc0f42c10 code [0x00007f1fc0f42de0, 0x00007f1fc0f43200]
Event: 0,526 Thread 0x00007f1fd8231000  658       3       java.lang.reflect.ProxyGenerator$ConstantPool::getValue (87 bytes)
Event: 0,526 Thread 0x00007f1fd8231000 nmethod 658 0x00007f1fc0f43310 code [0x00007f1fc0f43640, 0x00007f1fc0f44970]
Event: 0,526 Thread 0x00007f1fd8231000  662       3       java.lang.Character::isWhitespace (5 bytes)
Event: 0,527 Thread 0x00007f1fd8231000 nmethod 662 0x00007f1fc0f45010 code [0x00007f1fc0f451e0, 0x00007f1fc0f45430]
Event: 0,527 Thread 0x00007f1fd8231000  663       3       sun.reflect.generics.parser.SignatureParser::advance (53 bytes)
Event: 0,527 Thread 0x00007f1fd822f000  667       4       java.util.jar.JarFile::getEntry (22 bytes)
Event: 0,527 Thread 0x00007f1f84211800  668   !   4       jdk.internal.loader.URLClassPath$JarLoader::ensureOpen (36 bytes)
Event: 0,527 Thread 0x00007f1fd8231000 nmethod 663 0x00007f1fc0f45510 code [0x00007f1fc0f456e0, 0x00007f1fc0f45950]
Event: 0,527 Thread 0x00007f1fd8231000  664       3       java.lang.Character::isWhitespace (9 bytes)

GC Heap History (1 events):
Event: 0,527 GC heap before
{Heap before GC invocations=0 (full 0):
 garbage-first heap   total 258048K, used 14024K [0x0000000706a00000, 0x0000000800000000)
  region size 1024K, 14 young (14336K), 0 survivors (0K)
 Metaspace       used 3613K, capacity 5951K, committed 6144K, reserved 1056768K
  class space    used 421K, capacity 658K, committed 768K, reserved 1048576K
}

Deoptimization events (20 events):
Event: 0,146 Thread 0x00007f1fd8016800 DEOPT PACKING pc=0x00007f1fc0e7d130 sp=0x00007f1fdf33e140
Event: 0,146 Thread 0x00007f1fd8016800 DEOPT UNPACKING pc=0x00007f1fc08bf6ba sp=0x00007f1fdf33d5b8 mode 0
Event: 0,430 Thread 0x00007f1fd8016800 DEOPT PACKING pc=0x00007f1fc0eadb75 sp=0x00007f1fdf33cea0
Event: 0,430 Thread 0x00007f1fd8016800 DEOPT UNPACKING pc=0x00007f1fc08bf6ba sp=0x00007f1fdf33c340 mode 0
Event: 0,430 Thread 0x00007f1fd8016800 DEOPT PACKING pc=0x00007f1fc0ea7742 sp=0x00007f1fdf33a570
Event: 0,431 Thread 0x00007f1fd8016800 DEOPT UNPACKING pc=0x00007f1fc08bf6ba sp=0x00007f1fdf3399f8 mode 0
Event: 0,431 Thread 0x00007f1fd8016800 DEOPT PACKING pc=0x00007f1fc0e4534f sp=0x00007f1fdf33d210
Event: 0,431 Thread 0x00007f1fd8016800 DEOPT UNPACKING pc=0x00007f1fc08bf6ba sp=0x00007f1fdf33c6b8 mode 0
Event: 0,432 Thread 0x00007f1fd8016800 DEOPT PACKING pc=0x00007f1fc0e4534f sp=0x00007f1fdf33b550
Event: 0,432 Thread 0x00007f1fd8016800 DEOPT UNPACKING pc=0x00007f1fc08bf6ba sp=0x00007f1fdf33a9f8 mode 0
Event: 0,495 Thread 0x00007f1fd8016800 DEOPT PACKING pc=0x00007f1fc0eb5388 sp=0x00007f1fdf33c3a0
Event: 0,495 Thread 0x00007f1fd8016800 DEOPT UNPACKING pc=0x00007f1fc08bf6ba sp=0x00007f1fdf33b810 mode 0
Event: 0,497 Thread 0x00007f1fd8016800 DEOPT PACKING pc=0x00007f1fc0eb5388 sp=0x00007f1fdf33cb90
Event: 0,497 Thread 0x00007f1fd8016800 DEOPT UNPACKING pc=0x00007f1fc08bf6ba sp=0x00007f1fdf33c028 mode 0
Event: 0,501 Thread 0x00007f1fd8016800 DEOPT PACKING pc=0x00007f1fc0eb5388 sp=0x00007f1fdf33d460
Event: 0,501 Thread 0x00007f1fd8016800 DEOPT UNPACKING pc=0x00007f1fc08bf6ba sp=0x00007f1fdf33c8d0 mode 0
Event: 0,505 Thread 0x00007f1fd8016800 DEOPT PACKING pc=0x00007f1fc0eb53e6 sp=0x00007f1fdf33cf20
Event: 0,505 Thread 0x00007f1fd8016800 DEOPT UNPACKING pc=0x00007f1fc08bf6ba sp=0x00007f1fdf33c390 mode 0
Event: 0,509 Thread 0x00007f1fd8016800 DEOPT PACKING pc=0x00007f1fc0eb5388 sp=0x00007f1fdf33d200
Event: 0,509 Thread 0x00007f1fd8016800 DEOPT UNPACKING pc=0x00007f1fc08bf6ba sp=0x00007f1fdf33c670 mode 0

Classes redefined (0 events):
No events

Internal exceptions (12 events):
Event: 0,061 Thread 0x00007f1fd8016800 Exception <a 'java/lang/NoSuchMethodError'{0x0000000716195888}: 'java.lang.Object java.lang.invoke.DirectMethodHandle$Holder.invokeStaticInit(java.lang.Object, java.lang.Object, java.lang.Object)'> (0x0000000716195888) thrown at [src/hotspot/share/interpreter/linkResolver.cpp, line 772]
Event: 0,083 Thread 0x00007f1fd8339800 Exception <a 'java/lang/NoSuchMethodError'{0x000000071605cbb0}: 'java.lang.Object java.lang.invoke.DirectMethodHandle$Holder.invokeStaticInit(java.lang.Object, java.lang.Object, long, java.lang.Object)'> (0x000000071605cbb0) thrown at [src/hotspot/share/interpreter/linkResolver.cpp, line 772]
Event: 0,084 Thread 0x00007f1fd8339800 Exception <a 'java/lang/NoSuchMethodError'{0x0000000716068d10}: 'java.lang.Object java.lang.invoke.Invokers$Holder.linkToTargetMethod(java.lang.Object, long, java.lang.Object)'> (0x0000000716068d10) thrown at [src/hotspot/share/interpreter/linkResolver.cpp, line 772]
Event: 0,085 Thread 0x00007f1fd8339800 Exception <a 'java/lang/NoSuchMethodError'{0x000000071606f938}: 'java.lang.Object java.lang.invoke.DirectMethodHandle$Holder.invokeStatic(java.lang.Object, java.lang.Object, java.lang.Object, int)'> (0x000000071606f938) thrown at [src/hotspot/share/interpreter/linkResolver.cpp, line 772]
Event: 0,086 Thread 0x00007f1fd8339800 Exception <a 'java/lang/NoSuchMethodError'{0x0000000716076410}: 'java.lang.Object java.lang.invoke.Invokers$Holder.linkToTargetMethod(java.lang.Object, java.lang.Object, int, java.lang.Object)'> (0x0000000716076410) thrown at [src/hotspot/share/interpreter/linkResolver.cpp, line 772]
Event: 0,104 Thread 0x00007f1fd8339800 Exception <a 'java/lang/NoSuchMethodError'{0x0000000715f546d8}: 'int java.lang.invoke.DirectMethodHandle$Holder.invokeSpecialIFC(java.lang.Object, java.lang.Object, int)'> (0x0000000715f546d8) thrown at [src/hotspot/share/interpreter/linkResolver.cpp, line 772]
Event: 0,485 Thread 0x00007f1fd8016800 Exception <a 'java/lang/NoSuchMethodError'{0x00000007159f15c0}: 'int java.lang.invoke.DirectMethodHandle$Holder.invokeVirtual(java.lang.Object, java.lang.Object)'> (0x00000007159f15c0) thrown at [src/hotspot/share/interpreter/linkResolver.cpp, line 772]
Event: 0,488 Thread 0x00007f1fd8016800 Exception <a 'java/lang/NoSuchMethodError'{0x0000000715815c88}: 'java.lang.Object java.lang.invoke.DirectMethodHandle$Holder.invokeStaticInit(java.lang.Object, int)'> (0x0000000715815c88) thrown at [src/hotspot/share/interpreter/linkResolver.cpp, line 772]
Event: 0,498 Thread 0x00007f1fd8016800 Exception <a 'java/lang/NoSuchMethodError'{0x0000000715713760}: 'int java.lang.invoke.DirectMethodHandle$Holder.invokeSpecialIFC(java.lang.Object, java.lang.Object, java.lang.Object, java.lang.Object)'> (0x0000000715713760) thrown at [src/hotspot/share/interpreter/linkResolver.cpp, line 772]
Event: 0,507 Thread 0x00007f1fd8016800 Exception <a 'java/lang/NoSuchMethodError'{0x00000007157cc0b0}: 'void java.lang.invoke.DirectMethodHandle$Holder.invokeInterface(java.lang.Object, java.lang.Object)'> (0x00000007157cc0b0) thrown at [src/hotspot/share/interpreter/linkResolver.cpp, line 772]
Event: 0,507 Thread 0x00007f1fd8016800 Exception <a 'java/lang/IncompatibleClassChangeError'{0x00000007157cefb8}: Found class java.lang.Object, but interface was expected> (0x00000007157cefb8) thrown at [src/hotspot/share/interpreter/linkResolver.cpp, line 839]
Event: 0,516 Thread 0x00007f1fd8016800 Exception <a 'java/lang/NoSuchMethodError'{0x000000071569ab68}: 'void java.lang.invoke.DirectMethodHandle$Holder.invokeStaticInit(java.lang.Object, java.lang.Object, java.lang.Object)'> (0x000000071569ab68) thrown at [src/hotspot/share/interpreter/linkResolver.cpp, line 772]

Events (20 events):
Event: 0,522 loading class java/lang/reflect/ProxyGenerator$MethodInfo done
Event: 0,522 loading class java/lang/reflect/ProxyGenerator$ConstantPool$ValueEntry
Event: 0,522 loading class java/lang/reflect/ProxyGenerator$ConstantPool$Entry
Event: 0,522 loading class java/lang/reflect/ProxyGenerator$ConstantPool$Entry done
Event: 0,522 loading class java/lang/reflect/ProxyGenerator$ConstantPool$ValueEntry done
Event: 0,522 loading class java/io/DataOutputStream
Event: 0,522 loading class java/io/DataOutputStream done
Event: 0,522 loading class java/lang/reflect/ProxyGenerator$ConstantPool$IndirectEntry
Event: 0,522 loading class java/lang/reflect/ProxyGenerator$ConstantPool$IndirectEntry done
Event: 0,523 loading class java/lang/reflect/ProxyGenerator$FieldInfo
Event: 0,523 loading class java/lang/reflect/ProxyGenerator$FieldInfo done
Event: 0,523 loading class java/lang/reflect/ProxyGenerator$PrimitiveTypeInfo
Event: 0,523 loading class java/lang/reflect/ProxyGenerator$PrimitiveTypeInfo done
Event: 0,523 loading class java/lang/reflect/ProxyGenerator$ExceptionTableEntry
Event: 0,523 loading class java/lang/reflect/ProxyGenerator$ExceptionTableEntry done
Event: 0,524 loading class java/lang/reflect/Proxy$ProxyBuilder$1
Event: 0,524 loading class java/lang/reflect/Proxy$ProxyBuilder$1 done
Event: 0,527 loading class org/apiguardian/api/API
Event: 0,527 loading class org/apiguardian/api/API done
Event: 0,527 Executing VM operation: G1CollectForAllocation


Dynamic libraries:
706a00000-716400000 rw-p 00000000 00:00 0 
716400000-7bfe00000 ---p 00000000 00:00 0 
7bfe00000-7bfe47000 rw-p 01111000 08:06 17650                            /usr/lib/jvm/java-11-openjdk-amd64/lib/server/classes.jsa
7bfe47000-7bff00000 rw-p 00000000 00:00 0 
7bff00000-7bff6b000 rw-p 010a6000 08:06 17650                            /usr/lib/jvm/java-11-openjdk-amd64/lib/server/classes.jsa
7bff6b000-7c0000000 rw-p 00000000 00:00 0 
7c0000000-800000000 ---p 00000000 00:00 0 
800000000-800002000 rwxp 00001000 08:06 17650                            /usr/lib/jvm/java-11-openjdk-amd64/lib/server/classes.jsa
800002000-8003b9000 rw-p 00003000 08:06 17650                            /usr/lib/jvm/java-11-openjdk-amd64/lib/server/classes.jsa
8003b9000-800a96000 r--p 003ba000 08:06 17650                            /usr/lib/jvm/java-11-openjdk-amd64/lib/server/classes.jsa
800a96000-800a97000 rw-p 00a97000 08:06 17650                            /usr/lib/jvm/java-11-openjdk-amd64/lib/server/classes.jsa
800a97000-8010a5000 r--p 00a98000 08:06 17650                            /usr/lib/jvm/java-11-openjdk-amd64/lib/server/classes.jsa
840000000-8400c0000 rw-p 00000000 00:00 0 
8400c0000-880000000 ---p 00000000 00:00 0 
562263e98000-562263e99000 r--p 00000000 08:06 17761                      /usr/lib/jvm/java-11-openjdk-amd64/bin/java
562263e99000-562263e9a000 r-xp 00001000 08:06 17761                      /usr/lib/jvm/java-11-openjdk-amd64/bin/java
562263e9a000-562263e9b000 r--p 00002000 08:06 17761                      /usr/lib/jvm/java-11-openjdk-amd64/bin/java
562263e9b000-562263e9c000 r--p 00002000 08:06 17761                      /usr/lib/jvm/java-11-openjdk-amd64/bin/java
562263e9c000-562263e9d000 rw-p 00003000 08:06 17761                      /usr/lib/jvm/java-11-openjdk-amd64/bin/java
5622644ea000-56226450b000 rw-p 00000000 00:00 0                          [heap]
7f1f5c000000-7f1f5c021000 rw-p 00000000 00:00 0 
7f1f5c021000-7f1f60000000 ---p 00000000 00:00 0 
7f1f60000000-7f1f60021000 rw-p 00000000 00:00 0 
7f1f60021000-7f1f64000000 ---p 00000000 00:00 0 
7f1f64000000-7f1f64223000 rw-p 00000000 00:00 0 
7f1f64223000-7f1f68000000 ---p 00000000 00:00 0 
7f1f68000000-7f1f68021000 rw-p 00000000 00:00 0 
7f1f68021000-7f1f6c000000 ---p 00000000 00:00 0 
7f1f6c000000-7f1f6c026000 rw-p 00000000 00:00 0 
7f1f6c026000-7f1f70000000 ---p 00000000 00:00 0 
7f1f70000000-7f1f70021000 rw-p 00000000 00:00 0 
7f1f70021000-7f1f74000000 ---p 00000000 00:00 0 
7f1f74000000-7f1f74021000 rw-p 00000000 00:00 0 
7f1f74021000-7f1f78000000 ---p 00000000 00:00 0 
7f1f78000000-7f1f78021000 rw-p 00000000 00:00 0 
7f1f78021000-7f1f7c000000 ---p 00000000 00:00 0 
7f1f7c000000-7f1f7c021000 rw-p 00000000 00:00 0 
7f1f7c021000-7f1f80000000 ---p 00000000 00:00 0 
7f1f80000000-7f1f80021000 rw-p 00000000 00:00 0 
7f1f80021000-7f1f84000000 ---p 00000000 00:00 0 
7f1f84000000-7f1f843dc000 rw-p 00000000 00:00 0 
7f1f843dc000-7f1f88000000 ---p 00000000 00:00 0 
7f1f88000000-7f1f88021000 rw-p 00000000 00:00 0 
7f1f88021000-7f1f8c000000 ---p 00000000 00:00 0 
7f1f8c000000-7f1f8c021000 rw-p 00000000 00:00 0 
7f1f8c021000-7f1f90000000 ---p 00000000 00:00 0 
7f1f90000000-7f1f90289000 rw-p 00000000 00:00 0 
7f1f90289000-7f1f94000000 ---p 00000000 00:00 0 
7f1f94000000-7f1f94021000 rw-p 00000000 00:00 0 
7f1f94021000-7f1f98000000 ---p 00000000 00:00 0 
7f1f98000000-7f1f98021000 rw-p 00000000 00:00 0 
7f1f98021000-7f1f9c000000 ---p 00000000 00:00 0 
7f1f9c000000-7f1f9c021000 rw-p 00000000 00:00 0 
7f1f9c021000-7f1fa0000000 ---p 00000000 00:00 0 
7f1fa0000000-7f1fa0021000 rw-p 00000000 00:00 0 
7f1fa0021000-7f1fa4000000 ---p 00000000 00:00 0 
7f1fa4000000-7f1fa4021000 rw-p 00000000 00:00 0 
7f1fa4021000-7f1fa8000000 ---p 00000000 00:00 0 
7f1fa8000000-7f1fa8021000 rw-p 00000000 00:00 0 
7f1fa8021000-7f1fac000000 ---p 00000000 00:00 0 
7f1fad6f3000-7f1fad6f4000 ---p 00000000 00:00 0 
7f1fad6f4000-7f1fad7f5000 rw-p 00000000 00:00 0 
7f1fad7f5000-7f1fad7f6000 ---p 00000000 00:00 0 
7f1fad7f6000-7f1fad8f7000 rw-p 00000000 00:00 0 
7f1fad8f7000-7f1fad8f8000 ---p 00000000 00:00 0 
7f1fad8f8000-7f1fad9f9000 rw-p 00000000 00:00 0 
7f1fad9f9000-7f1fad9fd000 ---p 00000000 00:00 0 
7f1fad9fd000-7f1fadafa000 rw-p 00000000 00:00 0 
7f1fadafa000-7f1fadafe000 ---p 00000000 00:00 0 
7f1fadafe000-7f1fadbfb000 rw-p 00000000 00:00 0 
7f1fadbfb000-7f1fadbff000 ---p 00000000 00:00 0 
7f1fadbff000-7f1fadcfc000 rw-p 00000000 00:00 0 
7f1fadcfc000-7f1fadd00000 ---p 00000000 00:00 0 
7f1fadd00000-7f1faddfd000 rw-p 00000000 00:00 0 
7f1faddfd000-7f1faddfe000 ---p 00000000 00:00 0 
7f1faddfe000-7f1fadeff000 rw-p 00000000 00:00 0 
7f1fadeff000-7f1fadf03000 ---p 00000000 00:00 0 
7f1fadf03000-7f1fb0000000 rw-p 00000000 00:00 0 
7f1fb0000000-7f1fb0021000 rw-p 00000000 00:00 0 
7f1fb0021000-7f1fb4000000 ---p 00000000 00:00 0 
7f1fb404d000-7f1fb4051000 ---p 00000000 00:00 0 
7f1fb4051000-7f1fb414e000 rw-p 00000000 00:00 0 
7f1fb414e000-7f1fb4152000 ---p 00000000 00:00 0 
7f1fb4152000-7f1fb424f000 rw-p 00000000 00:00 0 
7f1fb424f000-7f1fb4253000 ---p 00000000 00:00 0 
7f1fb4253000-7f1fb4738000 rw-p 00000000 00:00 0 
7f1fb4738000-7f1fb71a0000 ---p 00000000 00:00 0 
7f1fb71a0000-7f1fb71a8000 rw-p 00000000 00:00 0 
7f1fb71a8000-7f1fb81a8000 ---p 00000000 00:00 0 
7f1fb81a8000-7f1fb8590000 rw-p 00000000 00:00 0 
7f1fb8590000-7f1fbaff8000 ---p 00000000 00:00 0 
7f1fbaff8000-7f1fbb000000 rw-p 00000000 00:00 0 
7f1fbb000000-7f1fbc000000 ---p 00000000 00:00 0 
7f1fbc000000-7f1fbc021000 rw-p 00000000 00:00 0 
7f1fbc021000-7f1fc0000000 ---p 00000000 00:00 0 
7f1fc0088000-7f1fc008c000 ---p 00000000 00:00 0 
7f1fc008c000-7f1fc00aa000 rw-p 00000000 00:00 0 
7f1fc00aa000-7f1fc00ac000 r--p 00000000 08:06 17912                      /usr/lib/jvm/java-11-openjdk-amd64/lib/libmanagement_ext.so
7f1fc00ac000-7f1fc00af000 r-xp 00002000 08:06 17912                      /usr/lib/jvm/java-11-openjdk-amd64/lib/libmanagement_ext.so
7f1fc00af000-7f1fc00b0000 r--p 00005000 08:06 17912                      /usr/lib/jvm/java-11-openjdk-amd64/lib/libmanagement_ext.so
7f1fc00b0000-7f1fc00b1000 ---p 00006000 08:06 17912                      /usr/lib/jvm/java-11-openjdk-amd64/lib/libmanagement_ext.so
7f1fc00b1000-7f1fc00b2000 r--p 00006000 08:06 17912                      /usr/lib/jvm/java-11-openjdk-amd64/lib/libmanagement_ext.so
7f1fc00b2000-7f1fc00b3000 rw-p 00007000 08:06 17912                      /usr/lib/jvm/java-11-openjdk-amd64/lib/libmanagement_ext.so
7f1fc00b3000-7f1fc00b6000 r--p 00000000 08:06 17910                      /usr/lib/jvm/java-11-openjdk-amd64/lib/libmanagement.so
7f1fc00b6000-7f1fc00b7000 r-xp 00003000 08:06 17910                      /usr/lib/jvm/java-11-openjdk-amd64/lib/libmanagement.so
7f1fc00b7000-7f1fc00b8000 r--p 00004000 08:06 17910                      /usr/lib/jvm/java-11-openjdk-amd64/lib/libmanagement.so
7f1fc00b8000-7f1fc00b9000 r--p 00004000 08:06 17910                      /usr/lib/jvm/java-11-openjdk-amd64/lib/libmanagement.so
7f1fc00b9000-7f1fc00ba000 rw-p 00005000 08:06 17910                      /usr/lib/jvm/java-11-openjdk-amd64/lib/libmanagement.so
7f1fc00ba000-7f1fc00be000 r--p 00000000 08:06 17914                      /usr/lib/jvm/java-11-openjdk-amd64/lib/libnet.so
7f1fc00be000-7f1fc00cd000 r-xp 00004000 08:06 17914                      /usr/lib/jvm/java-11-openjdk-amd64/lib/libnet.so
7f1fc00cd000-7f1fc00d1000 r--p 00013000 08:06 17914                      /usr/lib/jvm/java-11-openjdk-amd64/lib/libnet.so
7f1fc00d1000-7f1fc00d2000 r--p 00016000 08:06 17914                      /usr/lib/jvm/java-11-openjdk-amd64/lib/libnet.so
7f1fc00d2000-7f1fc00d3000 rw-p 00017000 08:06 17914                      /usr/lib/jvm/java-11-openjdk-amd64/lib/libnet.so
7f1fc00d3000-7f1fc00d7000 ---p 00000000 00:00 0 
7f1fc00d7000-7f1fc01d4000 rw-p 00000000 00:00 0 
7f1fc01d4000-7f1fc0798000 r--p 00000000 08:06 684211                     /usr/lib/locale/locale-archive
7f1fc0798000-7f1fc079c000 ---p 00000000 00:00 0 
7f1fc079c000-7f1fc0899000 rw-p 00000000 00:00 0 
7f1fc0899000-7f1fc0b09000 rwxp 00000000 00:00 0 
7f1fc0b09000-7f1fc0e29000 ---p 00000000 00:00 0 
7f1fc0e29000-7f1fc1099000 rwxp 00000000 00:00 0 
7f1fc1099000-7f1fc8361000 ---p 00000000 00:00 0 
7f1fc8361000-7f1fc85d1000 rwxp 00000000 00:00 0 
7f1fc85d1000-7f1fcf899000 ---p 00000000 00:00 0 
7f1fcf899000-7f1fd8000000 r--s 00000000 08:06 17924                      /usr/lib/jvm/java-11-openjdk-amd64/lib/modules
7f1fd8000000-7f1fd8727000 rw-p 00000000 00:00 0 
7f1fd8727000-7f1fdc000000 ---p 00000000 00:00 0 
7f1fdc006000-7f1fdc00d000 r--p 00000000 08:06 17915                      /usr/lib/jvm/java-11-openjdk-amd64/lib/libnio.so
7f1fdc00d000-7f1fdc015000 r-xp 00007000 08:06 17915                      /usr/lib/jvm/java-11-openjdk-amd64/lib/libnio.so
7f1fdc015000-7f1fdc018000 r--p 0000f000 08:06 17915                      /usr/lib/jvm/java-11-openjdk-amd64/lib/libnio.so
7f1fdc018000-7f1fdc019000 r--p 00011000 08:06 17915                      /usr/lib/jvm/java-11-openjdk-amd64/lib/libnio.so
7f1fdc019000-7f1fdc01a000 rw-p 00012000 08:06 17915                      /usr/lib/jvm/java-11-openjdk-amd64/lib/libnio.so
7f1fdc01a000-7f1fdc01e000 ---p 00000000 00:00 0 
7f1fdc01e000-7f1fdc11b000 rw-p 00000000 00:00 0 
7f1fdc11b000-7f1fdc11c000 ---p 00000000 00:00 0 
7f1fdc11c000-7f1fdc839000 rw-p 00000000 00:00 0 
7f1fdc839000-7f1fdcaf9000 ---p 00000000 00:00 0 
7f1fdcaf9000-7f1fdcafa000 ---p 00000000 00:00 0 
7f1fdcafa000-7f1fdcbfb000 rw-p 00000000 00:00 0 
7f1fdcbfb000-7f1fdcbfc000 ---p 00000000 00:00 0 
7f1fdcbfc000-7f1fdd101000 rw-p 00000000 00:00 0 
7f1fdd101000-7f1fdd102000 ---p 00000000 00:00 0 
7f1fdd102000-7f1fdd203000 rw-p 00000000 00:00 0 
7f1fdd203000-7f1fdd204000 ---p 00000000 00:00 0 
7f1fdd204000-7f1fdd407000 rw-p 00000000 00:00 0 
7f1fdd407000-7f1fdd954000 ---p 00000000 00:00 0 
7f1fdd954000-7f1fdd955000 rw-p 00000000 00:00 0 
7f1fdd955000-7f1fddb55000 ---p 00000000 00:00 0 
7f1fddb55000-7f1fddbd2000 rw-p 00000000 00:00 0 
7f1fddbd2000-7f1fde11f000 ---p 00000000 00:00 0 
7f1fde11f000-7f1fde120000 rw-p 00000000 00:00 0 
7f1fde120000-7f1fde320000 ---p 00000000 00:00 0 
7f1fde320000-7f1fde39d000 rw-p 00000000 00:00 0 
7f1fde39d000-7f1fde8ea000 ---p 00000000 00:00 0 
7f1fde8ea000-7f1fde8eb000 rw-p 00000000 00:00 0 
7f1fde8eb000-7f1fdeaeb000 ---p 00000000 00:00 0 
7f1fdeaeb000-7f1fdeeef000 rw-p 00000000 00:00 0 
7f1fdeeef000-7f1fdeef0000 ---p 00000000 00:00 0 
7f1fdeef0000-7f1fdeff6000 rw-p 00000000 00:00 0 
7f1fdeff6000-7f1fdf0dc000 ---p 00000000 00:00 0 
7f1fdf0dc000-7f1fdf0e1000 rw-p 00000000 00:00 0 
7f1fdf0e1000-7f1fdf1c7000 ---p 00000000 00:00 0 
7f1fdf1c7000-7f1fdf1cc000 rw-p 00000000 00:00 0 
7f1fdf1cc000-7f1fdf1d3000 ---p 00000000 00:00 0 
7f1fdf1d3000-7f1fdf1d5000 r--s 0000c000 08:06 938845                     /usr/share/java/java-atk-wrapper.jar
7f1fdf1d5000-7f1fdf1d8000 r--p 00000000 08:06 657553                     /usr/lib/x86_64-linux-gnu/libnss_files-2.31.so
7f1fdf1d8000-7f1fdf1df000 r-xp 00003000 08:06 657553                     /usr/lib/x86_64-linux-gnu/libnss_files-2.31.so
7f1fdf1df000-7f1fdf1e1000 r--p 0000a000 08:06 657553                     /usr/lib/x86_64-linux-gnu/libnss_files-2.31.so
7f1fdf1e1000-7f1fdf1e2000 r--p 0000b000 08:06 657553                     /usr/lib/x86_64-linux-gnu/libnss_files-2.31.so
7f1fdf1e2000-7f1fdf1e3000 rw-p 0000c000 08:06 657553                     /usr/lib/x86_64-linux-gnu/libnss_files-2.31.so
7f1fdf1e3000-7f1fdf1e9000 rw-p 00000000 00:00 0 
7f1fdf1e9000-7f1fdf1eb000 r--p 00000000 08:06 17923                      /usr/lib/jvm/java-11-openjdk-amd64/lib/libzip.so
7f1fdf1eb000-7f1fdf1ef000 r-xp 00002000 08:06 17923                      /usr/lib/jvm/java-11-openjdk-amd64/lib/libzip.so
7f1fdf1ef000-7f1fdf1f1000 r--p 00006000 08:06 17923                      /usr/lib/jvm/java-11-openjdk-amd64/lib/libzip.so
7f1fdf1f1000-7f1fdf1f2000 r--p 00007000 08:06 17923                      /usr/lib/jvm/java-11-openjdk-amd64/lib/libzip.so
7f1fdf1f2000-7f1fdf1f3000 rw-p 00008000 08:06 17923                      /usr/lib/jvm/java-11-openjdk-amd64/lib/libzip.so
7f1fdf1f3000-7f1fdf1fb000 rw-s 00000000 08:06 532013                     /tmp/hsperfdata_root/16256
7f1fdf1fb000-7f1fdf1fc000 ---p 00000000 00:00 0 
7f1fdf1fc000-7f1fdf1fd000 r--p 00000000 00:00 0 
7f1fdf1fd000-7f1fdf1ff000 r--p 00000000 08:06 17906                      /usr/lib/jvm/java-11-openjdk-amd64/lib/libjimage.so
7f1fdf1ff000-7f1fdf202000 r-xp 00002000 08:06 17906                      /usr/lib/jvm/java-11-openjdk-amd64/lib/libjimage.so
7f1fdf202000-7f1fdf203000 r--p 00005000 08:06 17906                      /usr/lib/jvm/java-11-openjdk-amd64/lib/libjimage.so
7f1fdf203000-7f1fdf204000 ---p 00006000 08:06 17906                      /usr/lib/jvm/java-11-openjdk-amd64/lib/libjimage.so
7f1fdf204000-7f1fdf205000 r--p 00006000 08:06 17906                      /usr/lib/jvm/java-11-openjdk-amd64/lib/libjimage.so
7f1fdf205000-7f1fdf206000 rw-p 00007000 08:06 17906                      /usr/lib/jvm/java-11-openjdk-amd64/lib/libjimage.so
7f1fdf206000-7f1fdf214000 r--p 00000000 08:06 17902                      /usr/lib/jvm/java-11-openjdk-amd64/lib/libjava.so
7f1fdf214000-7f1fdf22a000 r-xp 0000e000 08:06 17902                      /usr/lib/jvm/java-11-openjdk-amd64/lib/libjava.so
7f1fdf22a000-7f1fdf231000 r--p 00024000 08:06 17902                      /usr/lib/jvm/java-11-openjdk-amd64/lib/libjava.so
7f1fdf231000-7f1fdf232000 r--p 0002a000 08:06 17902                      /usr/lib/jvm/java-11-openjdk-amd64/lib/libjava.so
7f1fdf232000-7f1fdf233000 rw-p 0002b000 08:06 17902                      /usr/lib/jvm/java-11-openjdk-amd64/lib/libjava.so
7f1fdf233000-7f1fdf234000 rw-p 00000000 00:00 0 
7f1fdf234000-7f1fdf237000 r--p 00000000 08:06 657564                     /usr/lib/x86_64-linux-gnu/librt-2.31.so
7f1fdf237000-7f1fdf23b000 r-xp 00003000 08:06 657564                     /usr/lib/x86_64-linux-gnu/librt-2.31.so
7f1fdf23b000-7f1fdf23c000 r--p 00007000 08:06 657564                     /usr/lib/x86_64-linux-gnu/librt-2.31.so
7f1fdf23c000-7f1fdf23d000 ---p 00008000 08:06 657564                     /usr/lib/x86_64-linux-gnu/librt-2.31.so
7f1fdf23d000-7f1fdf23e000 r--p 00008000 08:06 657564                     /usr/lib/x86_64-linux-gnu/librt-2.31.so
7f1fdf23e000-7f1fdf23f000 rw-p 00009000 08:06 657564                     /usr/lib/x86_64-linux-gnu/librt-2.31.so
7f1fdf23f000-7f1fdf243000 ---p 00000000 00:00 0 
7f1fdf243000-7f1fdf340000 rw-p 00000000 00:00 0 
7f1fdf340000-7f1fdf343000 r--p 00000000 08:06 657536                     /usr/lib/x86_64-linux-gnu/libgcc_s.so.1
7f1fdf343000-7f1fdf355000 r-xp 00003000 08:06 657536                     /usr/lib/x86_64-linux-gnu/libgcc_s.so.1
7f1fdf355000-7f1fdf359000 r--p 00015000 08:06 657536                     /usr/lib/x86_64-linux-gnu/libgcc_s.so.1
7f1fdf359000-7f1fdf35a000 r--p 00018000 08:06 657536                     /usr/lib/x86_64-linux-gnu/libgcc_s.so.1
7f1fdf35a000-7f1fdf35b000 rw-p 00019000 08:06 657536                     /usr/lib/x86_64-linux-gnu/libgcc_s.so.1
7f1fdf35b000-7f1fdf36a000 r--p 00000000 08:06 657547                     /usr/lib/x86_64-linux-gnu/libm-2.31.so
7f1fdf36a000-7f1fdf411000 r-xp 0000f000 08:06 657547                     /usr/lib/x86_64-linux-gnu/libm-2.31.so
7f1fdf411000-7f1fdf4a8000 r--p 000b6000 08:06 657547                     /usr/lib/x86_64-linux-gnu/libm-2.31.so
7f1fdf4a8000-7f1fdf4a9000 r--p 0014c000 08:06 657547                     /usr/lib/x86_64-linux-gnu/libm-2.31.so
7f1fdf4a9000-7f1fdf4aa000 rw-p 0014d000 08:06 657547                     /usr/lib/x86_64-linux-gnu/libm-2.31.so
7f1fdf4aa000-7f1fdf540000 r--p 00000000 08:06 657539                     /usr/lib/x86_64-linux-gnu/libstdc++.so.6.0.28
7f1fdf540000-7f1fdf630000 r-xp 00096000 08:06 657539                     /usr/lib/x86_64-linux-gnu/libstdc++.so.6.0.28
7f1fdf630000-7f1fdf679000 r--p 00186000 08:06 657539                     /usr/lib/x86_64-linux-gnu/libstdc++.so.6.0.28
7f1fdf679000-7f1fdf67a000 ---p 001cf000 08:06 657539                     /usr/lib/x86_64-linux-gnu/libstdc++.so.6.0.28
7f1fdf67a000-7f1fdf685000 r--p 001cf000 08:06 657539                     /usr/lib/x86_64-linux-gnu/libstdc++.so.6.0.28
7f1fdf685000-7f1fdf688000 rw-p 001da000 08:06 657539                     /usr/lib/x86_64-linux-gnu/libstdc++.so.6.0.28
7f1fdf688000-7f1fdf68b000 rw-p 00000000 00:00 0 
7f1fdf68b000-7f1fdf904000 r--p 00000000 08:06 17929                      /usr/lib/jvm/java-11-openjdk-amd64/lib/server/libjvm.so
7f1fdf904000-7f1fe0581000 r-xp 00279000 08:06 17929                      /usr/lib/jvm/java-11-openjdk-amd64/lib/server/libjvm.so
7f1fe0581000-7f1fe07d7000 r--p 00ef6000 08:06 17929                      /usr/lib/jvm/java-11-openjdk-amd64/lib/server/libjvm.so
7f1fe07d7000-7f1fe0898000 r--p 0114b000 08:06 17929                      /usr/lib/jvm/java-11-openjdk-amd64/lib/server/libjvm.so
7f1fe0898000-7f1fe08d3000 rw-p 0120c000 08:06 17929                      /usr/lib/jvm/java-11-openjdk-amd64/lib/server/libjvm.so
7f1fe08d3000-7f1fe092c000 rw-p 00000000 00:00 0 
7f1fe092c000-7f1fe0933000 r--p 00000000 08:06 657562                     /usr/lib/x86_64-linux-gnu/libpthread-2.31.so
7f1fe0933000-7f1fe0944000 r-xp 00007000 08:06 657562                     /usr/lib/x86_64-linux-gnu/libpthread-2.31.so
7f1fe0944000-7f1fe0949000 r--p 00018000 08:06 657562                     /usr/lib/x86_64-linux-gnu/libpthread-2.31.so
7f1fe0949000-7f1fe094a000 r--p 0001c000 08:06 657562                     /usr/lib/x86_64-linux-gnu/libpthread-2.31.so
7f1fe094a000-7f1fe094b000 rw-p 0001d000 08:06 657562                     /usr/lib/x86_64-linux-gnu/libpthread-2.31.so
7f1fe094b000-7f1fe094f000 rw-p 00000000 00:00 0 
7f1fe094f000-7f1fe0950000 r--p 00000000 08:06 657546                     /usr/lib/x86_64-linux-gnu/libdl-2.31.so
7f1fe0950000-7f1fe0952000 r-xp 00001000 08:06 657546                     /usr/lib/x86_64-linux-gnu/libdl-2.31.so
7f1fe0952000-7f1fe0953000 r--p 00003000 08:06 657546                     /usr/lib/x86_64-linux-gnu/libdl-2.31.so
7f1fe0953000-7f1fe0954000 r--p 00003000 08:06 657546                     /usr/lib/x86_64-linux-gnu/libdl-2.31.so
7f1fe0954000-7f1fe0955000 rw-p 00004000 08:06 657546                     /usr/lib/x86_64-linux-gnu/libdl-2.31.so
7f1fe0955000-7f1fe0957000 r--p 00000000 08:06 655555                     /usr/lib/x86_64-linux-gnu/libz.so.1.2.11
7f1fe0957000-7f1fe0968000 r-xp 00002000 08:06 655555                     /usr/lib/x86_64-linux-gnu/libz.so.1.2.11
7f1fe0968000-7f1fe096e000 r--p 00013000 08:06 655555                     /usr/lib/x86_64-linux-gnu/libz.so.1.2.11
7f1fe096e000-7f1fe096f000 ---p 00019000 08:06 655555                     /usr/lib/x86_64-linux-gnu/libz.so.1.2.11
7f1fe096f000-7f1fe0970000 r--p 00019000 08:06 655555                     /usr/lib/x86_64-linux-gnu/libz.so.1.2.11
7f1fe0970000-7f1fe0971000 rw-p 0001a000 08:06 655555                     /usr/lib/x86_64-linux-gnu/libz.so.1.2.11
7f1fe0971000-7f1fe0996000 r--p 00000000 08:06 657545                     /usr/lib/x86_64-linux-gnu/libc-2.31.so
7f1fe0996000-7f1fe0b0e000 r-xp 00025000 08:06 657545                     /usr/lib/x86_64-linux-gnu/libc-2.31.so
7f1fe0b0e000-7f1fe0b58000 r--p 0019d000 08:06 657545                     /usr/lib/x86_64-linux-gnu/libc-2.31.so
7f1fe0b58000-7f1fe0b59000 ---p 001e7000 08:06 657545                     /usr/lib/x86_64-linux-gnu/libc-2.31.so
7f1fe0b59000-7f1fe0b5c000 r--p 001e7000 08:06 657545                     /usr/lib/x86_64-linux-gnu/libc-2.31.so
7f1fe0b5c000-7f1fe0b5f000 rw-p 001ea000 08:06 657545                     /usr/lib/x86_64-linux-gnu/libc-2.31.so
7f1fe0b5f000-7f1fe0b63000 rw-p 00000000 00:00 0 
7f1fe0b63000-7f1fe0b68000 r--p 00000000 08:06 17922                      /usr/lib/jvm/java-11-openjdk-amd64/lib/libverify.so
7f1fe0b68000-7f1fe0b6f000 r-xp 00005000 08:06 17922                      /usr/lib/jvm/java-11-openjdk-amd64/lib/libverify.so
7f1fe0b6f000-7f1fe0b71000 r--p 0000c000 08:06 17922                      /usr/lib/jvm/java-11-openjdk-amd64/lib/libverify.so
7f1fe0b71000-7f1fe0b72000 ---p 0000e000 08:06 17922                      /usr/lib/jvm/java-11-openjdk-amd64/lib/libverify.so
7f1fe0b72000-7f1fe0b74000 r--p 0000e000 08:06 17922                      /usr/lib/jvm/java-11-openjdk-amd64/lib/libverify.so
7f1fe0b74000-7f1fe0b75000 rw-p 00010000 08:06 17922                      /usr/lib/jvm/java-11-openjdk-amd64/lib/libverify.so
7f1fe0b75000-7f1fe0b78000 r--p 00000000 08:06 17886                      /usr/lib/jvm/java-11-openjdk-amd64/lib/jli/libjli.so
7f1fe0b78000-7f1fe0b82000 r-xp 00003000 08:06 17886                      /usr/lib/jvm/java-11-openjdk-amd64/lib/jli/libjli.so
7f1fe0b82000-7f1fe0b85000 r--p 0000d000 08:06 17886                      /usr/lib/jvm/java-11-openjdk-amd64/lib/jli/libjli.so
7f1fe0b85000-7f1fe0b86000 ---p 00010000 08:06 17886                      /usr/lib/jvm/java-11-openjdk-amd64/lib/jli/libjli.so
7f1fe0b86000-7f1fe0b87000 r--p 00010000 08:06 17886                      /usr/lib/jvm/java-11-openjdk-amd64/lib/jli/libjli.so
7f1fe0b87000-7f1fe0b88000 rw-p 00011000 08:06 17886                      /usr/lib/jvm/java-11-openjdk-amd64/lib/jli/libjli.so
7f1fe0b88000-7f1fe0b8a000 rw-p 00000000 00:00 0 
7f1fe0b8a000-7f1fe0b8b000 r--p 00000000 08:06 657541                     /usr/lib/x86_64-linux-gnu/ld-2.31.so
7f1fe0b8b000-7f1fe0bae000 r-xp 00001000 08:06 657541                     /usr/lib/x86_64-linux-gnu/ld-2.31.so
7f1fe0bae000-7f1fe0bb6000 r--p 00024000 08:06 657541                     /usr/lib/x86_64-linux-gnu/ld-2.31.so
7f1fe0bb7000-7f1fe0bb8000 r--p 0002c000 08:06 657541                     /usr/lib/x86_64-linux-gnu/ld-2.31.so
7f1fe0bb8000-7f1fe0bb9000 rw-p 0002d000 08:06 657541                     /usr/lib/x86_64-linux-gnu/ld-2.31.so
7f1fe0bb9000-7f1fe0bba000 rw-p 00000000 00:00 0 
7ffefed96000-7ffefedb7000 rw-p 00000000 00:00 0                          [stack]
7ffefede0000-7ffefede4000 r--p 00000000 00:00 0                          [vvar]
7ffefede4000-7ffefede6000 r-xp 00000000 00:00 0                          [vdso]
ffffffffff600000-ffffffffff601000 --xp 00000000 00:00 0                  [vsyscall]


VM Arguments:
java_command: /home/johannes/dev/camunda-alanda-setup/com.alanda.process.services/target/surefire/surefirebooter14665982868443951044.jar /home/johannes/dev/camunda-alanda-setup/com.alanda.process.services/target/surefire 2021-01-10T23-14-44_933-jvmRun1 surefire5071483533829136156tmp surefire_013106704028396834142tmp
java_class_path (initial): /home/johannes/dev/camunda-alanda-setup/com.alanda.process.services/target/surefire/surefirebooter14665982868443951044.jar
Launcher Type: SUN_STANDARD

[Global flags]
     intx CICompilerCount                          = 3                                         {product} {ergonomic}
     uint ConcGCThreads                            = 1                                         {product} {ergonomic}
     uint G1ConcRefinementThreads                  = 4                                         {product} {ergonomic}
   size_t G1HeapRegionSize                         = 1048576                                   {product} {ergonomic}
    uintx GCDrainStackTargetSize                   = 64                                        {product} {ergonomic}
   size_t InitialHeapSize                          = 262144000                                 {product} {ergonomic}
   size_t MarkStackSize                            = 4194304                                   {product} {ergonomic}
   size_t MaxHeapSize                              = 4183818240                                {product} {ergonomic}
   size_t MaxNewSize                               = 2510290944                                {product} {ergonomic}
   size_t MinHeapDeltaBytes                        = 1048576                                   {product} {ergonomic}
    uintx NonNMethodCodeHeapSize                   = 5830732                                {pd product} {ergonomic}
    uintx NonProfiledCodeHeapSize                  = 122913754                              {pd product} {ergonomic}
    uintx ProfiledCodeHeapSize                     = 122913754                              {pd product} {ergonomic}
    uintx ReservedCodeCacheSize                    = 251658240                              {pd product} {ergonomic}
     bool SegmentedCodeCache                       = true                                      {product} {ergonomic}
     bool UseCompressedClassPointers               = true                                 {lp64_product} {ergonomic}
     bool UseCompressedOops                        = true                                 {lp64_product} {ergonomic}
     bool UseG1GC                                  = true                                      {product} {ergonomic}

Logging:
Log output configuration:
 #0: stdout all=warning uptime,level,tags
 #1: stderr all=off uptime,level,tags

Environment Variables:
JAVA_HOME=/usr/lib/jvm/java-11-openjdk-amd64
PATH=/usr/lib/jvm/java-11-openjdk-amd64/bin:/usr/local/sbin:/usr/local/bin:/usr/sbin:/usr/bin:/sbin:/bin:/snap/bin
SHELL=/bin/bash
DISPLAY=:0
LANG=en_US.UTF-8

Signal Handlers:
SIGSEGV: [libjvm.so+0xe824c0], sa_mask[0]=11111111011111111101111111111110, sa_flags=SA_RESTART|SA_SIGINFO
SIGBUS: [libjvm.so+0xe824c0], sa_mask[0]=11111111011111111101111111111110, sa_flags=SA_RESTART|SA_SIGINFO
SIGFPE: [libjvm.so+0xe824c0], sa_mask[0]=11111111011111111101111111111110, sa_flags=SA_RESTART|SA_SIGINFO
SIGPIPE: [libjvm.so+0xbc8ee0], sa_mask[0]=11111111011111111101111111111110, sa_flags=SA_RESTART|SA_SIGINFO
SIGXFSZ: [libjvm.so+0xbc8ee0], sa_mask[0]=11111111011111111101111111111110, sa_flags=SA_RESTART|SA_SIGINFO
SIGILL: [libjvm.so+0xe824c0], sa_mask[0]=11111111011111111101111111111110, sa_flags=SA_RESTART|SA_SIGINFO
SIGUSR2: [libjvm.so+0xbc8d80], sa_mask[0]=00100000000000000000000000000000, sa_flags=SA_RESTART|SA_SIGINFO
SIGHUP: [libjvm.so+0xbc9220], sa_mask[0]=11111111011111111101111111111110, sa_flags=SA_RESTART|SA_SIGINFO
SIGINT: [libjvm.so+0xbc9220], sa_mask[0]=11111111011111111101111111111110, sa_flags=SA_RESTART|SA_SIGINFO
SIGTERM: [libjvm.so+0xbc9220], sa_mask[0]=11111111011111111101111111111110, sa_flags=SA_RESTART|SA_SIGINFO
SIGQUIT: [libjvm.so+0xbc9220], sa_mask[0]=11111111011111111101111111111110, sa_flags=SA_RESTART|SA_SIGINFO


---------------  S Y S T E M  ---------------

OS:DISTRIB_ID=Ubuntu
DISTRIB_RELEASE=20.04
DISTRIB_CODENAME=focal
DISTRIB_DESCRIPTION="Ubuntu 20.04.1 LTS"
uname:Linux 5.8.0-36-generic #40~20.04.1-Ubuntu SMP Wed Jan 6 10:15:55 UTC 2021 x86_64
OS uptime: 0 days 0:34 hours
libc:glibc 2.31 NPTL 2.31 
rlimit (soft/hard): STACK 8192k/infinity , CORE 0k/infinity , NPROC 63611/63611 , NOFILE 1048576/1048576 , AS infinity/infinity , CPU infinity/infinity , DATA infinity/infinity , FSIZE infinity/infinity , MEMLOCK 65536k/65536k
load average:0,85 1,33 1,57

/proc/meminfo:
MemTotal:       16342992 kB
MemFree:         4689732 kB
MemAvailable:   10082356 kB
Buffers:          152532 kB
Cached:          5513252 kB
SwapCached:            0 kB
Active:          7395792 kB
Inactive:        3662568 kB
Active(anon):    5380004 kB
Inactive(anon):   183036 kB
Active(file):    2015788 kB
Inactive(file):  3479532 kB
Unevictable:          80 kB
Mlocked:              80 kB
SwapTotal:        878160 kB
SwapFree:         878160 kB
Dirty:             71220 kB
Writeback:             0 kB
AnonPages:       5392720 kB
Mapped:          1359640 kB
Shmem:            190340 kB
KReclaimable:     233296 kB
Slab:             407440 kB
SReclaimable:     233296 kB
SUnreclaim:       174144 kB
KernelStack:       20036 kB
PageTables:        57516 kB
NFS_Unstable:          0 kB
Bounce:                0 kB
WritebackTmp:          0 kB
CommitLimit:     9049656 kB
Committed_AS:   15680868 kB
VmallocTotal:   34359738367 kB
VmallocUsed:       37152 kB
VmallocChunk:          0 kB
Percpu:             4608 kB
HardwareCorrupted:     0 kB
AnonHugePages:         0 kB
ShmemHugePages:        0 kB
ShmemPmdMapped:        0 kB
FileHugePages:         0 kB
FilePmdMapped:         0 kB
HugePages_Total:       0
HugePages_Free:        0
HugePages_Rsvd:        0
HugePages_Surp:        0
Hugepagesize:       2048 kB
Hugetlb:               0 kB
DirectMap4k:      414288 kB
DirectMap2M:    13162496 kB
DirectMap1G:     4194304 kB

/sys/kernel/mm/transparent_hugepage/enabled:
always [madvise] never
/sys/kernel/mm/transparent_hugepage/defrag (defrag/compaction efforts parameter):
always defer defer+madvise [madvise] never

/proc/sys/kernel/threads-max (system-wide limit on the number of threads):
127223
/proc/sys/vm/max_map_count (maximum number of memory map areas a process may have):
65530
/proc/sys/kernel/pid_max (system-wide limit on number of process identifiers):
4194304

container (cgroup) information:
container_type: cgroupv1
cpu_cpuset_cpus: 0-3
cpu_memory_nodes: 0
active_processor_count: 4
cpu_quota: -1
cpu_period: 100000
cpu_shares: -1
memory_limit_in_bytes: -1
memory_and_swap_limit_in_bytes: -1
memory_soft_limit_in_bytes: -1
memory_usage_in_bytes: 7440490496
memory_max_usage_in_bytes: 7942844416

Steal ticks since vm start: 0
Steal ticks percentage since vm start:  0,000

CPU:total 4 (initial active 4) (4 cores per cpu, 1 threads per core) family 6 model 60 stepping 3, cmov, cx8, fxsr, mmx, sse, sse2, sse3, ssse3, sse4.1, sse4.2, popcnt, avx, avx2, aes, clmul, erms, lzcnt, tsc, tscinvbit, bmi1, bmi2, fma
CPU Model and flags from /proc/cpuinfo:
model name	: Intel(R) Core(TM) i5-4690K CPU @ 3.50GHz
flags		: fpu vme de pse tsc msr pae mce cx8 apic sep mtrr pge mca cmov pat pse36 clflush dts acpi mmx fxsr sse sse2 ss ht tm pbe syscall nx pdpe1gb rdtscp lm constant_tsc arch_perfmon pebs bts rep_good nopl xtopology nonstop_tsc cpuid aperfmperf pni pclmulqdq dtes64 monitor ds_cpl vmx est tm2 ssse3 sdbg fma cx16 xtpr pdcm pcid sse4_1 sse4_2 x2apic movbe popcnt tsc_deadline_timer aes xsave avx f16c rdrand lahf_lm abm cpuid_fault invpcid_single pti ssbd ibrs ibpb stibp tpr_shadow vnmi flexpriority ept vpid ept_ad fsgsbase tsc_adjust bmi1 avx2 smep bmi2 erms invpcid xsaveopt dtherm ida arat pln pts md_clear flush_l1d
Online cpus:
0-3
Offline cpus:

BIOS frequency limitation:
<Not Available>
Frequency switch latency (ns):
20000
Available cpu frequencies:
<Not Available>
Current governor:
ondemand
Core performance/turbo boost:
<Not Available>

Memory: 4k page, physical 16342992k(4689732k free), swap 878160k(878160k free)

vm_info: OpenJDK 64-Bit Server VM (11.0.9.1+1-Ubuntu-0ubuntu1.20.04) for linux-amd64 JRE (11.0.9.1+1-Ubuntu-0ubuntu1.20.04), built on Nov 10 2020 04:18:42 by "unknown" with gcc 9.3.0

END.
